Determining if the include file xlocale.h exists failed with the following output:
Change Dir: /home/ilya/Рабочий стол/eltex/Sob_eltex/lib/json-c/CMakeFiles/CMakeTmp

Run Build Command(s):/usr/bin/make cmTC_08ff2/fast && /usr/bin/make -f CMakeFiles/cmTC_08ff2.dir/build.make CMakeFiles/cmTC_08ff2.dir/build
make[1]: вход в каталог «/home/ilya/Рабочий стол/eltex/Sob_eltex/lib/json-c/CMakeFiles/CMakeTmp»
Building C object CMakeFiles/cmTC_08ff2.dir/CheckIncludeFile.c.o
/usr/bin/cc -D_GNU_SOURCE  -fPIE   -o CMakeFiles/cmTC_08ff2.dir/CheckIncludeFile.c.o   -c "/home/ilya/Рабочий стол/eltex/Sob_eltex/lib/json-c/CMakeFiles/CMakeTmp/CheckIncludeFile.c"
/home/ilya/Рабочий стол/eltex/Sob_eltex/lib/json-c/CMakeFiles/CMakeTmp/CheckIncludeFile.c:1:10: fatal error: xlocale.h: Нет такого файла или каталога
    1 | #include <xlocale.h>
      |          ^~~~~~~~~~~
compilation terminated.
make[1]: *** [CMakeFiles/cmTC_08ff2.dir/build.make:66: CMakeFiles/cmTC_08ff2.dir/CheckIncludeFile.c.o] Ошибка 1
make[1]: выход из каталога «/home/ilya/Рабочий стол/eltex/Sob_eltex/lib/json-c/CMakeFiles/CMakeTmp»
make: *** [Makefile:121: cmTC_08ff2/fast] Ошибка 2



Determining if the _isnan exist failed with the following output:
Change Dir: /home/ilya/Рабочий стол/eltex/Sob_eltex/lib/json-c/CMakeFiles/CMakeTmp

Run Build Command(s):/usr/bin/make cmTC_99f56/fast && /usr/bin/make -f CMakeFiles/cmTC_99f56.dir/build.make CMakeFiles/cmTC_99f56.dir/build
make[1]: вход в каталог «/home/ilya/Рабочий стол/eltex/Sob_eltex/lib/json-c/CMakeFiles/CMakeTmp»
Building C object CMakeFiles/cmTC_99f56.dir/CheckSymbolExists.c.o
/usr/bin/cc -D_GNU_SOURCE  -fPIE   -o CMakeFiles/cmTC_99f56.dir/CheckSymbolExists.c.o   -c "/home/ilya/Рабочий стол/eltex/Sob_eltex/lib/json-c/CMakeFiles/CMakeTmp/CheckSymbolExists.c"
/home/ilya/Рабочий стол/eltex/Sob_eltex/lib/json-c/CMakeFiles/CMakeTmp/CheckSymbolExists.c: In function ‘main’:
/home/ilya/Рабочий стол/eltex/Sob_eltex/lib/json-c/CMakeFiles/CMakeTmp/CheckSymbolExists.c:8:19: error: ‘_isnan’ undeclared (first use in this function)
    8 |   return ((int*)(&_isnan))[argc];
      |                   ^~~~~~
/home/ilya/Рабочий стол/eltex/Sob_eltex/lib/json-c/CMakeFiles/CMakeTmp/CheckSymbolExists.c:8:19: note: each undeclared identifier is reported only once for each function it appears in
make[1]: *** [CMakeFiles/cmTC_99f56.dir/build.make:66: CMakeFiles/cmTC_99f56.dir/CheckSymbolExists.c.o] Ошибка 1
make[1]: выход из каталога «/home/ilya/Рабочий стол/eltex/Sob_eltex/lib/json-c/CMakeFiles/CMakeTmp»
make: *** [Makefile:121: cmTC_99f56/fast] Ошибка 2


File /home/ilya/Рабочий стол/eltex/Sob_eltex/lib/json-c/CMakeFiles/CMakeTmp/CheckSymbolExists.c:
/* */
#include <float.h>

int main(int argc, char** argv)
{
  (void)argv;
#ifndef _isnan
  return ((int*)(&_isnan))[argc];
#else
  (void)argc;
  return 0;
#endif
}
Determining if the _finite exist failed with the following output:
Change Dir: /home/ilya/Рабочий стол/eltex/Sob_eltex/lib/json-c/CMakeFiles/CMakeTmp

Run Build Command(s):/usr/bin/make cmTC_63072/fast && /usr/bin/make -f CMakeFiles/cmTC_63072.dir/build.make CMakeFiles/cmTC_63072.dir/build
make[1]: вход в каталог «/home/ilya/Рабочий стол/eltex/Sob_eltex/lib/json-c/CMakeFiles/CMakeTmp»
Building C object CMakeFiles/cmTC_63072.dir/CheckSymbolExists.c.o
/usr/bin/cc -D_GNU_SOURCE  -fPIE   -o CMakeFiles/cmTC_63072.dir/CheckSymbolExists.c.o   -c "/home/ilya/Рабочий стол/eltex/Sob_eltex/lib/json-c/CMakeFiles/CMakeTmp/CheckSymbolExists.c"
/home/ilya/Рабочий стол/eltex/Sob_eltex/lib/json-c/CMakeFiles/CMakeTmp/CheckSymbolExists.c: In function ‘main’:
/home/ilya/Рабочий стол/eltex/Sob_eltex/lib/json-c/CMakeFiles/CMakeTmp/CheckSymbolExists.c:8:19: error: ‘_finite’ undeclared (first use in this function)
    8 |   return ((int*)(&_finite))[argc];
      |                   ^~~~~~~
/home/ilya/Рабочий стол/eltex/Sob_eltex/lib/json-c/CMakeFiles/CMakeTmp/CheckSymbolExists.c:8:19: note: each undeclared identifier is reported only once for each function it appears in
make[1]: *** [CMakeFiles/cmTC_63072.dir/build.make:66: CMakeFiles/cmTC_63072.dir/CheckSymbolExists.c.o] Ошибка 1
make[1]: выход из каталога «/home/ilya/Рабочий стол/eltex/Sob_eltex/lib/json-c/CMakeFiles/CMakeTmp»
make: *** [Makefile:121: cmTC_63072/fast] Ошибка 2


File /home/ilya/Рабочий стол/eltex/Sob_eltex/lib/json-c/CMakeFiles/CMakeTmp/CheckSymbolExists.c:
/* */
#include <float.h>

int main(int argc, char** argv)
{
  (void)argv;
#ifndef _finite
  return ((int*)(&_finite))[argc];
#else
  (void)argc;
  return 0;
#endif
}
Determining if the _doprnt exist failed with the following output:
Change Dir: /home/ilya/Рабочий стол/eltex/Sob_eltex/lib/json-c/CMakeFiles/CMakeTmp

Run Build Command(s):/usr/bin/make cmTC_2a25a/fast && /usr/bin/make -f CMakeFiles/cmTC_2a25a.dir/build.make CMakeFiles/cmTC_2a25a.dir/build
make[1]: вход в каталог «/home/ilya/Рабочий стол/eltex/Sob_eltex/lib/json-c/CMakeFiles/CMakeTmp»
Building C object CMakeFiles/cmTC_2a25a.dir/CheckSymbolExists.c.o
/usr/bin/cc -D_GNU_SOURCE  -fPIE   -o CMakeFiles/cmTC_2a25a.dir/CheckSymbolExists.c.o   -c "/home/ilya/Рабочий стол/eltex/Sob_eltex/lib/json-c/CMakeFiles/CMakeTmp/CheckSymbolExists.c"
/home/ilya/Рабочий стол/eltex/Sob_eltex/lib/json-c/CMakeFiles/CMakeTmp/CheckSymbolExists.c: In function ‘main’:
/home/ilya/Рабочий стол/eltex/Sob_eltex/lib/json-c/CMakeFiles/CMakeTmp/CheckSymbolExists.c:8:19: error: ‘_doprnt’ undeclared (first use in this function)
    8 |   return ((int*)(&_doprnt))[argc];
      |                   ^~~~~~~
/home/ilya/Рабочий стол/eltex/Sob_eltex/lib/json-c/CMakeFiles/CMakeTmp/CheckSymbolExists.c:8:19: note: each undeclared identifier is reported only once for each function it appears in
make[1]: *** [CMakeFiles/cmTC_2a25a.dir/build.make:66: CMakeFiles/cmTC_2a25a.dir/CheckSymbolExists.c.o] Ошибка 1
make[1]: выход из каталога «/home/ilya/Рабочий стол/eltex/Sob_eltex/lib/json-c/CMakeFiles/CMakeTmp»
make: *** [Makefile:121: cmTC_2a25a/fast] Ошибка 2


File /home/ilya/Рабочий стол/eltex/Sob_eltex/lib/json-c/CMakeFiles/CMakeTmp/CheckSymbolExists.c:
/* */
#include <stdio.h>

int main(int argc, char** argv)
{
  (void)argv;
#ifndef _doprnt
  return ((int*)(&_doprnt))[argc];
#else
  (void)argc;
  return 0;
#endif
}
Determining if the arc4random exist failed with the following output:
Change Dir: /home/ilya/Рабочий стол/eltex/Sob_eltex/lib/json-c/CMakeFiles/CMakeTmp

Run Build Command(s):/usr/bin/make cmTC_61e86/fast && /usr/bin/make -f CMakeFiles/cmTC_61e86.dir/build.make CMakeFiles/cmTC_61e86.dir/build
make[1]: вход в каталог «/home/ilya/Рабочий стол/eltex/Sob_eltex/lib/json-c/CMakeFiles/CMakeTmp»
Building C object CMakeFiles/cmTC_61e86.dir/CheckSymbolExists.c.o
/usr/bin/cc -D_GNU_SOURCE  -fPIE   -o CMakeFiles/cmTC_61e86.dir/CheckSymbolExists.c.o   -c "/home/ilya/Рабочий стол/eltex/Sob_eltex/lib/json-c/CMakeFiles/CMakeTmp/CheckSymbolExists.c"
/home/ilya/Рабочий стол/eltex/Sob_eltex/lib/json-c/CMakeFiles/CMakeTmp/CheckSymbolExists.c: In function ‘main’:
/home/ilya/Рабочий стол/eltex/Sob_eltex/lib/json-c/CMakeFiles/CMakeTmp/CheckSymbolExists.c:8:19: error: ‘arc4random’ undeclared (first use in this function); did you mean ‘srandom’?
    8 |   return ((int*)(&arc4random))[argc];
      |                   ^~~~~~~~~~
      |                   srandom
/home/ilya/Рабочий стол/eltex/Sob_eltex/lib/json-c/CMakeFiles/CMakeTmp/CheckSymbolExists.c:8:19: note: each undeclared identifier is reported only once for each function it appears in
make[1]: *** [CMakeFiles/cmTC_61e86.dir/build.make:66: CMakeFiles/cmTC_61e86.dir/CheckSymbolExists.c.o] Ошибка 1
make[1]: выход из каталога «/home/ilya/Рабочий стол/eltex/Sob_eltex/lib/json-c/CMakeFiles/CMakeTmp»
make: *** [Makefile:121: cmTC_61e86/fast] Ошибка 2


File /home/ilya/Рабочий стол/eltex/Sob_eltex/lib/json-c/CMakeFiles/CMakeTmp/CheckSymbolExists.c:
/* */
#include <stdlib.h>

int main(int argc, char** argv)
{
  (void)argv;
#ifndef arc4random
  return ((int*)(&arc4random))[argc];
#else
  (void)argc;
  return 0;
#endif
}
Determining if the include file bsd/stdlib.h exists failed with the following output:
Change Dir: /home/ilya/Рабочий стол/eltex/Sob_eltex/lib/json-c/CMakeFiles/CMakeTmp

Run Build Command(s):/usr/bin/make cmTC_5bbd5/fast && /usr/bin/make -f CMakeFiles/cmTC_5bbd5.dir/build.make CMakeFiles/cmTC_5bbd5.dir/build
make[1]: вход в каталог «/home/ilya/Рабочий стол/eltex/Sob_eltex/lib/json-c/CMakeFiles/CMakeTmp»
Building C object CMakeFiles/cmTC_5bbd5.dir/CheckIncludeFile.c.o
/usr/bin/cc -D_GNU_SOURCE  -fPIE   -o CMakeFiles/cmTC_5bbd5.dir/CheckIncludeFile.c.o   -c "/home/ilya/Рабочий стол/eltex/Sob_eltex/lib/json-c/CMakeFiles/CMakeTmp/CheckIncludeFile.c"
/home/ilya/Рабочий стол/eltex/Sob_eltex/lib/json-c/CMakeFiles/CMakeTmp/CheckIncludeFile.c:1:10: fatal error: bsd/stdlib.h: Нет такого файла или каталога
    1 | #include <bsd/stdlib.h>
      |          ^~~~~~~~~~~~~~
compilation terminated.
make[1]: *** [CMakeFiles/cmTC_5bbd5.dir/build.make:66: CMakeFiles/cmTC_5bbd5.dir/CheckIncludeFile.c.o] Ошибка 1
make[1]: выход из каталога «/home/ilya/Рабочий стол/eltex/Sob_eltex/lib/json-c/CMakeFiles/CMakeTmp»
make: *** [Makefile:121: cmTC_5bbd5/fast] Ошибка 2



Performing C SOURCE FILE Test HAS_GNU_WARNING_LONG failed with the following output:
Change Dir: /home/ilya/Рабочий стол/eltex/Sob_eltex/lib/json-c/CMakeFiles/CMakeTmp

Run Build Command(s):/usr/bin/make cmTC_3ca97/fast && /usr/bin/make -f CMakeFiles/cmTC_3ca97.dir/build.make CMakeFiles/cmTC_3ca97.dir/build
make[1]: вход в каталог «/home/ilya/Рабочий стол/eltex/Sob_eltex/lib/json-c/CMakeFiles/CMakeTmp»
Building C object CMakeFiles/cmTC_3ca97.dir/src.c.o
/usr/bin/cc -D_GNU_SOURCE  -DHAS_GNU_WARNING_LONG -fPIE   -o CMakeFiles/cmTC_3ca97.dir/src.c.o   -c "/home/ilya/Рабочий стол/eltex/Sob_eltex/lib/json-c/CMakeFiles/CMakeTmp/src.c"
/home/ilya/Рабочий стол/eltex/Sob_eltex/lib/json-c/CMakeFiles/CMakeTmp/src.c:3:9: warning: missing terminating " character
    3 | __asm__(".section .gnu.json_object_get
      |         ^
/home/ilya/Рабочий стол/eltex/Sob_eltex/lib/json-c/CMakeFiles/CMakeTmp/src.c:3:9: error: missing terminating " character
    3 | __asm__(".section .gnu.json_object_get
      |         ^~~~~~~~~~~~~~~~~~~~~~~~~~~~~~
/home/ilya/Рабочий стол/eltex/Sob_eltex/lib/json-c/CMakeFiles/CMakeTmp/src.c:4:2: error: expected string literal before ‘.’ token
    4 |  .ascii "Please link against libjson-c instead of libjson"
      |  ^
/home/ilya/Рабочий стол/eltex/Sob_eltex/lib/json-c/CMakeFiles/CMakeTmp/src.c:5:7: warning: missing terminating " character
    5 |  .text");
      |       ^
/home/ilya/Рабочий стол/eltex/Sob_eltex/lib/json-c/CMakeFiles/CMakeTmp/src.c:5:7: error: missing terminating " character
    5 |  .text");
      |       ^~~
make[1]: *** [CMakeFiles/cmTC_3ca97.dir/build.make:66: CMakeFiles/cmTC_3ca97.dir/src.c.o] Ошибка 1
make[1]: выход из каталога «/home/ilya/Рабочий стол/eltex/Sob_eltex/lib/json-c/CMakeFiles/CMakeTmp»
make: *** [Makefile:121: cmTC_3ca97/fast] Ошибка 2


Source file was:

extern void json_object_get();
__asm__(".section .gnu.json_object_get
	.ascii "Please link against libjson-c instead of libjson"
	.text");
int main(int c, char *v) { return 0;}

Performing C SOURCE FILE Test VERSION_SCRIPT_WORKS failed with the following output:
Change Dir: /home/ilya/Рабочий стол/eltex/Sob_eltex/lib/json-c/CMakeFiles/CMakeTmp

Run Build Command(s):/usr/bin/make cmTC_9c581/fast && /usr/bin/make -f CMakeFiles/cmTC_9c581.dir/build.make CMakeFiles/cmTC_9c581.dir/build
make[1]: вход в каталог «/home/ilya/Рабочий стол/eltex/Sob_eltex/lib/json-c/CMakeFiles/CMakeTmp»
Building C object CMakeFiles/cmTC_9c581.dir/src.c.o
/usr/bin/cc -D_GNU_SOURCE  -ffunction-sections -fdata-sections -Werror -Wall -Wcast-qual -Wno-error=deprecated-declarations -Wextra -Wwrite-strings -Wno-unused-parameter -Wstrict-prototypes -DVERSION_SCRIPT_WORKS -fPIE   -o CMakeFiles/cmTC_9c581.dir/src.c.o   -c "/home/ilya/Рабочий стол/eltex/Sob_eltex/lib/json-c/CMakeFiles/CMakeTmp/src.c"
Linking C executable cmTC_9c581
/usr/bin/cmake -E cmake_link_script CMakeFiles/cmTC_9c581.dir/link.txt --verbose=1
/usr/bin/cc  -ffunction-sections -fdata-sections -Werror -Wall -Wcast-qual -Wno-error=deprecated-declarations -Wextra -Wwrite-strings -Wno-unused-parameter -Wstrict-prototypes -DVERSION_SCRIPT_WORKS    -rdynamic CMakeFiles/cmTC_9c581.dir/src.c.o  -o cmTC_9c581  -lm -Wl,--version-script,/home/ilya/Рабочий стол/eltex/Sob_eltex/lib/json-c/check-version-script.sym 
cc: error: стол/eltex/Sob_eltex/lib/json-c/check-version-script.sym: Нет такого файла или каталога
make[1]: *** [CMakeFiles/cmTC_9c581.dir/build.make:87: cmTC_9c581] Ошибка 1
make[1]: выход из каталога «/home/ilya/Рабочий стол/eltex/Sob_eltex/lib/json-c/CMakeFiles/CMakeTmp»
make: *** [Makefile:121: cmTC_9c581/fast] Ошибка 2


Source file was:

	int main (void)
	{
	  return 0;
	}
	
