The system is: Linux - 5.8.0-41-generic - x86_64
Compiling the C compiler identification source file "CMakeCCompilerId.c" succeeded.
Compiler: /usr/bin/cc 
Build flags: 
Id flags:  

The output was:
0


Compilation of the C compiler identification source "CMakeCCompilerId.c" produced "a.out"

The C compiler identification is GNU, found in "/home/ilya/Рабочий стол/eltex/Sob_eltex/lib/json-c/CMakeFiles/3.16.3/CompilerIdC/a.out"

Determining if the C compiler works passed with the following output:
Change Dir: /home/ilya/Рабочий стол/eltex/Sob_eltex/lib/json-c/CMakeFiles/CMakeTmp

Run Build Command(s):/usr/bin/make cmTC_d5eb3/fast && /usr/bin/make -f CMakeFiles/cmTC_d5eb3.dir/build.make CMakeFiles/cmTC_d5eb3.dir/build
make[1]: вход в каталог «/home/ilya/Рабочий стол/eltex/Sob_eltex/lib/json-c/CMakeFiles/CMakeTmp»
Building C object CMakeFiles/cmTC_d5eb3.dir/testCCompiler.c.o
/usr/bin/cc    -o CMakeFiles/cmTC_d5eb3.dir/testCCompiler.c.o   -c "/home/ilya/Рабочий стол/eltex/Sob_eltex/lib/json-c/CMakeFiles/CMakeTmp/testCCompiler.c"
Linking C executable cmTC_d5eb3
/usr/bin/cmake -E cmake_link_script CMakeFiles/cmTC_d5eb3.dir/link.txt --verbose=1
/usr/bin/cc      -rdynamic CMakeFiles/cmTC_d5eb3.dir/testCCompiler.c.o  -o cmTC_d5eb3 
make[1]: выход из каталога «/home/ilya/Рабочий стол/eltex/Sob_eltex/lib/json-c/CMakeFiles/CMakeTmp»



Detecting C compiler ABI info compiled with the following output:
Change Dir: /home/ilya/Рабочий стол/eltex/Sob_eltex/lib/json-c/CMakeFiles/CMakeTmp

Run Build Command(s):/usr/bin/make cmTC_d97c3/fast && /usr/bin/make -f CMakeFiles/cmTC_d97c3.dir/build.make CMakeFiles/cmTC_d97c3.dir/build
make[1]: Entering directory '/home/ilya/Рабочий стол/eltex/Sob_eltex/lib/json-c/CMakeFiles/CMakeTmp'
Building C object CMakeFiles/cmTC_d97c3.dir/CMakeCCompilerABI.c.o
/usr/bin/cc   -v -o CMakeFiles/cmTC_d97c3.dir/CMakeCCompilerABI.c.o   -c /usr/share/cmake-3.16/Modules/CMakeCCompilerABI.c
Using built-in specs.
COLLECT_GCC=/usr/bin/cc
OFFLOAD_TARGET_NAMES=nvptx-none:hsa
OFFLOAD_TARGET_DEFAULT=1
Target: x86_64-linux-gnu
Configured with: ../src/configure -v --with-pkgversion='Ubuntu 9.3.0-17ubuntu1~20.04' --with-bugurl=file:///usr/share/doc/gcc-9/README.Bugs --enable-languages=c,ada,c++,go,brig,d,fortran,objc,obj-c++,gm2 --prefix=/usr --with-gcc-major-version-only --program-suffix=-9 --program-prefix=x86_64-linux-gnu- --enable-shared --enable-linker-build-id --libexecdir=/usr/lib --without-included-gettext --enable-threads=posix --libdir=/usr/lib --enable-nls --enable-clocale=gnu --enable-libstdcxx-debug --enable-libstdcxx-time=yes --with-default-libstdcxx-abi=new --enable-gnu-unique-object --disable-vtable-verify --enable-plugin --enable-default-pie --with-system-zlib --with-target-system-zlib=auto --enable-objc-gc=auto --enable-multiarch --disable-werror --with-arch-32=i686 --with-abi=m64 --with-multilib-list=m32,m64,mx32 --enable-multilib --with-tune=generic --enable-offload-targets=nvptx-none=/build/gcc-9-HskZEa/gcc-9-9.3.0/debian/tmp-nvptx/usr,hsa --without-cuda-driver --enable-checking=release --build=x86_64-linux-gnu --host=x86_64-linux-gnu --target=x86_64-linux-gnu
Thread model: posix
gcc version 9.3.0 (Ubuntu 9.3.0-17ubuntu1~20.04) 
COLLECT_GCC_OPTIONS='-v' '-o' 'CMakeFiles/cmTC_d97c3.dir/CMakeCCompilerABI.c.o' '-c' '-mtune=generic' '-march=x86-64'
 /usr/lib/gcc/x86_64-linux-gnu/9/cc1 -quiet -v -imultiarch x86_64-linux-gnu /usr/share/cmake-3.16/Modules/CMakeCCompilerABI.c -quiet -dumpbase CMakeCCompilerABI.c -mtune=generic -march=x86-64 -auxbase-strip CMakeFiles/cmTC_d97c3.dir/CMakeCCompilerABI.c.o -version -fasynchronous-unwind-tables -fstack-protector-strong -Wformat -Wformat-security -fstack-clash-protection -fcf-protection -o /tmp/ccLRgACQ.s
GNU C17 (Ubuntu 9.3.0-17ubuntu1~20.04) version 9.3.0 (x86_64-linux-gnu)
	compiled by GNU C version 9.3.0, GMP version 6.2.0, MPFR version 4.0.2, MPC version 1.1.0, isl version isl-0.22.1-GMP

GGC heuristics: --param ggc-min-expand=100 --param ggc-min-heapsize=131072
ignoring nonexistent directory "/usr/local/include/x86_64-linux-gnu"
ignoring nonexistent directory "/usr/lib/gcc/x86_64-linux-gnu/9/include-fixed"
ignoring nonexistent directory "/usr/lib/gcc/x86_64-linux-gnu/9/../../../../x86_64-linux-gnu/include"
#include "..." search starts here:
#include <...> search starts here:
 /usr/lib/gcc/x86_64-linux-gnu/9/include
 /usr/local/include
 /usr/include/x86_64-linux-gnu
 /usr/include
End of search list.
GNU C17 (Ubuntu 9.3.0-17ubuntu1~20.04) version 9.3.0 (x86_64-linux-gnu)
	compiled by GNU C version 9.3.0, GMP version 6.2.0, MPFR version 4.0.2, MPC version 1.1.0, isl version isl-0.22.1-GMP

GGC heuristics: --param ggc-min-expand=100 --param ggc-min-heapsize=131072
Compiler executable checksum: bbf13931d8de1abe14040c9909cb6969
COLLECT_GCC_OPTIONS='-v' '-o' 'CMakeFiles/cmTC_d97c3.dir/CMakeCCompilerABI.c.o' '-c' '-mtune=generic' '-march=x86-64'
 as -v --64 -o CMakeFiles/cmTC_d97c3.dir/CMakeCCompilerABI.c.o /tmp/ccLRgACQ.s
GNU assembler version 2.34 (x86_64-linux-gnu) using BFD version (GNU Binutils for Ubuntu) 2.34
COMPILER_PATH=/usr/lib/gcc/x86_64-linux-gnu/9/:/usr/lib/gcc/x86_64-linux-gnu/9/:/usr/lib/gcc/x86_64-linux-gnu/:/usr/lib/gcc/x86_64-linux-gnu/9/:/usr/lib/gcc/x86_64-linux-gnu/
LIBRARY_PATH=/usr/lib/gcc/x86_64-linux-gnu/9/:/usr/lib/gcc/x86_64-linux-gnu/9/../../../x86_64-linux-gnu/:/usr/lib/gcc/x86_64-linux-gnu/9/../../../../lib/:/lib/x86_64-linux-gnu/:/lib/../lib/:/usr/lib/x86_64-linux-gnu/:/usr/lib/../lib/:/usr/lib/gcc/x86_64-linux-gnu/9/../../../:/lib/:/usr/lib/
COLLECT_GCC_OPTIONS='-v' '-o' 'CMakeFiles/cmTC_d97c3.dir/CMakeCCompilerABI.c.o' '-c' '-mtune=generic' '-march=x86-64'
Linking C executable cmTC_d97c3
/usr/bin/cmake -E cmake_link_script CMakeFiles/cmTC_d97c3.dir/link.txt --verbose=1
/usr/bin/cc     -v -rdynamic CMakeFiles/cmTC_d97c3.dir/CMakeCCompilerABI.c.o  -o cmTC_d97c3 
Using built-in specs.
COLLECT_GCC=/usr/bin/cc
COLLECT_LTO_WRAPPER=/usr/lib/gcc/x86_64-linux-gnu/9/lto-wrapper
OFFLOAD_TARGET_NAMES=nvptx-none:hsa
OFFLOAD_TARGET_DEFAULT=1
Target: x86_64-linux-gnu
Configured with: ../src/configure -v --with-pkgversion='Ubuntu 9.3.0-17ubuntu1~20.04' --with-bugurl=file:///usr/share/doc/gcc-9/README.Bugs --enable-languages=c,ada,c++,go,brig,d,fortran,objc,obj-c++,gm2 --prefix=/usr --with-gcc-major-version-only --program-suffix=-9 --program-prefix=x86_64-linux-gnu- --enable-shared --enable-linker-build-id --libexecdir=/usr/lib --without-included-gettext --enable-threads=posix --libdir=/usr/lib --enable-nls --enable-clocale=gnu --enable-libstdcxx-debug --enable-libstdcxx-time=yes --with-default-libstdcxx-abi=new --enable-gnu-unique-object --disable-vtable-verify --enable-plugin --enable-default-pie --with-system-zlib --with-target-system-zlib=auto --enable-objc-gc=auto --enable-multiarch --disable-werror --with-arch-32=i686 --with-abi=m64 --with-multilib-list=m32,m64,mx32 --enable-multilib --with-tune=generic --enable-offload-targets=nvptx-none=/build/gcc-9-HskZEa/gcc-9-9.3.0/debian/tmp-nvptx/usr,hsa --without-cuda-driver --enable-checking=release --build=x86_64-linux-gnu --host=x86_64-linux-gnu --target=x86_64-linux-gnu
Thread model: posix
gcc version 9.3.0 (Ubuntu 9.3.0-17ubuntu1~20.04) 
COMPILER_PATH=/usr/lib/gcc/x86_64-linux-gnu/9/:/usr/lib/gcc/x86_64-linux-gnu/9/:/usr/lib/gcc/x86_64-linux-gnu/:/usr/lib/gcc/x86_64-linux-gnu/9/:/usr/lib/gcc/x86_64-linux-gnu/
LIBRARY_PATH=/usr/lib/gcc/x86_64-linux-gnu/9/:/usr/lib/gcc/x86_64-linux-gnu/9/../../../x86_64-linux-gnu/:/usr/lib/gcc/x86_64-linux-gnu/9/../../../../lib/:/lib/x86_64-linux-gnu/:/lib/../lib/:/usr/lib/x86_64-linux-gnu/:/usr/lib/../lib/:/usr/lib/gcc/x86_64-linux-gnu/9/../../../:/lib/:/usr/lib/
COLLECT_GCC_OPTIONS='-v' '-rdynamic' '-o' 'cmTC_d97c3' '-mtune=generic' '-march=x86-64'
 /usr/lib/gcc/x86_64-linux-gnu/9/collect2 -plugin /usr/lib/gcc/x86_64-linux-gnu/9/liblto_plugin.so -plugin-opt=/usr/lib/gcc/x86_64-linux-gnu/9/lto-wrapper -plugin-opt=-fresolution=/tmp/ccH6bpsm.res -plugin-opt=-pass-through=-lgcc -plugin-opt=-pass-through=-lgcc_s -plugin-opt=-pass-through=-lc -plugin-opt=-pass-through=-lgcc -plugin-opt=-pass-through=-lgcc_s --build-id --eh-frame-hdr -m elf_x86_64 --hash-style=gnu --as-needed -export-dynamic -dynamic-linker /lib64/ld-linux-x86-64.so.2 -pie -z now -z relro -o cmTC_d97c3 /usr/lib/gcc/x86_64-linux-gnu/9/../../../x86_64-linux-gnu/Scrt1.o /usr/lib/gcc/x86_64-linux-gnu/9/../../../x86_64-linux-gnu/crti.o /usr/lib/gcc/x86_64-linux-gnu/9/crtbeginS.o -L/usr/lib/gcc/x86_64-linux-gnu/9 -L/usr/lib/gcc/x86_64-linux-gnu/9/../../../x86_64-linux-gnu -L/usr/lib/gcc/x86_64-linux-gnu/9/../../../../lib -L/lib/x86_64-linux-gnu -L/lib/../lib -L/usr/lib/x86_64-linux-gnu -L/usr/lib/../lib -L/usr/lib/gcc/x86_64-linux-gnu/9/../../.. CMakeFiles/cmTC_d97c3.dir/CMakeCCompilerABI.c.o -lgcc --push-state --as-needed -lgcc_s --pop-state -lc -lgcc --push-state --as-needed -lgcc_s --pop-state /usr/lib/gcc/x86_64-linux-gnu/9/crtendS.o /usr/lib/gcc/x86_64-linux-gnu/9/../../../x86_64-linux-gnu/crtn.o
COLLECT_GCC_OPTIONS='-v' '-rdynamic' '-o' 'cmTC_d97c3' '-mtune=generic' '-march=x86-64'
make[1]: Leaving directory '/home/ilya/Рабочий стол/eltex/Sob_eltex/lib/json-c/CMakeFiles/CMakeTmp'



Parsed C implicit include dir info from above output: rv=done
  found start of include info
  found start of implicit include info
    add: [/usr/lib/gcc/x86_64-linux-gnu/9/include]
    add: [/usr/local/include]
    add: [/usr/include/x86_64-linux-gnu]
    add: [/usr/include]
  end of search list found
  collapse include dir [/usr/lib/gcc/x86_64-linux-gnu/9/include] ==> [/usr/lib/gcc/x86_64-linux-gnu/9/include]
  collapse include dir [/usr/local/include] ==> [/usr/local/include]
  collapse include dir [/usr/include/x86_64-linux-gnu] ==> [/usr/include/x86_64-linux-gnu]
  collapse include dir [/usr/include] ==> [/usr/include]
  implicit include dirs: [/usr/lib/gcc/x86_64-linux-gnu/9/include;/usr/local/include;/usr/include/x86_64-linux-gnu;/usr/include]


Parsed C implicit link information from above output:
  link line regex: [^( *|.*[/\])(ld|CMAKE_LINK_STARTFILE-NOTFOUND|([^/\]+-)?ld|collect2)[^/\]*( |$)]
  ignore line: [Change Dir: /home/ilya/Рабочий стол/eltex/Sob_eltex/lib/json-c/CMakeFiles/CMakeTmp]
  ignore line: []
  ignore line: [Run Build Command(s):/usr/bin/make cmTC_d97c3/fast && /usr/bin/make -f CMakeFiles/cmTC_d97c3.dir/build.make CMakeFiles/cmTC_d97c3.dir/build]
  ignore line: [make[1]: Entering directory '/home/ilya/Рабочий стол/eltex/Sob_eltex/lib/json-c/CMakeFiles/CMakeTmp']
  ignore line: [Building C object CMakeFiles/cmTC_d97c3.dir/CMakeCCompilerABI.c.o]
  ignore line: [/usr/bin/cc   -v -o CMakeFiles/cmTC_d97c3.dir/CMakeCCompilerABI.c.o   -c /usr/share/cmake-3.16/Modules/CMakeCCompilerABI.c]
  ignore line: [Using built-in specs.]
  ignore line: [COLLECT_GCC=/usr/bin/cc]
  ignore line: [OFFLOAD_TARGET_NAMES=nvptx-none:hsa]
  ignore line: [OFFLOAD_TARGET_DEFAULT=1]
  ignore line: [Target: x86_64-linux-gnu]
  ignore line: [Configured with: ../src/configure -v --with-pkgversion='Ubuntu 9.3.0-17ubuntu1~20.04' --with-bugurl=file:///usr/share/doc/gcc-9/README.Bugs --enable-languages=c ada c++ go brig d fortran objc obj-c++ gm2 --prefix=/usr --with-gcc-major-version-only --program-suffix=-9 --program-prefix=x86_64-linux-gnu- --enable-shared --enable-linker-build-id --libexecdir=/usr/lib --without-included-gettext --enable-threads=posix --libdir=/usr/lib --enable-nls --enable-clocale=gnu --enable-libstdcxx-debug --enable-libstdcxx-time=yes --with-default-libstdcxx-abi=new --enable-gnu-unique-object --disable-vtable-verify --enable-plugin --enable-default-pie --with-system-zlib --with-target-system-zlib=auto --enable-objc-gc=auto --enable-multiarch --disable-werror --with-arch-32=i686 --with-abi=m64 --with-multilib-list=m32 m64 mx32 --enable-multilib --with-tune=generic --enable-offload-targets=nvptx-none=/build/gcc-9-HskZEa/gcc-9-9.3.0/debian/tmp-nvptx/usr hsa --without-cuda-driver --enable-checking=release --build=x86_64-linux-gnu --host=x86_64-linux-gnu --target=x86_64-linux-gnu]
  ignore line: [Thread model: posix]
  ignore line: [gcc version 9.3.0 (Ubuntu 9.3.0-17ubuntu1~20.04) ]
  ignore line: [COLLECT_GCC_OPTIONS='-v' '-o' 'CMakeFiles/cmTC_d97c3.dir/CMakeCCompilerABI.c.o' '-c' '-mtune=generic' '-march=x86-64']
  ignore line: [ /usr/lib/gcc/x86_64-linux-gnu/9/cc1 -quiet -v -imultiarch x86_64-linux-gnu /usr/share/cmake-3.16/Modules/CMakeCCompilerABI.c -quiet -dumpbase CMakeCCompilerABI.c -mtune=generic -march=x86-64 -auxbase-strip CMakeFiles/cmTC_d97c3.dir/CMakeCCompilerABI.c.o -version -fasynchronous-unwind-tables -fstack-protector-strong -Wformat -Wformat-security -fstack-clash-protection -fcf-protection -o /tmp/ccLRgACQ.s]
  ignore line: [GNU C17 (Ubuntu 9.3.0-17ubuntu1~20.04) version 9.3.0 (x86_64-linux-gnu)]
  ignore line: [	compiled by GNU C version 9.3.0  GMP version 6.2.0  MPFR version 4.0.2  MPC version 1.1.0  isl version isl-0.22.1-GMP]
  ignore line: []
  ignore line: [GGC heuristics: --param ggc-min-expand=100 --param ggc-min-heapsize=131072]
  ignore line: [ignoring nonexistent directory "/usr/local/include/x86_64-linux-gnu"]
  ignore line: [ignoring nonexistent directory "/usr/lib/gcc/x86_64-linux-gnu/9/include-fixed"]
  ignore line: [ignoring nonexistent directory "/usr/lib/gcc/x86_64-linux-gnu/9/../../../../x86_64-linux-gnu/include"]
  ignore line: [#include "..." search starts here:]
  ignore line: [#include <...> search starts here:]
  ignore line: [ /usr/lib/gcc/x86_64-linux-gnu/9/include]
  ignore line: [ /usr/local/include]
  ignore line: [ /usr/include/x86_64-linux-gnu]
  ignore line: [ /usr/include]
  ignore line: [End of search list.]
  ignore line: [GNU C17 (Ubuntu 9.3.0-17ubuntu1~20.04) version 9.3.0 (x86_64-linux-gnu)]
  ignore line: [	compiled by GNU C version 9.3.0  GMP version 6.2.0  MPFR version 4.0.2  MPC version 1.1.0  isl version isl-0.22.1-GMP]
  ignore line: []
  ignore line: [GGC heuristics: --param ggc-min-expand=100 --param ggc-min-heapsize=131072]
  ignore line: [Compiler executable checksum: bbf13931d8de1abe14040c9909cb6969]
  ignore line: [COLLECT_GCC_OPTIONS='-v' '-o' 'CMakeFiles/cmTC_d97c3.dir/CMakeCCompilerABI.c.o' '-c' '-mtune=generic' '-march=x86-64']
  ignore line: [ as -v --64 -o CMakeFiles/cmTC_d97c3.dir/CMakeCCompilerABI.c.o /tmp/ccLRgACQ.s]
  ignore line: [GNU assembler version 2.34 (x86_64-linux-gnu) using BFD version (GNU Binutils for Ubuntu) 2.34]
  ignore line: [COMPILER_PATH=/usr/lib/gcc/x86_64-linux-gnu/9/:/usr/lib/gcc/x86_64-linux-gnu/9/:/usr/lib/gcc/x86_64-linux-gnu/:/usr/lib/gcc/x86_64-linux-gnu/9/:/usr/lib/gcc/x86_64-linux-gnu/]
  ignore line: [LIBRARY_PATH=/usr/lib/gcc/x86_64-linux-gnu/9/:/usr/lib/gcc/x86_64-linux-gnu/9/../../../x86_64-linux-gnu/:/usr/lib/gcc/x86_64-linux-gnu/9/../../../../lib/:/lib/x86_64-linux-gnu/:/lib/../lib/:/usr/lib/x86_64-linux-gnu/:/usr/lib/../lib/:/usr/lib/gcc/x86_64-linux-gnu/9/../../../:/lib/:/usr/lib/]
  ignore line: [COLLECT_GCC_OPTIONS='-v' '-o' 'CMakeFiles/cmTC_d97c3.dir/CMakeCCompilerABI.c.o' '-c' '-mtune=generic' '-march=x86-64']
  ignore line: [Linking C executable cmTC_d97c3]
  ignore line: [/usr/bin/cmake -E cmake_link_script CMakeFiles/cmTC_d97c3.dir/link.txt --verbose=1]
  ignore line: [/usr/bin/cc     -v -rdynamic CMakeFiles/cmTC_d97c3.dir/CMakeCCompilerABI.c.o  -o cmTC_d97c3 ]
  ignore line: [Using built-in specs.]
  ignore line: [COLLECT_GCC=/usr/bin/cc]
  ignore line: [COLLECT_LTO_WRAPPER=/usr/lib/gcc/x86_64-linux-gnu/9/lto-wrapper]
  ignore line: [OFFLOAD_TARGET_NAMES=nvptx-none:hsa]
  ignore line: [OFFLOAD_TARGET_DEFAULT=1]
  ignore line: [Target: x86_64-linux-gnu]
  ignore line: [Configured with: ../src/configure -v --with-pkgversion='Ubuntu 9.3.0-17ubuntu1~20.04' --with-bugurl=file:///usr/share/doc/gcc-9/README.Bugs --enable-languages=c ada c++ go brig d fortran objc obj-c++ gm2 --prefix=/usr --with-gcc-major-version-only --program-suffix=-9 --program-prefix=x86_64-linux-gnu- --enable-shared --enable-linker-build-id --libexecdir=/usr/lib --without-included-gettext --enable-threads=posix --libdir=/usr/lib --enable-nls --enable-clocale=gnu --enable-libstdcxx-debug --enable-libstdcxx-time=yes --with-default-libstdcxx-abi=new --enable-gnu-unique-object --disable-vtable-verify --enable-plugin --enable-default-pie --with-system-zlib --with-target-system-zlib=auto --enable-objc-gc=auto --enable-multiarch --disable-werror --with-arch-32=i686 --with-abi=m64 --with-multilib-list=m32 m64 mx32 --enable-multilib --with-tune=generic --enable-offload-targets=nvptx-none=/build/gcc-9-HskZEa/gcc-9-9.3.0/debian/tmp-nvptx/usr hsa --without-cuda-driver --enable-checking=release --build=x86_64-linux-gnu --host=x86_64-linux-gnu --target=x86_64-linux-gnu]
  ignore line: [Thread model: posix]
  ignore line: [gcc version 9.3.0 (Ubuntu 9.3.0-17ubuntu1~20.04) ]
  ignore line: [COMPILER_PATH=/usr/lib/gcc/x86_64-linux-gnu/9/:/usr/lib/gcc/x86_64-linux-gnu/9/:/usr/lib/gcc/x86_64-linux-gnu/:/usr/lib/gcc/x86_64-linux-gnu/9/:/usr/lib/gcc/x86_64-linux-gnu/]
  ignore line: [LIBRARY_PATH=/usr/lib/gcc/x86_64-linux-gnu/9/:/usr/lib/gcc/x86_64-linux-gnu/9/../../../x86_64-linux-gnu/:/usr/lib/gcc/x86_64-linux-gnu/9/../../../../lib/:/lib/x86_64-linux-gnu/:/lib/../lib/:/usr/lib/x86_64-linux-gnu/:/usr/lib/../lib/:/usr/lib/gcc/x86_64-linux-gnu/9/../../../:/lib/:/usr/lib/]
  ignore line: [COLLECT_GCC_OPTIONS='-v' '-rdynamic' '-o' 'cmTC_d97c3' '-mtune=generic' '-march=x86-64']
  link line: [ /usr/lib/gcc/x86_64-linux-gnu/9/collect2 -plugin /usr/lib/gcc/x86_64-linux-gnu/9/liblto_plugin.so -plugin-opt=/usr/lib/gcc/x86_64-linux-gnu/9/lto-wrapper -plugin-opt=-fresolution=/tmp/ccH6bpsm.res -plugin-opt=-pass-through=-lgcc -plugin-opt=-pass-through=-lgcc_s -plugin-opt=-pass-through=-lc -plugin-opt=-pass-through=-lgcc -plugin-opt=-pass-through=-lgcc_s --build-id --eh-frame-hdr -m elf_x86_64 --hash-style=gnu --as-needed -export-dynamic -dynamic-linker /lib64/ld-linux-x86-64.so.2 -pie -z now -z relro -o cmTC_d97c3 /usr/lib/gcc/x86_64-linux-gnu/9/../../../x86_64-linux-gnu/Scrt1.o /usr/lib/gcc/x86_64-linux-gnu/9/../../../x86_64-linux-gnu/crti.o /usr/lib/gcc/x86_64-linux-gnu/9/crtbeginS.o -L/usr/lib/gcc/x86_64-linux-gnu/9 -L/usr/lib/gcc/x86_64-linux-gnu/9/../../../x86_64-linux-gnu -L/usr/lib/gcc/x86_64-linux-gnu/9/../../../../lib -L/lib/x86_64-linux-gnu -L/lib/../lib -L/usr/lib/x86_64-linux-gnu -L/usr/lib/../lib -L/usr/lib/gcc/x86_64-linux-gnu/9/../../.. CMakeFiles/cmTC_d97c3.dir/CMakeCCompilerABI.c.o -lgcc --push-state --as-needed -lgcc_s --pop-state -lc -lgcc --push-state --as-needed -lgcc_s --pop-state /usr/lib/gcc/x86_64-linux-gnu/9/crtendS.o /usr/lib/gcc/x86_64-linux-gnu/9/../../../x86_64-linux-gnu/crtn.o]
    arg [/usr/lib/gcc/x86_64-linux-gnu/9/collect2] ==> ignore
    arg [-plugin] ==> ignore
    arg [/usr/lib/gcc/x86_64-linux-gnu/9/liblto_plugin.so] ==> ignore
    arg [-plugin-opt=/usr/lib/gcc/x86_64-linux-gnu/9/lto-wrapper] ==> ignore
    arg [-plugin-opt=-fresolution=/tmp/ccH6bpsm.res] ==> ignore
    arg [-plugin-opt=-pass-through=-lgcc] ==> ignore
    arg [-plugin-opt=-pass-through=-lgcc_s] ==> ignore
    arg [-plugin-opt=-pass-through=-lc] ==> ignore
    arg [-plugin-opt=-pass-through=-lgcc] ==> ignore
    arg [-plugin-opt=-pass-through=-lgcc_s] ==> ignore
    arg [--build-id] ==> ignore
    arg [--eh-frame-hdr] ==> ignore
    arg [-m] ==> ignore
    arg [elf_x86_64] ==> ignore
    arg [--hash-style=gnu] ==> ignore
    arg [--as-needed] ==> ignore
    arg [-export-dynamic] ==> ignore
    arg [-dynamic-linker] ==> ignore
    arg [/lib64/ld-linux-x86-64.so.2] ==> ignore
    arg [-pie] ==> ignore
    arg [-znow] ==> ignore
    arg [-zrelro] ==> ignore
    arg [-o] ==> ignore
    arg [cmTC_d97c3] ==> ignore
    arg [/usr/lib/gcc/x86_64-linux-gnu/9/../../../x86_64-linux-gnu/Scrt1.o] ==> ignore
    arg [/usr/lib/gcc/x86_64-linux-gnu/9/../../../x86_64-linux-gnu/crti.o] ==> ignore
    arg [/usr/lib/gcc/x86_64-linux-gnu/9/crtbeginS.o] ==> ignore
    arg [-L/usr/lib/gcc/x86_64-linux-gnu/9] ==> dir [/usr/lib/gcc/x86_64-linux-gnu/9]
    arg [-L/usr/lib/gcc/x86_64-linux-gnu/9/../../../x86_64-linux-gnu] ==> dir [/usr/lib/gcc/x86_64-linux-gnu/9/../../../x86_64-linux-gnu]
    arg [-L/usr/lib/gcc/x86_64-linux-gnu/9/../../../../lib] ==> dir [/usr/lib/gcc/x86_64-linux-gnu/9/../../../../lib]
    arg [-L/lib/x86_64-linux-gnu] ==> dir [/lib/x86_64-linux-gnu]
    arg [-L/lib/../lib] ==> dir [/lib/../lib]
    arg [-L/usr/lib/x86_64-linux-gnu] ==> dir [/usr/lib/x86_64-linux-gnu]
    arg [-L/usr/lib/../lib] ==> dir [/usr/lib/../lib]
    arg [-L/usr/lib/gcc/x86_64-linux-gnu/9/../../..] ==> dir [/usr/lib/gcc/x86_64-linux-gnu/9/../../..]
    arg [CMakeFiles/cmTC_d97c3.dir/CMakeCCompilerABI.c.o] ==> ignore
    arg [-lgcc] ==> lib [gcc]
    arg [--push-state] ==> ignore
    arg [--as-needed] ==> ignore
    arg [-lgcc_s] ==> lib [gcc_s]
    arg [--pop-state] ==> ignore
    arg [-lc] ==> lib [c]
    arg [-lgcc] ==> lib [gcc]
    arg [--push-state] ==> ignore
    arg [--as-needed] ==> ignore
    arg [-lgcc_s] ==> lib [gcc_s]
    arg [--pop-state] ==> ignore
    arg [/usr/lib/gcc/x86_64-linux-gnu/9/crtendS.o] ==> ignore
    arg [/usr/lib/gcc/x86_64-linux-gnu/9/../../../x86_64-linux-gnu/crtn.o] ==> ignore
  collapse library dir [/usr/lib/gcc/x86_64-linux-gnu/9] ==> [/usr/lib/gcc/x86_64-linux-gnu/9]
  collapse library dir [/usr/lib/gcc/x86_64-linux-gnu/9/../../../x86_64-linux-gnu] ==> [/usr/lib/x86_64-linux-gnu]
  collapse library dir [/usr/lib/gcc/x86_64-linux-gnu/9/../../../../lib] ==> [/usr/lib]
  collapse library dir [/lib/x86_64-linux-gnu] ==> [/lib/x86_64-linux-gnu]
  collapse library dir [/lib/../lib] ==> [/lib]
  collapse library dir [/usr/lib/x86_64-linux-gnu] ==> [/usr/lib/x86_64-linux-gnu]
  collapse library dir [/usr/lib/../lib] ==> [/usr/lib]
  collapse library dir [/usr/lib/gcc/x86_64-linux-gnu/9/../../..] ==> [/usr/lib]
  implicit libs: [gcc;gcc_s;c;gcc;gcc_s]
  implicit dirs: [/usr/lib/gcc/x86_64-linux-gnu/9;/usr/lib/x86_64-linux-gnu;/usr/lib;/lib/x86_64-linux-gnu;/lib]
  implicit fwks: []


Determining if the include file sys/resource.h exists passed with the following output:
Change Dir: /home/ilya/Рабочий стол/eltex/Sob_eltex/lib/json-c/CMakeFiles/CMakeTmp

Run Build Command(s):/usr/bin/make cmTC_362df/fast && /usr/bin/make -f CMakeFiles/cmTC_362df.dir/build.make CMakeFiles/cmTC_362df.dir/build
make[1]: вход в каталог «/home/ilya/Рабочий стол/eltex/Sob_eltex/lib/json-c/CMakeFiles/CMakeTmp»
Building C object CMakeFiles/cmTC_362df.dir/CheckIncludeFile.c.o
/usr/bin/cc    -o CMakeFiles/cmTC_362df.dir/CheckIncludeFile.c.o   -c "/home/ilya/Рабочий стол/eltex/Sob_eltex/lib/json-c/CMakeFiles/CMakeTmp/CheckIncludeFile.c"
Linking C executable cmTC_362df
/usr/bin/cmake -E cmake_link_script CMakeFiles/cmTC_362df.dir/link.txt --verbose=1
/usr/bin/cc      -rdynamic CMakeFiles/cmTC_362df.dir/CheckIncludeFile.c.o  -o cmTC_362df 
make[1]: выход из каталога «/home/ilya/Рабочий стол/eltex/Sob_eltex/lib/json-c/CMakeFiles/CMakeTmp»



Determining if the getrusage exist passed with the following output:
Change Dir: /home/ilya/Рабочий стол/eltex/Sob_eltex/lib/json-c/CMakeFiles/CMakeTmp

Run Build Command(s):/usr/bin/make cmTC_f4a0b/fast && /usr/bin/make -f CMakeFiles/cmTC_f4a0b.dir/build.make CMakeFiles/cmTC_f4a0b.dir/build
make[1]: вход в каталог «/home/ilya/Рабочий стол/eltex/Sob_eltex/lib/json-c/CMakeFiles/CMakeTmp»
Building C object CMakeFiles/cmTC_f4a0b.dir/CheckSymbolExists.c.o
/usr/bin/cc    -o CMakeFiles/cmTC_f4a0b.dir/CheckSymbolExists.c.o   -c "/home/ilya/Рабочий стол/eltex/Sob_eltex/lib/json-c/CMakeFiles/CMakeTmp/CheckSymbolExists.c"
Linking C executable cmTC_f4a0b
/usr/bin/cmake -E cmake_link_script CMakeFiles/cmTC_f4a0b.dir/link.txt --verbose=1
/usr/bin/cc      -rdynamic CMakeFiles/cmTC_f4a0b.dir/CheckSymbolExists.c.o  -o cmTC_f4a0b 
make[1]: выход из каталога «/home/ilya/Рабочий стол/eltex/Sob_eltex/lib/json-c/CMakeFiles/CMakeTmp»


File /home/ilya/Рабочий стол/eltex/Sob_eltex/lib/json-c/CMakeFiles/CMakeTmp/CheckSymbolExists.c:
/* */
#include <sys/resource.h>

int main(int argc, char** argv)
{
  (void)argv;
#ifndef getrusage
  return ((int*)(&getrusage))[argc];
#else
  (void)argc;
  return 0;
#endif
}
Determining if the include file fcntl.h exists passed with the following output:
Change Dir: /home/ilya/Рабочий стол/eltex/Sob_eltex/lib/json-c/CMakeFiles/CMakeTmp

Run Build Command(s):/usr/bin/make cmTC_770b1/fast && /usr/bin/make -f CMakeFiles/cmTC_770b1.dir/build.make CMakeFiles/cmTC_770b1.dir/build
make[1]: вход в каталог «/home/ilya/Рабочий стол/eltex/Sob_eltex/lib/json-c/CMakeFiles/CMakeTmp»
Building C object CMakeFiles/cmTC_770b1.dir/CheckIncludeFile.c.o
/usr/bin/cc -D_GNU_SOURCE  -fPIE   -o CMakeFiles/cmTC_770b1.dir/CheckIncludeFile.c.o   -c "/home/ilya/Рабочий стол/eltex/Sob_eltex/lib/json-c/CMakeFiles/CMakeTmp/CheckIncludeFile.c"
Linking C executable cmTC_770b1
/usr/bin/cmake -E cmake_link_script CMakeFiles/cmTC_770b1.dir/link.txt --verbose=1
/usr/bin/cc      -rdynamic CMakeFiles/cmTC_770b1.dir/CheckIncludeFile.c.o  -o cmTC_770b1  -lm 
make[1]: выход из каталога «/home/ilya/Рабочий стол/eltex/Sob_eltex/lib/json-c/CMakeFiles/CMakeTmp»



Determining if the include file inttypes.h exists passed with the following output:
Change Dir: /home/ilya/Рабочий стол/eltex/Sob_eltex/lib/json-c/CMakeFiles/CMakeTmp

Run Build Command(s):/usr/bin/make cmTC_5edb7/fast && /usr/bin/make -f CMakeFiles/cmTC_5edb7.dir/build.make CMakeFiles/cmTC_5edb7.dir/build
make[1]: вход в каталог «/home/ilya/Рабочий стол/eltex/Sob_eltex/lib/json-c/CMakeFiles/CMakeTmp»
Building C object CMakeFiles/cmTC_5edb7.dir/CheckIncludeFile.c.o
/usr/bin/cc -D_GNU_SOURCE  -fPIE   -o CMakeFiles/cmTC_5edb7.dir/CheckIncludeFile.c.o   -c "/home/ilya/Рабочий стол/eltex/Sob_eltex/lib/json-c/CMakeFiles/CMakeTmp/CheckIncludeFile.c"
Linking C executable cmTC_5edb7
/usr/bin/cmake -E cmake_link_script CMakeFiles/cmTC_5edb7.dir/link.txt --verbose=1
/usr/bin/cc      -rdynamic CMakeFiles/cmTC_5edb7.dir/CheckIncludeFile.c.o  -o cmTC_5edb7  -lm 
make[1]: выход из каталога «/home/ilya/Рабочий стол/eltex/Sob_eltex/lib/json-c/CMakeFiles/CMakeTmp»



Determining if the include file stdarg.h exists passed with the following output:
Change Dir: /home/ilya/Рабочий стол/eltex/Sob_eltex/lib/json-c/CMakeFiles/CMakeTmp

Run Build Command(s):/usr/bin/make cmTC_0b976/fast && /usr/bin/make -f CMakeFiles/cmTC_0b976.dir/build.make CMakeFiles/cmTC_0b976.dir/build
make[1]: вход в каталог «/home/ilya/Рабочий стол/eltex/Sob_eltex/lib/json-c/CMakeFiles/CMakeTmp»
Building C object CMakeFiles/cmTC_0b976.dir/CheckIncludeFile.c.o
/usr/bin/cc -D_GNU_SOURCE  -fPIE   -o CMakeFiles/cmTC_0b976.dir/CheckIncludeFile.c.o   -c "/home/ilya/Рабочий стол/eltex/Sob_eltex/lib/json-c/CMakeFiles/CMakeTmp/CheckIncludeFile.c"
Linking C executable cmTC_0b976
/usr/bin/cmake -E cmake_link_script CMakeFiles/cmTC_0b976.dir/link.txt --verbose=1
/usr/bin/cc      -rdynamic CMakeFiles/cmTC_0b976.dir/CheckIncludeFile.c.o  -o cmTC_0b976  -lm 
make[1]: выход из каталога «/home/ilya/Рабочий стол/eltex/Sob_eltex/lib/json-c/CMakeFiles/CMakeTmp»



Determining if the include file strings.h exists passed with the following output:
Change Dir: /home/ilya/Рабочий стол/eltex/Sob_eltex/lib/json-c/CMakeFiles/CMakeTmp

Run Build Command(s):/usr/bin/make cmTC_c9edd/fast && /usr/bin/make -f CMakeFiles/cmTC_c9edd.dir/build.make CMakeFiles/cmTC_c9edd.dir/build
make[1]: вход в каталог «/home/ilya/Рабочий стол/eltex/Sob_eltex/lib/json-c/CMakeFiles/CMakeTmp»
Building C object CMakeFiles/cmTC_c9edd.dir/CheckIncludeFile.c.o
/usr/bin/cc -D_GNU_SOURCE  -fPIE   -o CMakeFiles/cmTC_c9edd.dir/CheckIncludeFile.c.o   -c "/home/ilya/Рабочий стол/eltex/Sob_eltex/lib/json-c/CMakeFiles/CMakeTmp/CheckIncludeFile.c"
Linking C executable cmTC_c9edd
/usr/bin/cmake -E cmake_link_script CMakeFiles/cmTC_c9edd.dir/link.txt --verbose=1
/usr/bin/cc      -rdynamic CMakeFiles/cmTC_c9edd.dir/CheckIncludeFile.c.o  -o cmTC_c9edd  -lm 
make[1]: выход из каталога «/home/ilya/Рабочий стол/eltex/Sob_eltex/lib/json-c/CMakeFiles/CMakeTmp»



Determining if the include file string.h exists passed with the following output:
Change Dir: /home/ilya/Рабочий стол/eltex/Sob_eltex/lib/json-c/CMakeFiles/CMakeTmp

Run Build Command(s):/usr/bin/make cmTC_d00b7/fast && /usr/bin/make -f CMakeFiles/cmTC_d00b7.dir/build.make CMakeFiles/cmTC_d00b7.dir/build
make[1]: вход в каталог «/home/ilya/Рабочий стол/eltex/Sob_eltex/lib/json-c/CMakeFiles/CMakeTmp»
Building C object CMakeFiles/cmTC_d00b7.dir/CheckIncludeFile.c.o
/usr/bin/cc -D_GNU_SOURCE  -fPIE   -o CMakeFiles/cmTC_d00b7.dir/CheckIncludeFile.c.o   -c "/home/ilya/Рабочий стол/eltex/Sob_eltex/lib/json-c/CMakeFiles/CMakeTmp/CheckIncludeFile.c"
Linking C executable cmTC_d00b7
/usr/bin/cmake -E cmake_link_script CMakeFiles/cmTC_d00b7.dir/link.txt --verbose=1
/usr/bin/cc      -rdynamic CMakeFiles/cmTC_d00b7.dir/CheckIncludeFile.c.o  -o cmTC_d00b7  -lm 
make[1]: выход из каталога «/home/ilya/Рабочий стол/eltex/Sob_eltex/lib/json-c/CMakeFiles/CMakeTmp»



Determining if the include file syslog.h exists passed with the following output:
Change Dir: /home/ilya/Рабочий стол/eltex/Sob_eltex/lib/json-c/CMakeFiles/CMakeTmp

Run Build Command(s):/usr/bin/make cmTC_e72b6/fast && /usr/bin/make -f CMakeFiles/cmTC_e72b6.dir/build.make CMakeFiles/cmTC_e72b6.dir/build
make[1]: вход в каталог «/home/ilya/Рабочий стол/eltex/Sob_eltex/lib/json-c/CMakeFiles/CMakeTmp»
Building C object CMakeFiles/cmTC_e72b6.dir/CheckIncludeFile.c.o
/usr/bin/cc -D_GNU_SOURCE  -fPIE   -o CMakeFiles/cmTC_e72b6.dir/CheckIncludeFile.c.o   -c "/home/ilya/Рабочий стол/eltex/Sob_eltex/lib/json-c/CMakeFiles/CMakeTmp/CheckIncludeFile.c"
Linking C executable cmTC_e72b6
/usr/bin/cmake -E cmake_link_script CMakeFiles/cmTC_e72b6.dir/link.txt --verbose=1
/usr/bin/cc      -rdynamic CMakeFiles/cmTC_e72b6.dir/CheckIncludeFile.c.o  -o cmTC_e72b6  -lm 
make[1]: выход из каталога «/home/ilya/Рабочий стол/eltex/Sob_eltex/lib/json-c/CMakeFiles/CMakeTmp»



Determining if files stdlib.h;stdarg.h;string.h;float.h exist passed with the following output:
Change Dir: /home/ilya/Рабочий стол/eltex/Sob_eltex/lib/json-c/CMakeFiles/CMakeTmp

Run Build Command(s):/usr/bin/make cmTC_9bed9/fast && /usr/bin/make -f CMakeFiles/cmTC_9bed9.dir/build.make CMakeFiles/cmTC_9bed9.dir/build
make[1]: вход в каталог «/home/ilya/Рабочий стол/eltex/Sob_eltex/lib/json-c/CMakeFiles/CMakeTmp»
Building C object CMakeFiles/cmTC_9bed9.dir/STDC_HEADERS.c.o
/usr/bin/cc -D_GNU_SOURCE  -fPIE   -o CMakeFiles/cmTC_9bed9.dir/STDC_HEADERS.c.o   -c "/home/ilya/Рабочий стол/eltex/Sob_eltex/lib/json-c/CMakeFiles/CheckIncludeFiles/STDC_HEADERS.c"
Linking C executable cmTC_9bed9
/usr/bin/cmake -E cmake_link_script CMakeFiles/cmTC_9bed9.dir/link.txt --verbose=1
/usr/bin/cc      -rdynamic CMakeFiles/cmTC_9bed9.dir/STDC_HEADERS.c.o  -o cmTC_9bed9  -lm 
make[1]: выход из каталога «/home/ilya/Рабочий стол/eltex/Sob_eltex/lib/json-c/CMakeFiles/CMakeTmp»



Determining if the include file unistd.h exists passed with the following output:
Change Dir: /home/ilya/Рабочий стол/eltex/Sob_eltex/lib/json-c/CMakeFiles/CMakeTmp

Run Build Command(s):/usr/bin/make cmTC_3fb98/fast && /usr/bin/make -f CMakeFiles/cmTC_3fb98.dir/build.make CMakeFiles/cmTC_3fb98.dir/build
make[1]: вход в каталог «/home/ilya/Рабочий стол/eltex/Sob_eltex/lib/json-c/CMakeFiles/CMakeTmp»
Building C object CMakeFiles/cmTC_3fb98.dir/CheckIncludeFile.c.o
/usr/bin/cc -D_GNU_SOURCE  -fPIE   -o CMakeFiles/cmTC_3fb98.dir/CheckIncludeFile.c.o   -c "/home/ilya/Рабочий стол/eltex/Sob_eltex/lib/json-c/CMakeFiles/CMakeTmp/CheckIncludeFile.c"
Linking C executable cmTC_3fb98
/usr/bin/cmake -E cmake_link_script CMakeFiles/cmTC_3fb98.dir/link.txt --verbose=1
/usr/bin/cc      -rdynamic CMakeFiles/cmTC_3fb98.dir/CheckIncludeFile.c.o  -o cmTC_3fb98  -lm 
make[1]: выход из каталога «/home/ilya/Рабочий стол/eltex/Sob_eltex/lib/json-c/CMakeFiles/CMakeTmp»



Determining if the include file sys/types.h exists passed with the following output:
Change Dir: /home/ilya/Рабочий стол/eltex/Sob_eltex/lib/json-c/CMakeFiles/CMakeTmp

Run Build Command(s):/usr/bin/make cmTC_0dbd7/fast && /usr/bin/make -f CMakeFiles/cmTC_0dbd7.dir/build.make CMakeFiles/cmTC_0dbd7.dir/build
make[1]: вход в каталог «/home/ilya/Рабочий стол/eltex/Sob_eltex/lib/json-c/CMakeFiles/CMakeTmp»
Building C object CMakeFiles/cmTC_0dbd7.dir/CheckIncludeFile.c.o
/usr/bin/cc -D_GNU_SOURCE  -fPIE   -o CMakeFiles/cmTC_0dbd7.dir/CheckIncludeFile.c.o   -c "/home/ilya/Рабочий стол/eltex/Sob_eltex/lib/json-c/CMakeFiles/CMakeTmp/CheckIncludeFile.c"
Linking C executable cmTC_0dbd7
/usr/bin/cmake -E cmake_link_script CMakeFiles/cmTC_0dbd7.dir/link.txt --verbose=1
/usr/bin/cc      -rdynamic CMakeFiles/cmTC_0dbd7.dir/CheckIncludeFile.c.o  -o cmTC_0dbd7  -lm 
make[1]: выход из каталога «/home/ilya/Рабочий стол/eltex/Sob_eltex/lib/json-c/CMakeFiles/CMakeTmp»



Determining if the include file dlfcn.h exists passed with the following output:
Change Dir: /home/ilya/Рабочий стол/eltex/Sob_eltex/lib/json-c/CMakeFiles/CMakeTmp

Run Build Command(s):/usr/bin/make cmTC_67058/fast && /usr/bin/make -f CMakeFiles/cmTC_67058.dir/build.make CMakeFiles/cmTC_67058.dir/build
make[1]: вход в каталог «/home/ilya/Рабочий стол/eltex/Sob_eltex/lib/json-c/CMakeFiles/CMakeTmp»
Building C object CMakeFiles/cmTC_67058.dir/CheckIncludeFile.c.o
/usr/bin/cc -D_GNU_SOURCE  -fPIE   -o CMakeFiles/cmTC_67058.dir/CheckIncludeFile.c.o   -c "/home/ilya/Рабочий стол/eltex/Sob_eltex/lib/json-c/CMakeFiles/CMakeTmp/CheckIncludeFile.c"
Linking C executable cmTC_67058
/usr/bin/cmake -E cmake_link_script CMakeFiles/cmTC_67058.dir/link.txt --verbose=1
/usr/bin/cc      -rdynamic CMakeFiles/cmTC_67058.dir/CheckIncludeFile.c.o  -o cmTC_67058  -lm 
make[1]: выход из каталога «/home/ilya/Рабочий стол/eltex/Sob_eltex/lib/json-c/CMakeFiles/CMakeTmp»



Determining if the include file endian.h exists passed with the following output:
Change Dir: /home/ilya/Рабочий стол/eltex/Sob_eltex/lib/json-c/CMakeFiles/CMakeTmp

Run Build Command(s):/usr/bin/make cmTC_44643/fast && /usr/bin/make -f CMakeFiles/cmTC_44643.dir/build.make CMakeFiles/cmTC_44643.dir/build
make[1]: вход в каталог «/home/ilya/Рабочий стол/eltex/Sob_eltex/lib/json-c/CMakeFiles/CMakeTmp»
Building C object CMakeFiles/cmTC_44643.dir/CheckIncludeFile.c.o
/usr/bin/cc -D_GNU_SOURCE  -fPIE   -o CMakeFiles/cmTC_44643.dir/CheckIncludeFile.c.o   -c "/home/ilya/Рабочий стол/eltex/Sob_eltex/lib/json-c/CMakeFiles/CMakeTmp/CheckIncludeFile.c"
Linking C executable cmTC_44643
/usr/bin/cmake -E cmake_link_script CMakeFiles/cmTC_44643.dir/link.txt --verbose=1
/usr/bin/cc      -rdynamic CMakeFiles/cmTC_44643.dir/CheckIncludeFile.c.o  -o cmTC_44643  -lm 
make[1]: выход из каталога «/home/ilya/Рабочий стол/eltex/Sob_eltex/lib/json-c/CMakeFiles/CMakeTmp»



Determining if the include file limits.h exists passed with the following output:
Change Dir: /home/ilya/Рабочий стол/eltex/Sob_eltex/lib/json-c/CMakeFiles/CMakeTmp

Run Build Command(s):/usr/bin/make cmTC_9a9c4/fast && /usr/bin/make -f CMakeFiles/cmTC_9a9c4.dir/build.make CMakeFiles/cmTC_9a9c4.dir/build
make[1]: вход в каталог «/home/ilya/Рабочий стол/eltex/Sob_eltex/lib/json-c/CMakeFiles/CMakeTmp»
Building C object CMakeFiles/cmTC_9a9c4.dir/CheckIncludeFile.c.o
/usr/bin/cc -D_GNU_SOURCE  -fPIE   -o CMakeFiles/cmTC_9a9c4.dir/CheckIncludeFile.c.o   -c "/home/ilya/Рабочий стол/eltex/Sob_eltex/lib/json-c/CMakeFiles/CMakeTmp/CheckIncludeFile.c"
Linking C executable cmTC_9a9c4
/usr/bin/cmake -E cmake_link_script CMakeFiles/cmTC_9a9c4.dir/link.txt --verbose=1
/usr/bin/cc      -rdynamic CMakeFiles/cmTC_9a9c4.dir/CheckIncludeFile.c.o  -o cmTC_9a9c4  -lm 
make[1]: выход из каталога «/home/ilya/Рабочий стол/eltex/Sob_eltex/lib/json-c/CMakeFiles/CMakeTmp»



Determining if the include file locale.h exists passed with the following output:
Change Dir: /home/ilya/Рабочий стол/eltex/Sob_eltex/lib/json-c/CMakeFiles/CMakeTmp

Run Build Command(s):/usr/bin/make cmTC_21a40/fast && /usr/bin/make -f CMakeFiles/cmTC_21a40.dir/build.make CMakeFiles/cmTC_21a40.dir/build
make[1]: вход в каталог «/home/ilya/Рабочий стол/eltex/Sob_eltex/lib/json-c/CMakeFiles/CMakeTmp»
Building C object CMakeFiles/cmTC_21a40.dir/CheckIncludeFile.c.o
/usr/bin/cc -D_GNU_SOURCE  -fPIE   -o CMakeFiles/cmTC_21a40.dir/CheckIncludeFile.c.o   -c "/home/ilya/Рабочий стол/eltex/Sob_eltex/lib/json-c/CMakeFiles/CMakeTmp/CheckIncludeFile.c"
Linking C executable cmTC_21a40
/usr/bin/cmake -E cmake_link_script CMakeFiles/cmTC_21a40.dir/link.txt --verbose=1
/usr/bin/cc      -rdynamic CMakeFiles/cmTC_21a40.dir/CheckIncludeFile.c.o  -o cmTC_21a40  -lm 
make[1]: выход из каталога «/home/ilya/Рабочий стол/eltex/Sob_eltex/lib/json-c/CMakeFiles/CMakeTmp»



Determining if the include file memory.h exists passed with the following output:
Change Dir: /home/ilya/Рабочий стол/eltex/Sob_eltex/lib/json-c/CMakeFiles/CMakeTmp

Run Build Command(s):/usr/bin/make cmTC_a1139/fast && /usr/bin/make -f CMakeFiles/cmTC_a1139.dir/build.make CMakeFiles/cmTC_a1139.dir/build
make[1]: вход в каталог «/home/ilya/Рабочий стол/eltex/Sob_eltex/lib/json-c/CMakeFiles/CMakeTmp»
Building C object CMakeFiles/cmTC_a1139.dir/CheckIncludeFile.c.o
/usr/bin/cc -D_GNU_SOURCE  -fPIE   -o CMakeFiles/cmTC_a1139.dir/CheckIncludeFile.c.o   -c "/home/ilya/Рабочий стол/eltex/Sob_eltex/lib/json-c/CMakeFiles/CMakeTmp/CheckIncludeFile.c"
Linking C executable cmTC_a1139
/usr/bin/cmake -E cmake_link_script CMakeFiles/cmTC_a1139.dir/link.txt --verbose=1
/usr/bin/cc      -rdynamic CMakeFiles/cmTC_a1139.dir/CheckIncludeFile.c.o  -o cmTC_a1139  -lm 
make[1]: выход из каталога «/home/ilya/Рабочий стол/eltex/Sob_eltex/lib/json-c/CMakeFiles/CMakeTmp»



Determining if the include file stdint.h exists passed with the following output:
Change Dir: /home/ilya/Рабочий стол/eltex/Sob_eltex/lib/json-c/CMakeFiles/CMakeTmp

Run Build Command(s):/usr/bin/make cmTC_3f066/fast && /usr/bin/make -f CMakeFiles/cmTC_3f066.dir/build.make CMakeFiles/cmTC_3f066.dir/build
make[1]: вход в каталог «/home/ilya/Рабочий стол/eltex/Sob_eltex/lib/json-c/CMakeFiles/CMakeTmp»
Building C object CMakeFiles/cmTC_3f066.dir/CheckIncludeFile.c.o
/usr/bin/cc -D_GNU_SOURCE  -fPIE   -o CMakeFiles/cmTC_3f066.dir/CheckIncludeFile.c.o   -c "/home/ilya/Рабочий стол/eltex/Sob_eltex/lib/json-c/CMakeFiles/CMakeTmp/CheckIncludeFile.c"
Linking C executable cmTC_3f066
/usr/bin/cmake -E cmake_link_script CMakeFiles/cmTC_3f066.dir/link.txt --verbose=1
/usr/bin/cc      -rdynamic CMakeFiles/cmTC_3f066.dir/CheckIncludeFile.c.o  -o cmTC_3f066  -lm 
make[1]: выход из каталога «/home/ilya/Рабочий стол/eltex/Sob_eltex/lib/json-c/CMakeFiles/CMakeTmp»



Determining if the include file stdlib.h exists passed with the following output:
Change Dir: /home/ilya/Рабочий стол/eltex/Sob_eltex/lib/json-c/CMakeFiles/CMakeTmp

Run Build Command(s):/usr/bin/make cmTC_eb4b6/fast && /usr/bin/make -f CMakeFiles/cmTC_eb4b6.dir/build.make CMakeFiles/cmTC_eb4b6.dir/build
make[1]: вход в каталог «/home/ilya/Рабочий стол/eltex/Sob_eltex/lib/json-c/CMakeFiles/CMakeTmp»
Building C object CMakeFiles/cmTC_eb4b6.dir/CheckIncludeFile.c.o
/usr/bin/cc -D_GNU_SOURCE  -fPIE   -o CMakeFiles/cmTC_eb4b6.dir/CheckIncludeFile.c.o   -c "/home/ilya/Рабочий стол/eltex/Sob_eltex/lib/json-c/CMakeFiles/CMakeTmp/CheckIncludeFile.c"
Linking C executable cmTC_eb4b6
/usr/bin/cmake -E cmake_link_script CMakeFiles/cmTC_eb4b6.dir/link.txt --verbose=1
/usr/bin/cc      -rdynamic CMakeFiles/cmTC_eb4b6.dir/CheckIncludeFile.c.o  -o cmTC_eb4b6  -lm 
make[1]: выход из каталога «/home/ilya/Рабочий стол/eltex/Sob_eltex/lib/json-c/CMakeFiles/CMakeTmp»



Determining if the include file sys/cdefs.h exists passed with the following output:
Change Dir: /home/ilya/Рабочий стол/eltex/Sob_eltex/lib/json-c/CMakeFiles/CMakeTmp

Run Build Command(s):/usr/bin/make cmTC_65aeb/fast && /usr/bin/make -f CMakeFiles/cmTC_65aeb.dir/build.make CMakeFiles/cmTC_65aeb.dir/build
make[1]: вход в каталог «/home/ilya/Рабочий стол/eltex/Sob_eltex/lib/json-c/CMakeFiles/CMakeTmp»
Building C object CMakeFiles/cmTC_65aeb.dir/CheckIncludeFile.c.o
/usr/bin/cc -D_GNU_SOURCE  -fPIE   -o CMakeFiles/cmTC_65aeb.dir/CheckIncludeFile.c.o   -c "/home/ilya/Рабочий стол/eltex/Sob_eltex/lib/json-c/CMakeFiles/CMakeTmp/CheckIncludeFile.c"
Linking C executable cmTC_65aeb
/usr/bin/cmake -E cmake_link_script CMakeFiles/cmTC_65aeb.dir/link.txt --verbose=1
/usr/bin/cc      -rdynamic CMakeFiles/cmTC_65aeb.dir/CheckIncludeFile.c.o  -o cmTC_65aeb  -lm 
make[1]: выход из каталога «/home/ilya/Рабочий стол/eltex/Sob_eltex/lib/json-c/CMakeFiles/CMakeTmp»



Determining if the include file sys/param.h exists passed with the following output:
Change Dir: /home/ilya/Рабочий стол/eltex/Sob_eltex/lib/json-c/CMakeFiles/CMakeTmp

Run Build Command(s):/usr/bin/make cmTC_9a2ae/fast && /usr/bin/make -f CMakeFiles/cmTC_9a2ae.dir/build.make CMakeFiles/cmTC_9a2ae.dir/build
make[1]: вход в каталог «/home/ilya/Рабочий стол/eltex/Sob_eltex/lib/json-c/CMakeFiles/CMakeTmp»
Building C object CMakeFiles/cmTC_9a2ae.dir/CheckIncludeFile.c.o
/usr/bin/cc -D_GNU_SOURCE  -fPIE   -o CMakeFiles/cmTC_9a2ae.dir/CheckIncludeFile.c.o   -c "/home/ilya/Рабочий стол/eltex/Sob_eltex/lib/json-c/CMakeFiles/CMakeTmp/CheckIncludeFile.c"
Linking C executable cmTC_9a2ae
/usr/bin/cmake -E cmake_link_script CMakeFiles/cmTC_9a2ae.dir/link.txt --verbose=1
/usr/bin/cc      -rdynamic CMakeFiles/cmTC_9a2ae.dir/CheckIncludeFile.c.o  -o cmTC_9a2ae  -lm 
make[1]: выход из каталога «/home/ilya/Рабочий стол/eltex/Sob_eltex/lib/json-c/CMakeFiles/CMakeTmp»



Determining if the include file sys/random.h exists passed with the following output:
Change Dir: /home/ilya/Рабочий стол/eltex/Sob_eltex/lib/json-c/CMakeFiles/CMakeTmp

Run Build Command(s):/usr/bin/make cmTC_d85f8/fast && /usr/bin/make -f CMakeFiles/cmTC_d85f8.dir/build.make CMakeFiles/cmTC_d85f8.dir/build
make[1]: вход в каталог «/home/ilya/Рабочий стол/eltex/Sob_eltex/lib/json-c/CMakeFiles/CMakeTmp»
Building C object CMakeFiles/cmTC_d85f8.dir/CheckIncludeFile.c.o
/usr/bin/cc -D_GNU_SOURCE  -fPIE   -o CMakeFiles/cmTC_d85f8.dir/CheckIncludeFile.c.o   -c "/home/ilya/Рабочий стол/eltex/Sob_eltex/lib/json-c/CMakeFiles/CMakeTmp/CheckIncludeFile.c"
Linking C executable cmTC_d85f8
/usr/bin/cmake -E cmake_link_script CMakeFiles/cmTC_d85f8.dir/link.txt --verbose=1
/usr/bin/cc      -rdynamic CMakeFiles/cmTC_d85f8.dir/CheckIncludeFile.c.o  -o cmTC_d85f8  -lm 
make[1]: выход из каталога «/home/ilya/Рабочий стол/eltex/Sob_eltex/lib/json-c/CMakeFiles/CMakeTmp»



Determining if the include file sys/stat.h exists passed with the following output:
Change Dir: /home/ilya/Рабочий стол/eltex/Sob_eltex/lib/json-c/CMakeFiles/CMakeTmp

Run Build Command(s):/usr/bin/make cmTC_b7bff/fast && /usr/bin/make -f CMakeFiles/cmTC_b7bff.dir/build.make CMakeFiles/cmTC_b7bff.dir/build
make[1]: вход в каталог «/home/ilya/Рабочий стол/eltex/Sob_eltex/lib/json-c/CMakeFiles/CMakeTmp»
Building C object CMakeFiles/cmTC_b7bff.dir/CheckIncludeFile.c.o
/usr/bin/cc -D_GNU_SOURCE  -fPIE   -o CMakeFiles/cmTC_b7bff.dir/CheckIncludeFile.c.o   -c "/home/ilya/Рабочий стол/eltex/Sob_eltex/lib/json-c/CMakeFiles/CMakeTmp/CheckIncludeFile.c"
Linking C executable cmTC_b7bff
/usr/bin/cmake -E cmake_link_script CMakeFiles/cmTC_b7bff.dir/link.txt --verbose=1
/usr/bin/cc      -rdynamic CMakeFiles/cmTC_b7bff.dir/CheckIncludeFile.c.o  -o cmTC_b7bff  -lm 
make[1]: выход из каталога «/home/ilya/Рабочий стол/eltex/Sob_eltex/lib/json-c/CMakeFiles/CMakeTmp»



Determining if the INFINITY exist passed with the following output:
Change Dir: /home/ilya/Рабочий стол/eltex/Sob_eltex/lib/json-c/CMakeFiles/CMakeTmp

Run Build Command(s):/usr/bin/make cmTC_c454e/fast && /usr/bin/make -f CMakeFiles/cmTC_c454e.dir/build.make CMakeFiles/cmTC_c454e.dir/build
make[1]: вход в каталог «/home/ilya/Рабочий стол/eltex/Sob_eltex/lib/json-c/CMakeFiles/CMakeTmp»
Building C object CMakeFiles/cmTC_c454e.dir/CheckSymbolExists.c.o
/usr/bin/cc -D_GNU_SOURCE  -fPIE   -o CMakeFiles/cmTC_c454e.dir/CheckSymbolExists.c.o   -c "/home/ilya/Рабочий стол/eltex/Sob_eltex/lib/json-c/CMakeFiles/CMakeTmp/CheckSymbolExists.c"
Linking C executable cmTC_c454e
/usr/bin/cmake -E cmake_link_script CMakeFiles/cmTC_c454e.dir/link.txt --verbose=1
/usr/bin/cc      -rdynamic CMakeFiles/cmTC_c454e.dir/CheckSymbolExists.c.o  -o cmTC_c454e  -lm 
make[1]: выход из каталога «/home/ilya/Рабочий стол/eltex/Sob_eltex/lib/json-c/CMakeFiles/CMakeTmp»


File /home/ilya/Рабочий стол/eltex/Sob_eltex/lib/json-c/CMakeFiles/CMakeTmp/CheckSymbolExists.c:
/* */
#include <math.h>

int main(int argc, char** argv)
{
  (void)argv;
#ifndef INFINITY
  return ((int*)(&INFINITY))[argc];
#else
  (void)argc;
  return 0;
#endif
}
Determining if the isinf exist passed with the following output:
Change Dir: /home/ilya/Рабочий стол/eltex/Sob_eltex/lib/json-c/CMakeFiles/CMakeTmp

Run Build Command(s):/usr/bin/make cmTC_9659b/fast && /usr/bin/make -f CMakeFiles/cmTC_9659b.dir/build.make CMakeFiles/cmTC_9659b.dir/build
make[1]: вход в каталог «/home/ilya/Рабочий стол/eltex/Sob_eltex/lib/json-c/CMakeFiles/CMakeTmp»
Building C object CMakeFiles/cmTC_9659b.dir/CheckSymbolExists.c.o
/usr/bin/cc -D_GNU_SOURCE  -fPIE   -o CMakeFiles/cmTC_9659b.dir/CheckSymbolExists.c.o   -c "/home/ilya/Рабочий стол/eltex/Sob_eltex/lib/json-c/CMakeFiles/CMakeTmp/CheckSymbolExists.c"
Linking C executable cmTC_9659b
/usr/bin/cmake -E cmake_link_script CMakeFiles/cmTC_9659b.dir/link.txt --verbose=1
/usr/bin/cc      -rdynamic CMakeFiles/cmTC_9659b.dir/CheckSymbolExists.c.o  -o cmTC_9659b  -lm 
make[1]: выход из каталога «/home/ilya/Рабочий стол/eltex/Sob_eltex/lib/json-c/CMakeFiles/CMakeTmp»


File /home/ilya/Рабочий стол/eltex/Sob_eltex/lib/json-c/CMakeFiles/CMakeTmp/CheckSymbolExists.c:
/* */
#include <math.h>

int main(int argc, char** argv)
{
  (void)argv;
#ifndef isinf
  return ((int*)(&isinf))[argc];
#else
  (void)argc;
  return 0;
#endif
}
Determining if the isnan exist passed with the following output:
Change Dir: /home/ilya/Рабочий стол/eltex/Sob_eltex/lib/json-c/CMakeFiles/CMakeTmp

Run Build Command(s):/usr/bin/make cmTC_1f869/fast && /usr/bin/make -f CMakeFiles/cmTC_1f869.dir/build.make CMakeFiles/cmTC_1f869.dir/build
make[1]: вход в каталог «/home/ilya/Рабочий стол/eltex/Sob_eltex/lib/json-c/CMakeFiles/CMakeTmp»
Building C object CMakeFiles/cmTC_1f869.dir/CheckSymbolExists.c.o
/usr/bin/cc -D_GNU_SOURCE  -fPIE   -o CMakeFiles/cmTC_1f869.dir/CheckSymbolExists.c.o   -c "/home/ilya/Рабочий стол/eltex/Sob_eltex/lib/json-c/CMakeFiles/CMakeTmp/CheckSymbolExists.c"
Linking C executable cmTC_1f869
/usr/bin/cmake -E cmake_link_script CMakeFiles/cmTC_1f869.dir/link.txt --verbose=1
/usr/bin/cc      -rdynamic CMakeFiles/cmTC_1f869.dir/CheckSymbolExists.c.o  -o cmTC_1f869  -lm 
make[1]: выход из каталога «/home/ilya/Рабочий стол/eltex/Sob_eltex/lib/json-c/CMakeFiles/CMakeTmp»


File /home/ilya/Рабочий стол/eltex/Sob_eltex/lib/json-c/CMakeFiles/CMakeTmp/CheckSymbolExists.c:
/* */
#include <math.h>

int main(int argc, char** argv)
{
  (void)argv;
#ifndef isnan
  return ((int*)(&isnan))[argc];
#else
  (void)argc;
  return 0;
#endif
}
Determining if the nan exist passed with the following output:
Change Dir: /home/ilya/Рабочий стол/eltex/Sob_eltex/lib/json-c/CMakeFiles/CMakeTmp

Run Build Command(s):/usr/bin/make cmTC_cf30f/fast && /usr/bin/make -f CMakeFiles/cmTC_cf30f.dir/build.make CMakeFiles/cmTC_cf30f.dir/build
make[1]: вход в каталог «/home/ilya/Рабочий стол/eltex/Sob_eltex/lib/json-c/CMakeFiles/CMakeTmp»
Building C object CMakeFiles/cmTC_cf30f.dir/CheckSymbolExists.c.o
/usr/bin/cc -D_GNU_SOURCE  -fPIE   -o CMakeFiles/cmTC_cf30f.dir/CheckSymbolExists.c.o   -c "/home/ilya/Рабочий стол/eltex/Sob_eltex/lib/json-c/CMakeFiles/CMakeTmp/CheckSymbolExists.c"
Linking C executable cmTC_cf30f
/usr/bin/cmake -E cmake_link_script CMakeFiles/cmTC_cf30f.dir/link.txt --verbose=1
/usr/bin/cc      -rdynamic CMakeFiles/cmTC_cf30f.dir/CheckSymbolExists.c.o  -o cmTC_cf30f  -lm 
make[1]: выход из каталога «/home/ilya/Рабочий стол/eltex/Sob_eltex/lib/json-c/CMakeFiles/CMakeTmp»


File /home/ilya/Рабочий стол/eltex/Sob_eltex/lib/json-c/CMakeFiles/CMakeTmp/CheckSymbolExists.c:
/* */
#include <math.h>

int main(int argc, char** argv)
{
  (void)argv;
#ifndef nan
  return ((int*)(&nan))[argc];
#else
  (void)argc;
  return 0;
#endif
}
Determining if the snprintf exist passed with the following output:
Change Dir: /home/ilya/Рабочий стол/eltex/Sob_eltex/lib/json-c/CMakeFiles/CMakeTmp

Run Build Command(s):/usr/bin/make cmTC_f2ac4/fast && /usr/bin/make -f CMakeFiles/cmTC_f2ac4.dir/build.make CMakeFiles/cmTC_f2ac4.dir/build
make[1]: вход в каталог «/home/ilya/Рабочий стол/eltex/Sob_eltex/lib/json-c/CMakeFiles/CMakeTmp»
Building C object CMakeFiles/cmTC_f2ac4.dir/CheckSymbolExists.c.o
/usr/bin/cc -D_GNU_SOURCE  -fPIE   -o CMakeFiles/cmTC_f2ac4.dir/CheckSymbolExists.c.o   -c "/home/ilya/Рабочий стол/eltex/Sob_eltex/lib/json-c/CMakeFiles/CMakeTmp/CheckSymbolExists.c"
Linking C executable cmTC_f2ac4
/usr/bin/cmake -E cmake_link_script CMakeFiles/cmTC_f2ac4.dir/link.txt --verbose=1
/usr/bin/cc      -rdynamic CMakeFiles/cmTC_f2ac4.dir/CheckSymbolExists.c.o  -o cmTC_f2ac4  -lm 
make[1]: выход из каталога «/home/ilya/Рабочий стол/eltex/Sob_eltex/lib/json-c/CMakeFiles/CMakeTmp»


File /home/ilya/Рабочий стол/eltex/Sob_eltex/lib/json-c/CMakeFiles/CMakeTmp/CheckSymbolExists.c:
/* */
#include <stdio.h>

int main(int argc, char** argv)
{
  (void)argv;
#ifndef snprintf
  return ((int*)(&snprintf))[argc];
#else
  (void)argc;
  return 0;
#endif
}
Determining if the vasprintf exist passed with the following output:
Change Dir: /home/ilya/Рабочий стол/eltex/Sob_eltex/lib/json-c/CMakeFiles/CMakeTmp

Run Build Command(s):/usr/bin/make cmTC_1a63c/fast && /usr/bin/make -f CMakeFiles/cmTC_1a63c.dir/build.make CMakeFiles/cmTC_1a63c.dir/build
make[1]: вход в каталог «/home/ilya/Рабочий стол/eltex/Sob_eltex/lib/json-c/CMakeFiles/CMakeTmp»
Building C object CMakeFiles/cmTC_1a63c.dir/CheckSymbolExists.c.o
/usr/bin/cc -D_GNU_SOURCE  -fPIE   -o CMakeFiles/cmTC_1a63c.dir/CheckSymbolExists.c.o   -c "/home/ilya/Рабочий стол/eltex/Sob_eltex/lib/json-c/CMakeFiles/CMakeTmp/CheckSymbolExists.c"
Linking C executable cmTC_1a63c
/usr/bin/cmake -E cmake_link_script CMakeFiles/cmTC_1a63c.dir/link.txt --verbose=1
/usr/bin/cc      -rdynamic CMakeFiles/cmTC_1a63c.dir/CheckSymbolExists.c.o  -o cmTC_1a63c  -lm 
make[1]: выход из каталога «/home/ilya/Рабочий стол/eltex/Sob_eltex/lib/json-c/CMakeFiles/CMakeTmp»


File /home/ilya/Рабочий стол/eltex/Sob_eltex/lib/json-c/CMakeFiles/CMakeTmp/CheckSymbolExists.c:
/* */
#include <stdio.h>

int main(int argc, char** argv)
{
  (void)argv;
#ifndef vasprintf
  return ((int*)(&vasprintf))[argc];
#else
  (void)argc;
  return 0;
#endif
}
Determining if the vsnprintf exist passed with the following output:
Change Dir: /home/ilya/Рабочий стол/eltex/Sob_eltex/lib/json-c/CMakeFiles/CMakeTmp

Run Build Command(s):/usr/bin/make cmTC_7914e/fast && /usr/bin/make -f CMakeFiles/cmTC_7914e.dir/build.make CMakeFiles/cmTC_7914e.dir/build
make[1]: вход в каталог «/home/ilya/Рабочий стол/eltex/Sob_eltex/lib/json-c/CMakeFiles/CMakeTmp»
Building C object CMakeFiles/cmTC_7914e.dir/CheckSymbolExists.c.o
/usr/bin/cc -D_GNU_SOURCE  -fPIE   -o CMakeFiles/cmTC_7914e.dir/CheckSymbolExists.c.o   -c "/home/ilya/Рабочий стол/eltex/Sob_eltex/lib/json-c/CMakeFiles/CMakeTmp/CheckSymbolExists.c"
Linking C executable cmTC_7914e
/usr/bin/cmake -E cmake_link_script CMakeFiles/cmTC_7914e.dir/link.txt --verbose=1
/usr/bin/cc      -rdynamic CMakeFiles/cmTC_7914e.dir/CheckSymbolExists.c.o  -o cmTC_7914e  -lm 
make[1]: выход из каталога «/home/ilya/Рабочий стол/eltex/Sob_eltex/lib/json-c/CMakeFiles/CMakeTmp»


File /home/ilya/Рабочий стол/eltex/Sob_eltex/lib/json-c/CMakeFiles/CMakeTmp/CheckSymbolExists.c:
/* */
#include <stdio.h>

int main(int argc, char** argv)
{
  (void)argv;
#ifndef vsnprintf
  return ((int*)(&vsnprintf))[argc];
#else
  (void)argc;
  return 0;
#endif
}
Determining if the vprintf exist passed with the following output:
Change Dir: /home/ilya/Рабочий стол/eltex/Sob_eltex/lib/json-c/CMakeFiles/CMakeTmp

Run Build Command(s):/usr/bin/make cmTC_ff59c/fast && /usr/bin/make -f CMakeFiles/cmTC_ff59c.dir/build.make CMakeFiles/cmTC_ff59c.dir/build
make[1]: вход в каталог «/home/ilya/Рабочий стол/eltex/Sob_eltex/lib/json-c/CMakeFiles/CMakeTmp»
Building C object CMakeFiles/cmTC_ff59c.dir/CheckSymbolExists.c.o
/usr/bin/cc -D_GNU_SOURCE  -fPIE   -o CMakeFiles/cmTC_ff59c.dir/CheckSymbolExists.c.o   -c "/home/ilya/Рабочий стол/eltex/Sob_eltex/lib/json-c/CMakeFiles/CMakeTmp/CheckSymbolExists.c"
Linking C executable cmTC_ff59c
/usr/bin/cmake -E cmake_link_script CMakeFiles/cmTC_ff59c.dir/link.txt --verbose=1
/usr/bin/cc      -rdynamic CMakeFiles/cmTC_ff59c.dir/CheckSymbolExists.c.o  -o cmTC_ff59c  -lm 
make[1]: выход из каталога «/home/ilya/Рабочий стол/eltex/Sob_eltex/lib/json-c/CMakeFiles/CMakeTmp»


File /home/ilya/Рабочий стол/eltex/Sob_eltex/lib/json-c/CMakeFiles/CMakeTmp/CheckSymbolExists.c:
/* */
#include <stdio.h>

int main(int argc, char** argv)
{
  (void)argv;
#ifndef vprintf
  return ((int*)(&vprintf))[argc];
#else
  (void)argc;
  return 0;
#endif
}
Determining if the open exist passed with the following output:
Change Dir: /home/ilya/Рабочий стол/eltex/Sob_eltex/lib/json-c/CMakeFiles/CMakeTmp

Run Build Command(s):/usr/bin/make cmTC_26cb0/fast && /usr/bin/make -f CMakeFiles/cmTC_26cb0.dir/build.make CMakeFiles/cmTC_26cb0.dir/build
make[1]: вход в каталог «/home/ilya/Рабочий стол/eltex/Sob_eltex/lib/json-c/CMakeFiles/CMakeTmp»
Building C object CMakeFiles/cmTC_26cb0.dir/CheckSymbolExists.c.o
/usr/bin/cc -D_GNU_SOURCE  -fPIE   -o CMakeFiles/cmTC_26cb0.dir/CheckSymbolExists.c.o   -c "/home/ilya/Рабочий стол/eltex/Sob_eltex/lib/json-c/CMakeFiles/CMakeTmp/CheckSymbolExists.c"
Linking C executable cmTC_26cb0
/usr/bin/cmake -E cmake_link_script CMakeFiles/cmTC_26cb0.dir/link.txt --verbose=1
/usr/bin/cc      -rdynamic CMakeFiles/cmTC_26cb0.dir/CheckSymbolExists.c.o  -o cmTC_26cb0  -lm 
make[1]: выход из каталога «/home/ilya/Рабочий стол/eltex/Sob_eltex/lib/json-c/CMakeFiles/CMakeTmp»


File /home/ilya/Рабочий стол/eltex/Sob_eltex/lib/json-c/CMakeFiles/CMakeTmp/CheckSymbolExists.c:
/* */
#include <fcntl.h>

int main(int argc, char** argv)
{
  (void)argv;
#ifndef open
  return ((int*)(&open))[argc];
#else
  (void)argc;
  return 0;
#endif
}
Determining if the realloc exist passed with the following output:
Change Dir: /home/ilya/Рабочий стол/eltex/Sob_eltex/lib/json-c/CMakeFiles/CMakeTmp

Run Build Command(s):/usr/bin/make cmTC_d6dbd/fast && /usr/bin/make -f CMakeFiles/cmTC_d6dbd.dir/build.make CMakeFiles/cmTC_d6dbd.dir/build
make[1]: вход в каталог «/home/ilya/Рабочий стол/eltex/Sob_eltex/lib/json-c/CMakeFiles/CMakeTmp»
Building C object CMakeFiles/cmTC_d6dbd.dir/CheckSymbolExists.c.o
/usr/bin/cc -D_GNU_SOURCE  -fPIE   -o CMakeFiles/cmTC_d6dbd.dir/CheckSymbolExists.c.o   -c "/home/ilya/Рабочий стол/eltex/Sob_eltex/lib/json-c/CMakeFiles/CMakeTmp/CheckSymbolExists.c"
Linking C executable cmTC_d6dbd
/usr/bin/cmake -E cmake_link_script CMakeFiles/cmTC_d6dbd.dir/link.txt --verbose=1
/usr/bin/cc      -rdynamic CMakeFiles/cmTC_d6dbd.dir/CheckSymbolExists.c.o  -o cmTC_d6dbd  -lm 
make[1]: выход из каталога «/home/ilya/Рабочий стол/eltex/Sob_eltex/lib/json-c/CMakeFiles/CMakeTmp»


File /home/ilya/Рабочий стол/eltex/Sob_eltex/lib/json-c/CMakeFiles/CMakeTmp/CheckSymbolExists.c:
/* */
#include <stdlib.h>

int main(int argc, char** argv)
{
  (void)argv;
#ifndef realloc
  return ((int*)(&realloc))[argc];
#else
  (void)argc;
  return 0;
#endif
}
Determining if the setlocale exist passed with the following output:
Change Dir: /home/ilya/Рабочий стол/eltex/Sob_eltex/lib/json-c/CMakeFiles/CMakeTmp

Run Build Command(s):/usr/bin/make cmTC_3d93e/fast && /usr/bin/make -f CMakeFiles/cmTC_3d93e.dir/build.make CMakeFiles/cmTC_3d93e.dir/build
make[1]: вход в каталог «/home/ilya/Рабочий стол/eltex/Sob_eltex/lib/json-c/CMakeFiles/CMakeTmp»
Building C object CMakeFiles/cmTC_3d93e.dir/CheckSymbolExists.c.o
/usr/bin/cc -D_GNU_SOURCE  -fPIE   -o CMakeFiles/cmTC_3d93e.dir/CheckSymbolExists.c.o   -c "/home/ilya/Рабочий стол/eltex/Sob_eltex/lib/json-c/CMakeFiles/CMakeTmp/CheckSymbolExists.c"
Linking C executable cmTC_3d93e
/usr/bin/cmake -E cmake_link_script CMakeFiles/cmTC_3d93e.dir/link.txt --verbose=1
/usr/bin/cc      -rdynamic CMakeFiles/cmTC_3d93e.dir/CheckSymbolExists.c.o  -o cmTC_3d93e  -lm 
make[1]: выход из каталога «/home/ilya/Рабочий стол/eltex/Sob_eltex/lib/json-c/CMakeFiles/CMakeTmp»


File /home/ilya/Рабочий стол/eltex/Sob_eltex/lib/json-c/CMakeFiles/CMakeTmp/CheckSymbolExists.c:
/* */
#include <locale.h>

int main(int argc, char** argv)
{
  (void)argv;
#ifndef setlocale
  return ((int*)(&setlocale))[argc];
#else
  (void)argc;
  return 0;
#endif
}
Determining if the uselocale exist passed with the following output:
Change Dir: /home/ilya/Рабочий стол/eltex/Sob_eltex/lib/json-c/CMakeFiles/CMakeTmp

Run Build Command(s):/usr/bin/make cmTC_31a12/fast && /usr/bin/make -f CMakeFiles/cmTC_31a12.dir/build.make CMakeFiles/cmTC_31a12.dir/build
make[1]: вход в каталог «/home/ilya/Рабочий стол/eltex/Sob_eltex/lib/json-c/CMakeFiles/CMakeTmp»
Building C object CMakeFiles/cmTC_31a12.dir/CheckSymbolExists.c.o
/usr/bin/cc -D_GNU_SOURCE  -fPIE   -o CMakeFiles/cmTC_31a12.dir/CheckSymbolExists.c.o   -c "/home/ilya/Рабочий стол/eltex/Sob_eltex/lib/json-c/CMakeFiles/CMakeTmp/CheckSymbolExists.c"
Linking C executable cmTC_31a12
/usr/bin/cmake -E cmake_link_script CMakeFiles/cmTC_31a12.dir/link.txt --verbose=1
/usr/bin/cc      -rdynamic CMakeFiles/cmTC_31a12.dir/CheckSymbolExists.c.o  -o cmTC_31a12  -lm 
make[1]: выход из каталога «/home/ilya/Рабочий стол/eltex/Sob_eltex/lib/json-c/CMakeFiles/CMakeTmp»


File /home/ilya/Рабочий стол/eltex/Sob_eltex/lib/json-c/CMakeFiles/CMakeTmp/CheckSymbolExists.c:
/* */
#include <locale.h>

int main(int argc, char** argv)
{
  (void)argv;
#ifndef uselocale
  return ((int*)(&uselocale))[argc];
#else
  (void)argc;
  return 0;
#endif
}
Determining if the strcasecmp exist passed with the following output:
Change Dir: /home/ilya/Рабочий стол/eltex/Sob_eltex/lib/json-c/CMakeFiles/CMakeTmp

Run Build Command(s):/usr/bin/make cmTC_01175/fast && /usr/bin/make -f CMakeFiles/cmTC_01175.dir/build.make CMakeFiles/cmTC_01175.dir/build
make[1]: вход в каталог «/home/ilya/Рабочий стол/eltex/Sob_eltex/lib/json-c/CMakeFiles/CMakeTmp»
Building C object CMakeFiles/cmTC_01175.dir/CheckSymbolExists.c.o
/usr/bin/cc -D_GNU_SOURCE  -fPIE   -o CMakeFiles/cmTC_01175.dir/CheckSymbolExists.c.o   -c "/home/ilya/Рабочий стол/eltex/Sob_eltex/lib/json-c/CMakeFiles/CMakeTmp/CheckSymbolExists.c"
Linking C executable cmTC_01175
/usr/bin/cmake -E cmake_link_script CMakeFiles/cmTC_01175.dir/link.txt --verbose=1
/usr/bin/cc      -rdynamic CMakeFiles/cmTC_01175.dir/CheckSymbolExists.c.o  -o cmTC_01175  -lm 
make[1]: выход из каталога «/home/ilya/Рабочий стол/eltex/Sob_eltex/lib/json-c/CMakeFiles/CMakeTmp»


File /home/ilya/Рабочий стол/eltex/Sob_eltex/lib/json-c/CMakeFiles/CMakeTmp/CheckSymbolExists.c:
/* */
#include <strings.h>

int main(int argc, char** argv)
{
  (void)argv;
#ifndef strcasecmp
  return ((int*)(&strcasecmp))[argc];
#else
  (void)argc;
  return 0;
#endif
}
Determining if the strncasecmp exist passed with the following output:
Change Dir: /home/ilya/Рабочий стол/eltex/Sob_eltex/lib/json-c/CMakeFiles/CMakeTmp

Run Build Command(s):/usr/bin/make cmTC_65e58/fast && /usr/bin/make -f CMakeFiles/cmTC_65e58.dir/build.make CMakeFiles/cmTC_65e58.dir/build
make[1]: вход в каталог «/home/ilya/Рабочий стол/eltex/Sob_eltex/lib/json-c/CMakeFiles/CMakeTmp»
Building C object CMakeFiles/cmTC_65e58.dir/CheckSymbolExists.c.o
/usr/bin/cc -D_GNU_SOURCE  -fPIE   -o CMakeFiles/cmTC_65e58.dir/CheckSymbolExists.c.o   -c "/home/ilya/Рабочий стол/eltex/Sob_eltex/lib/json-c/CMakeFiles/CMakeTmp/CheckSymbolExists.c"
Linking C executable cmTC_65e58
/usr/bin/cmake -E cmake_link_script CMakeFiles/cmTC_65e58.dir/link.txt --verbose=1
/usr/bin/cc      -rdynamic CMakeFiles/cmTC_65e58.dir/CheckSymbolExists.c.o  -o cmTC_65e58  -lm 
make[1]: выход из каталога «/home/ilya/Рабочий стол/eltex/Sob_eltex/lib/json-c/CMakeFiles/CMakeTmp»


File /home/ilya/Рабочий стол/eltex/Sob_eltex/lib/json-c/CMakeFiles/CMakeTmp/CheckSymbolExists.c:
/* */
#include <strings.h>

int main(int argc, char** argv)
{
  (void)argv;
#ifndef strncasecmp
  return ((int*)(&strncasecmp))[argc];
#else
  (void)argc;
  return 0;
#endif
}
Determining if the strdup exist passed with the following output:
Change Dir: /home/ilya/Рабочий стол/eltex/Sob_eltex/lib/json-c/CMakeFiles/CMakeTmp

Run Build Command(s):/usr/bin/make cmTC_a92d3/fast && /usr/bin/make -f CMakeFiles/cmTC_a92d3.dir/build.make CMakeFiles/cmTC_a92d3.dir/build
make[1]: вход в каталог «/home/ilya/Рабочий стол/eltex/Sob_eltex/lib/json-c/CMakeFiles/CMakeTmp»
Building C object CMakeFiles/cmTC_a92d3.dir/CheckSymbolExists.c.o
/usr/bin/cc -D_GNU_SOURCE  -fPIE   -o CMakeFiles/cmTC_a92d3.dir/CheckSymbolExists.c.o   -c "/home/ilya/Рабочий стол/eltex/Sob_eltex/lib/json-c/CMakeFiles/CMakeTmp/CheckSymbolExists.c"
Linking C executable cmTC_a92d3
/usr/bin/cmake -E cmake_link_script CMakeFiles/cmTC_a92d3.dir/link.txt --verbose=1
/usr/bin/cc      -rdynamic CMakeFiles/cmTC_a92d3.dir/CheckSymbolExists.c.o  -o cmTC_a92d3  -lm 
make[1]: выход из каталога «/home/ilya/Рабочий стол/eltex/Sob_eltex/lib/json-c/CMakeFiles/CMakeTmp»


File /home/ilya/Рабочий стол/eltex/Sob_eltex/lib/json-c/CMakeFiles/CMakeTmp/CheckSymbolExists.c:
/* */
#include <string.h>

int main(int argc, char** argv)
{
  (void)argv;
#ifndef strdup
  return ((int*)(&strdup))[argc];
#else
  (void)argc;
  return 0;
#endif
}
Determining if the strerror exist passed with the following output:
Change Dir: /home/ilya/Рабочий стол/eltex/Sob_eltex/lib/json-c/CMakeFiles/CMakeTmp

Run Build Command(s):/usr/bin/make cmTC_d59a7/fast && /usr/bin/make -f CMakeFiles/cmTC_d59a7.dir/build.make CMakeFiles/cmTC_d59a7.dir/build
make[1]: вход в каталог «/home/ilya/Рабочий стол/eltex/Sob_eltex/lib/json-c/CMakeFiles/CMakeTmp»
Building C object CMakeFiles/cmTC_d59a7.dir/CheckSymbolExists.c.o
/usr/bin/cc -D_GNU_SOURCE  -fPIE   -o CMakeFiles/cmTC_d59a7.dir/CheckSymbolExists.c.o   -c "/home/ilya/Рабочий стол/eltex/Sob_eltex/lib/json-c/CMakeFiles/CMakeTmp/CheckSymbolExists.c"
Linking C executable cmTC_d59a7
/usr/bin/cmake -E cmake_link_script CMakeFiles/cmTC_d59a7.dir/link.txt --verbose=1
/usr/bin/cc      -rdynamic CMakeFiles/cmTC_d59a7.dir/CheckSymbolExists.c.o  -o cmTC_d59a7  -lm 
make[1]: выход из каталога «/home/ilya/Рабочий стол/eltex/Sob_eltex/lib/json-c/CMakeFiles/CMakeTmp»


File /home/ilya/Рабочий стол/eltex/Sob_eltex/lib/json-c/CMakeFiles/CMakeTmp/CheckSymbolExists.c:
/* */
#include <string.h>

int main(int argc, char** argv)
{
  (void)argv;
#ifndef strerror
  return ((int*)(&strerror))[argc];
#else
  (void)argc;
  return 0;
#endif
}
Determining if the vsyslog exist passed with the following output:
Change Dir: /home/ilya/Рабочий стол/eltex/Sob_eltex/lib/json-c/CMakeFiles/CMakeTmp

Run Build Command(s):/usr/bin/make cmTC_76876/fast && /usr/bin/make -f CMakeFiles/cmTC_76876.dir/build.make CMakeFiles/cmTC_76876.dir/build
make[1]: вход в каталог «/home/ilya/Рабочий стол/eltex/Sob_eltex/lib/json-c/CMakeFiles/CMakeTmp»
Building C object CMakeFiles/cmTC_76876.dir/CheckSymbolExists.c.o
/usr/bin/cc -D_GNU_SOURCE  -fPIE   -o CMakeFiles/cmTC_76876.dir/CheckSymbolExists.c.o   -c "/home/ilya/Рабочий стол/eltex/Sob_eltex/lib/json-c/CMakeFiles/CMakeTmp/CheckSymbolExists.c"
Linking C executable cmTC_76876
/usr/bin/cmake -E cmake_link_script CMakeFiles/cmTC_76876.dir/link.txt --verbose=1
/usr/bin/cc      -rdynamic CMakeFiles/cmTC_76876.dir/CheckSymbolExists.c.o  -o cmTC_76876  -lm 
make[1]: выход из каталога «/home/ilya/Рабочий стол/eltex/Sob_eltex/lib/json-c/CMakeFiles/CMakeTmp»


File /home/ilya/Рабочий стол/eltex/Sob_eltex/lib/json-c/CMakeFiles/CMakeTmp/CheckSymbolExists.c:
/* */
#include <syslog.h>

int main(int argc, char** argv)
{
  (void)argv;
#ifndef vsyslog
  return ((int*)(&vsyslog))[argc];
#else
  (void)argc;
  return 0;
#endif
}
Determining if the getrandom exist passed with the following output:
Change Dir: /home/ilya/Рабочий стол/eltex/Sob_eltex/lib/json-c/CMakeFiles/CMakeTmp

Run Build Command(s):/usr/bin/make cmTC_5645c/fast && /usr/bin/make -f CMakeFiles/cmTC_5645c.dir/build.make CMakeFiles/cmTC_5645c.dir/build
make[1]: вход в каталог «/home/ilya/Рабочий стол/eltex/Sob_eltex/lib/json-c/CMakeFiles/CMakeTmp»
Building C object CMakeFiles/cmTC_5645c.dir/CheckSymbolExists.c.o
/usr/bin/cc -D_GNU_SOURCE  -fPIE   -o CMakeFiles/cmTC_5645c.dir/CheckSymbolExists.c.o   -c "/home/ilya/Рабочий стол/eltex/Sob_eltex/lib/json-c/CMakeFiles/CMakeTmp/CheckSymbolExists.c"
Linking C executable cmTC_5645c
/usr/bin/cmake -E cmake_link_script CMakeFiles/cmTC_5645c.dir/link.txt --verbose=1
/usr/bin/cc      -rdynamic CMakeFiles/cmTC_5645c.dir/CheckSymbolExists.c.o  -o cmTC_5645c  -lm 
make[1]: выход из каталога «/home/ilya/Рабочий стол/eltex/Sob_eltex/lib/json-c/CMakeFiles/CMakeTmp»


File /home/ilya/Рабочий стол/eltex/Sob_eltex/lib/json-c/CMakeFiles/CMakeTmp/CheckSymbolExists.c:
/* */
#include <sys/random.h>

int main(int argc, char** argv)
{
  (void)argv;
#ifndef getrandom
  return ((int*)(&getrandom))[argc];
#else
  (void)argc;
  return 0;
#endif
}
Determining if the strtoll exist passed with the following output:
Change Dir: /home/ilya/Рабочий стол/eltex/Sob_eltex/lib/json-c/CMakeFiles/CMakeTmp

Run Build Command(s):/usr/bin/make cmTC_607ed/fast && /usr/bin/make -f CMakeFiles/cmTC_607ed.dir/build.make CMakeFiles/cmTC_607ed.dir/build
make[1]: вход в каталог «/home/ilya/Рабочий стол/eltex/Sob_eltex/lib/json-c/CMakeFiles/CMakeTmp»
Building C object CMakeFiles/cmTC_607ed.dir/CheckSymbolExists.c.o
/usr/bin/cc -D_GNU_SOURCE  -fPIE   -o CMakeFiles/cmTC_607ed.dir/CheckSymbolExists.c.o   -c "/home/ilya/Рабочий стол/eltex/Sob_eltex/lib/json-c/CMakeFiles/CMakeTmp/CheckSymbolExists.c"
Linking C executable cmTC_607ed
/usr/bin/cmake -E cmake_link_script CMakeFiles/cmTC_607ed.dir/link.txt --verbose=1
/usr/bin/cc      -rdynamic CMakeFiles/cmTC_607ed.dir/CheckSymbolExists.c.o  -o cmTC_607ed  -lm 
make[1]: выход из каталога «/home/ilya/Рабочий стол/eltex/Sob_eltex/lib/json-c/CMakeFiles/CMakeTmp»


File /home/ilya/Рабочий стол/eltex/Sob_eltex/lib/json-c/CMakeFiles/CMakeTmp/CheckSymbolExists.c:
/* */
#include <stdlib.h>

int main(int argc, char** argv)
{
  (void)argv;
#ifndef strtoll
  return ((int*)(&strtoll))[argc];
#else
  (void)argc;
  return 0;
#endif
}
Determining if the strtoull exist passed with the following output:
Change Dir: /home/ilya/Рабочий стол/eltex/Sob_eltex/lib/json-c/CMakeFiles/CMakeTmp

Run Build Command(s):/usr/bin/make cmTC_3ef33/fast && /usr/bin/make -f CMakeFiles/cmTC_3ef33.dir/build.make CMakeFiles/cmTC_3ef33.dir/build
make[1]: вход в каталог «/home/ilya/Рабочий стол/eltex/Sob_eltex/lib/json-c/CMakeFiles/CMakeTmp»
Building C object CMakeFiles/cmTC_3ef33.dir/CheckSymbolExists.c.o
/usr/bin/cc -D_GNU_SOURCE  -fPIE   -o CMakeFiles/cmTC_3ef33.dir/CheckSymbolExists.c.o   -c "/home/ilya/Рабочий стол/eltex/Sob_eltex/lib/json-c/CMakeFiles/CMakeTmp/CheckSymbolExists.c"
Linking C executable cmTC_3ef33
/usr/bin/cmake -E cmake_link_script CMakeFiles/cmTC_3ef33.dir/link.txt --verbose=1
/usr/bin/cc      -rdynamic CMakeFiles/cmTC_3ef33.dir/CheckSymbolExists.c.o  -o cmTC_3ef33  -lm 
make[1]: выход из каталога «/home/ilya/Рабочий стол/eltex/Sob_eltex/lib/json-c/CMakeFiles/CMakeTmp»


File /home/ilya/Рабочий стол/eltex/Sob_eltex/lib/json-c/CMakeFiles/CMakeTmp/CheckSymbolExists.c:
/* */
#include <stdlib.h>

int main(int argc, char** argv)
{
  (void)argv;
#ifndef strtoull
  return ((int*)(&strtoull))[argc];
#else
  (void)argc;
  return 0;
#endif
}
Determining if the include file stddef.h exists passed with the following output:
Change Dir: /home/ilya/Рабочий стол/eltex/Sob_eltex/lib/json-c/CMakeFiles/CMakeTmp

Run Build Command(s):/usr/bin/make cmTC_70a83/fast && /usr/bin/make -f CMakeFiles/cmTC_70a83.dir/build.make CMakeFiles/cmTC_70a83.dir/build
make[1]: вход в каталог «/home/ilya/Рабочий стол/eltex/Sob_eltex/lib/json-c/CMakeFiles/CMakeTmp»
Building C object CMakeFiles/cmTC_70a83.dir/CheckIncludeFile.c.o
/usr/bin/cc -D_GNU_SOURCE  -fPIE   -o CMakeFiles/cmTC_70a83.dir/CheckIncludeFile.c.o   -c "/home/ilya/Рабочий стол/eltex/Sob_eltex/lib/json-c/CMakeFiles/CMakeTmp/CheckIncludeFile.c"
Linking C executable cmTC_70a83
/usr/bin/cmake -E cmake_link_script CMakeFiles/cmTC_70a83.dir/link.txt --verbose=1
/usr/bin/cc      -rdynamic CMakeFiles/cmTC_70a83.dir/CheckIncludeFile.c.o  -o cmTC_70a83  -lm 
make[1]: выход из каталога «/home/ilya/Рабочий стол/eltex/Sob_eltex/lib/json-c/CMakeFiles/CMakeTmp»



Determining size of int passed with the following output:
Change Dir: /home/ilya/Рабочий стол/eltex/Sob_eltex/lib/json-c/CMakeFiles/CMakeTmp

Run Build Command(s):/usr/bin/make cmTC_a93a2/fast && /usr/bin/make -f CMakeFiles/cmTC_a93a2.dir/build.make CMakeFiles/cmTC_a93a2.dir/build
make[1]: вход в каталог «/home/ilya/Рабочий стол/eltex/Sob_eltex/lib/json-c/CMakeFiles/CMakeTmp»
Building C object CMakeFiles/cmTC_a93a2.dir/SIZEOF_INT.c.o
/usr/bin/cc -D_GNU_SOURCE  -fPIE   -o CMakeFiles/cmTC_a93a2.dir/SIZEOF_INT.c.o   -c "/home/ilya/Рабочий стол/eltex/Sob_eltex/lib/json-c/CMakeFiles/CheckTypeSize/SIZEOF_INT.c"
Linking C executable cmTC_a93a2
/usr/bin/cmake -E cmake_link_script CMakeFiles/cmTC_a93a2.dir/link.txt --verbose=1
/usr/bin/cc      -rdynamic CMakeFiles/cmTC_a93a2.dir/SIZEOF_INT.c.o  -o cmTC_a93a2  -lm 
make[1]: выход из каталога «/home/ilya/Рабочий стол/eltex/Sob_eltex/lib/json-c/CMakeFiles/CMakeTmp»



Determining size of int64_t passed with the following output:
Change Dir: /home/ilya/Рабочий стол/eltex/Sob_eltex/lib/json-c/CMakeFiles/CMakeTmp

Run Build Command(s):/usr/bin/make cmTC_ee002/fast && /usr/bin/make -f CMakeFiles/cmTC_ee002.dir/build.make CMakeFiles/cmTC_ee002.dir/build
make[1]: вход в каталог «/home/ilya/Рабочий стол/eltex/Sob_eltex/lib/json-c/CMakeFiles/CMakeTmp»
Building C object CMakeFiles/cmTC_ee002.dir/SIZEOF_INT64_T.c.o
/usr/bin/cc -D_GNU_SOURCE  -fPIE   -o CMakeFiles/cmTC_ee002.dir/SIZEOF_INT64_T.c.o   -c "/home/ilya/Рабочий стол/eltex/Sob_eltex/lib/json-c/CMakeFiles/CheckTypeSize/SIZEOF_INT64_T.c"
Linking C executable cmTC_ee002
/usr/bin/cmake -E cmake_link_script CMakeFiles/cmTC_ee002.dir/link.txt --verbose=1
/usr/bin/cc      -rdynamic CMakeFiles/cmTC_ee002.dir/SIZEOF_INT64_T.c.o  -o cmTC_ee002  -lm 
make[1]: выход из каталога «/home/ilya/Рабочий стол/eltex/Sob_eltex/lib/json-c/CMakeFiles/CMakeTmp»



Determining size of long passed with the following output:
Change Dir: /home/ilya/Рабочий стол/eltex/Sob_eltex/lib/json-c/CMakeFiles/CMakeTmp

Run Build Command(s):/usr/bin/make cmTC_e6e7b/fast && /usr/bin/make -f CMakeFiles/cmTC_e6e7b.dir/build.make CMakeFiles/cmTC_e6e7b.dir/build
make[1]: вход в каталог «/home/ilya/Рабочий стол/eltex/Sob_eltex/lib/json-c/CMakeFiles/CMakeTmp»
Building C object CMakeFiles/cmTC_e6e7b.dir/SIZEOF_LONG.c.o
/usr/bin/cc -D_GNU_SOURCE  -fPIE   -o CMakeFiles/cmTC_e6e7b.dir/SIZEOF_LONG.c.o   -c "/home/ilya/Рабочий стол/eltex/Sob_eltex/lib/json-c/CMakeFiles/CheckTypeSize/SIZEOF_LONG.c"
Linking C executable cmTC_e6e7b
/usr/bin/cmake -E cmake_link_script CMakeFiles/cmTC_e6e7b.dir/link.txt --verbose=1
/usr/bin/cc      -rdynamic CMakeFiles/cmTC_e6e7b.dir/SIZEOF_LONG.c.o  -o cmTC_e6e7b  -lm 
make[1]: выход из каталога «/home/ilya/Рабочий стол/eltex/Sob_eltex/lib/json-c/CMakeFiles/CMakeTmp»



Determining size of long long passed with the following output:
Change Dir: /home/ilya/Рабочий стол/eltex/Sob_eltex/lib/json-c/CMakeFiles/CMakeTmp

Run Build Command(s):/usr/bin/make cmTC_f79c0/fast && /usr/bin/make -f CMakeFiles/cmTC_f79c0.dir/build.make CMakeFiles/cmTC_f79c0.dir/build
make[1]: вход в каталог «/home/ilya/Рабочий стол/eltex/Sob_eltex/lib/json-c/CMakeFiles/CMakeTmp»
Building C object CMakeFiles/cmTC_f79c0.dir/SIZEOF_LONG_LONG.c.o
/usr/bin/cc -D_GNU_SOURCE  -fPIE   -o CMakeFiles/cmTC_f79c0.dir/SIZEOF_LONG_LONG.c.o   -c "/home/ilya/Рабочий стол/eltex/Sob_eltex/lib/json-c/CMakeFiles/CheckTypeSize/SIZEOF_LONG_LONG.c"
Linking C executable cmTC_f79c0
/usr/bin/cmake -E cmake_link_script CMakeFiles/cmTC_f79c0.dir/link.txt --verbose=1
/usr/bin/cc      -rdynamic CMakeFiles/cmTC_f79c0.dir/SIZEOF_LONG_LONG.c.o  -o cmTC_f79c0  -lm 
make[1]: выход из каталога «/home/ilya/Рабочий стол/eltex/Sob_eltex/lib/json-c/CMakeFiles/CMakeTmp»



Determining size of size_t passed with the following output:
Change Dir: /home/ilya/Рабочий стол/eltex/Sob_eltex/lib/json-c/CMakeFiles/CMakeTmp

Run Build Command(s):/usr/bin/make cmTC_8bf18/fast && /usr/bin/make -f CMakeFiles/cmTC_8bf18.dir/build.make CMakeFiles/cmTC_8bf18.dir/build
make[1]: вход в каталог «/home/ilya/Рабочий стол/eltex/Sob_eltex/lib/json-c/CMakeFiles/CMakeTmp»
Building C object CMakeFiles/cmTC_8bf18.dir/SIZEOF_SIZE_T.c.o
/usr/bin/cc -D_GNU_SOURCE  -fPIE   -o CMakeFiles/cmTC_8bf18.dir/SIZEOF_SIZE_T.c.o   -c "/home/ilya/Рабочий стол/eltex/Sob_eltex/lib/json-c/CMakeFiles/CheckTypeSize/SIZEOF_SIZE_T.c"
Linking C executable cmTC_8bf18
/usr/bin/cmake -E cmake_link_script CMakeFiles/cmTC_8bf18.dir/link.txt --verbose=1
/usr/bin/cc      -rdynamic CMakeFiles/cmTC_8bf18.dir/SIZEOF_SIZE_T.c.o  -o cmTC_8bf18  -lm 
make[1]: выход из каталога «/home/ilya/Рабочий стол/eltex/Sob_eltex/lib/json-c/CMakeFiles/CMakeTmp»



Determining size of ssize_t passed with the following output:
Change Dir: /home/ilya/Рабочий стол/eltex/Sob_eltex/lib/json-c/CMakeFiles/CMakeTmp

Run Build Command(s):/usr/bin/make cmTC_8caa1/fast && /usr/bin/make -f CMakeFiles/cmTC_8caa1.dir/build.make CMakeFiles/cmTC_8caa1.dir/build
make[1]: вход в каталог «/home/ilya/Рабочий стол/eltex/Sob_eltex/lib/json-c/CMakeFiles/CMakeTmp»
Building C object CMakeFiles/cmTC_8caa1.dir/SIZEOF_SSIZE_T.c.o
/usr/bin/cc -D_GNU_SOURCE  -fPIE   -o CMakeFiles/cmTC_8caa1.dir/SIZEOF_SSIZE_T.c.o   -c "/home/ilya/Рабочий стол/eltex/Sob_eltex/lib/json-c/CMakeFiles/CheckTypeSize/SIZEOF_SSIZE_T.c"
Linking C executable cmTC_8caa1
/usr/bin/cmake -E cmake_link_script CMakeFiles/cmTC_8caa1.dir/link.txt --verbose=1
/usr/bin/cc      -rdynamic CMakeFiles/cmTC_8caa1.dir/SIZEOF_SSIZE_T.c.o  -o cmTC_8caa1  -lm 
make[1]: выход из каталога «/home/ilya/Рабочий стол/eltex/Sob_eltex/lib/json-c/CMakeFiles/CMakeTmp»



Performing C SOURCE FILE Test HAVE_ATOMIC_BUILTINS succeeded with the following output:
Change Dir: /home/ilya/Рабочий стол/eltex/Sob_eltex/lib/json-c/CMakeFiles/CMakeTmp

Run Build Command(s):/usr/bin/make cmTC_2a81e/fast && /usr/bin/make -f CMakeFiles/cmTC_2a81e.dir/build.make CMakeFiles/cmTC_2a81e.dir/build
make[1]: вход в каталог «/home/ilya/Рабочий стол/eltex/Sob_eltex/lib/json-c/CMakeFiles/CMakeTmp»
Building C object CMakeFiles/cmTC_2a81e.dir/src.c.o
/usr/bin/cc -D_GNU_SOURCE  -DHAVE_ATOMIC_BUILTINS -fPIE   -o CMakeFiles/cmTC_2a81e.dir/src.c.o   -c "/home/ilya/Рабочий стол/eltex/Sob_eltex/lib/json-c/CMakeFiles/CMakeTmp/src.c"
Linking C executable cmTC_2a81e
/usr/bin/cmake -E cmake_link_script CMakeFiles/cmTC_2a81e.dir/link.txt --verbose=1
/usr/bin/cc  -DHAVE_ATOMIC_BUILTINS    -rdynamic CMakeFiles/cmTC_2a81e.dir/src.c.o  -o cmTC_2a81e  -lm 
make[1]: выход из каталога «/home/ilya/Рабочий стол/eltex/Sob_eltex/lib/json-c/CMakeFiles/CMakeTmp»


Source file was:
int main() { int i, x = 0; i = __sync_add_and_fetch(&x,1); return x; }
Performing C SOURCE FILE Test HAVE___THREAD succeeded with the following output:
Change Dir: /home/ilya/Рабочий стол/eltex/Sob_eltex/lib/json-c/CMakeFiles/CMakeTmp

Run Build Command(s):/usr/bin/make cmTC_32cb1/fast && /usr/bin/make -f CMakeFiles/cmTC_32cb1.dir/build.make CMakeFiles/cmTC_32cb1.dir/build
make[1]: вход в каталог «/home/ilya/Рабочий стол/eltex/Sob_eltex/lib/json-c/CMakeFiles/CMakeTmp»
Building C object CMakeFiles/cmTC_32cb1.dir/src.c.o
/usr/bin/cc -D_GNU_SOURCE  -DHAVE___THREAD -fPIE   -o CMakeFiles/cmTC_32cb1.dir/src.c.o   -c "/home/ilya/Рабочий стол/eltex/Sob_eltex/lib/json-c/CMakeFiles/CMakeTmp/src.c"
Linking C executable cmTC_32cb1
/usr/bin/cmake -E cmake_link_script CMakeFiles/cmTC_32cb1.dir/link.txt --verbose=1
/usr/bin/cc  -DHAVE___THREAD    -rdynamic CMakeFiles/cmTC_32cb1.dir/src.c.o  -o cmTC_32cb1  -lm 
make[1]: выход из каталога «/home/ilya/Рабочий стол/eltex/Sob_eltex/lib/json-c/CMakeFiles/CMakeTmp»


Source file was:
__thread int x = 0; int main() { return 0; }
Performing C SOURCE FILE Test REENTRANT_WORKS succeeded with the following output:
Change Dir: /home/ilya/Рабочий стол/eltex/Sob_eltex/lib/json-c/CMakeFiles/CMakeTmp

Run Build Command(s):/usr/bin/make cmTC_a07be/fast && /usr/bin/make -f CMakeFiles/cmTC_a07be.dir/build.make CMakeFiles/cmTC_a07be.dir/build
make[1]: вход в каталог «/home/ilya/Рабочий стол/eltex/Sob_eltex/lib/json-c/CMakeFiles/CMakeTmp»
Building C object CMakeFiles/cmTC_a07be.dir/src.c.o
/usr/bin/cc -D_GNU_SOURCE  -ffunction-sections -fdata-sections -Werror -Wall -Wcast-qual -Wno-error=deprecated-declarations -Wextra -Wwrite-strings -Wno-unused-parameter -Wstrict-prototypes -DREENTRANT_WORKS -fPIE   -o CMakeFiles/cmTC_a07be.dir/src.c.o   -c "/home/ilya/Рабочий стол/eltex/Sob_eltex/lib/json-c/CMakeFiles/CMakeTmp/src.c"
Linking C executable cmTC_a07be
/usr/bin/cmake -E cmake_link_script CMakeFiles/cmTC_a07be.dir/link.txt --verbose=1
/usr/bin/cc  -ffunction-sections -fdata-sections -Werror -Wall -Wcast-qual -Wno-error=deprecated-declarations -Wextra -Wwrite-strings -Wno-unused-parameter -Wstrict-prototypes -DREENTRANT_WORKS    -rdynamic CMakeFiles/cmTC_a07be.dir/src.c.o  -o cmTC_a07be  -lm 
make[1]: выход из каталога «/home/ilya/Рабочий стол/eltex/Sob_eltex/lib/json-c/CMakeFiles/CMakeTmp»


Source file was:

	/* uClibc toolchains without threading barf when _REENTRANT is defined */
	#define _REENTRANT 1
	#include <sys/types.h>
	int main (void)
	{
	  return 0;
	}
	
Performing C SOURCE FILE Test BSYMBOLIC_WORKS succeeded with the following output:
Change Dir: /home/ilya/Рабочий стол/eltex/Sob_eltex/lib/json-c/CMakeFiles/CMakeTmp

Run Build Command(s):/usr/bin/make cmTC_2f1fb/fast && /usr/bin/make -f CMakeFiles/cmTC_2f1fb.dir/build.make CMakeFiles/cmTC_2f1fb.dir/build
make[1]: вход в каталог «/home/ilya/Рабочий стол/eltex/Sob_eltex/lib/json-c/CMakeFiles/CMakeTmp»
Building C object CMakeFiles/cmTC_2f1fb.dir/src.c.o
/usr/bin/cc -D_GNU_SOURCE  -ffunction-sections -fdata-sections -Werror -Wall -Wcast-qual -Wno-error=deprecated-declarations -Wextra -Wwrite-strings -Wno-unused-parameter -Wstrict-prototypes -DBSYMBOLIC_WORKS -fPIE   -o CMakeFiles/cmTC_2f1fb.dir/src.c.o   -c "/home/ilya/Рабочий стол/eltex/Sob_eltex/lib/json-c/CMakeFiles/CMakeTmp/src.c"
Linking C executable cmTC_2f1fb
/usr/bin/cmake -E cmake_link_script CMakeFiles/cmTC_2f1fb.dir/link.txt --verbose=1
/usr/bin/cc  -ffunction-sections -fdata-sections -Werror -Wall -Wcast-qual -Wno-error=deprecated-declarations -Wextra -Wwrite-strings -Wno-unused-parameter -Wstrict-prototypes -DBSYMBOLIC_WORKS    -rdynamic CMakeFiles/cmTC_2f1fb.dir/src.c.o  -o cmTC_2f1fb  -lm -Wl,-Bsymbolic-functions 
make[1]: выход из каталога «/home/ilya/Рабочий стол/eltex/Sob_eltex/lib/json-c/CMakeFiles/CMakeTmp»


Source file was:

	int main (void)
	{
	  return 0;
	}
	
