Determining if the include file xlocale.h exists failed with the following output:
Change Dir: /home/ilya/Рабочий стол/eltex/Sob_eltex/json-c/CMakeFiles/CMakeTmp

Run Build Command(s):/usr/bin/make cmTC_52062/fast && /usr/bin/make -f CMakeFiles/cmTC_52062.dir/build.make CMakeFiles/cmTC_52062.dir/build
make[1]: вход в каталог «/home/ilya/Рабочий стол/eltex/Sob_eltex/json-c/CMakeFiles/CMakeTmp»
Building C object CMakeFiles/cmTC_52062.dir/CheckIncludeFile.c.o
/usr/bin/cc -D_GNU_SOURCE  -fPIE   -o CMakeFiles/cmTC_52062.dir/CheckIncludeFile.c.o   -c "/home/ilya/Рабочий стол/eltex/Sob_eltex/json-c/CMakeFiles/CMakeTmp/CheckIncludeFile.c"
/home/ilya/Рабочий стол/eltex/Sob_eltex/json-c/CMakeFiles/CMakeTmp/CheckIncludeFile.c:1:10: fatal error: xlocale.h: Нет такого файла или каталога
    1 | #include <xlocale.h>
      |          ^~~~~~~~~~~
compilation terminated.
make[1]: *** [CMakeFiles/cmTC_52062.dir/build.make:66: CMakeFiles/cmTC_52062.dir/CheckIncludeFile.c.o] Ошибка 1
make[1]: выход из каталога «/home/ilya/Рабочий стол/eltex/Sob_eltex/json-c/CMakeFiles/CMakeTmp»
make: *** [Makefile:121: cmTC_52062/fast] Ошибка 2



Determining if the _isnan exist failed with the following output:
Change Dir: /home/ilya/Рабочий стол/eltex/Sob_eltex/json-c/CMakeFiles/CMakeTmp

Run Build Command(s):/usr/bin/make cmTC_bcc3f/fast && /usr/bin/make -f CMakeFiles/cmTC_bcc3f.dir/build.make CMakeFiles/cmTC_bcc3f.dir/build
make[1]: вход в каталог «/home/ilya/Рабочий стол/eltex/Sob_eltex/json-c/CMakeFiles/CMakeTmp»
Building C object CMakeFiles/cmTC_bcc3f.dir/CheckSymbolExists.c.o
/usr/bin/cc -D_GNU_SOURCE  -fPIE   -o CMakeFiles/cmTC_bcc3f.dir/CheckSymbolExists.c.o   -c "/home/ilya/Рабочий стол/eltex/Sob_eltex/json-c/CMakeFiles/CMakeTmp/CheckSymbolExists.c"
/home/ilya/Рабочий стол/eltex/Sob_eltex/json-c/CMakeFiles/CMakeTmp/CheckSymbolExists.c: In function ‘main’:
/home/ilya/Рабочий стол/eltex/Sob_eltex/json-c/CMakeFiles/CMakeTmp/CheckSymbolExists.c:8:19: error: ‘_isnan’ undeclared (first use in this function)
    8 |   return ((int*)(&_isnan))[argc];
      |                   ^~~~~~
/home/ilya/Рабочий стол/eltex/Sob_eltex/json-c/CMakeFiles/CMakeTmp/CheckSymbolExists.c:8:19: note: each undeclared identifier is reported only once for each function it appears in
make[1]: *** [CMakeFiles/cmTC_bcc3f.dir/build.make:66: CMakeFiles/cmTC_bcc3f.dir/CheckSymbolExists.c.o] Ошибка 1
make[1]: выход из каталога «/home/ilya/Рабочий стол/eltex/Sob_eltex/json-c/CMakeFiles/CMakeTmp»
make: *** [Makefile:121: cmTC_bcc3f/fast] Ошибка 2


File /home/ilya/Рабочий стол/eltex/Sob_eltex/json-c/CMakeFiles/CMakeTmp/CheckSymbolExists.c:
/* */
#include <float.h>

int main(int argc, char** argv)
{
  (void)argv;
#ifndef _isnan
  return ((int*)(&_isnan))[argc];
#else
  (void)argc;
  return 0;
#endif
}
Determining if the _finite exist failed with the following output:
Change Dir: /home/ilya/Рабочий стол/eltex/Sob_eltex/json-c/CMakeFiles/CMakeTmp

Run Build Command(s):/usr/bin/make cmTC_c56ba/fast && /usr/bin/make -f CMakeFiles/cmTC_c56ba.dir/build.make CMakeFiles/cmTC_c56ba.dir/build
make[1]: вход в каталог «/home/ilya/Рабочий стол/eltex/Sob_eltex/json-c/CMakeFiles/CMakeTmp»
Building C object CMakeFiles/cmTC_c56ba.dir/CheckSymbolExists.c.o
/usr/bin/cc -D_GNU_SOURCE  -fPIE   -o CMakeFiles/cmTC_c56ba.dir/CheckSymbolExists.c.o   -c "/home/ilya/Рабочий стол/eltex/Sob_eltex/json-c/CMakeFiles/CMakeTmp/CheckSymbolExists.c"
/home/ilya/Рабочий стол/eltex/Sob_eltex/json-c/CMakeFiles/CMakeTmp/CheckSymbolExists.c: In function ‘main’:
/home/ilya/Рабочий стол/eltex/Sob_eltex/json-c/CMakeFiles/CMakeTmp/CheckSymbolExists.c:8:19: error: ‘_finite’ undeclared (first use in this function)
    8 |   return ((int*)(&_finite))[argc];
      |                   ^~~~~~~
/home/ilya/Рабочий стол/eltex/Sob_eltex/json-c/CMakeFiles/CMakeTmp/CheckSymbolExists.c:8:19: note: each undeclared identifier is reported only once for each function it appears in
make[1]: *** [CMakeFiles/cmTC_c56ba.dir/build.make:66: CMakeFiles/cmTC_c56ba.dir/CheckSymbolExists.c.o] Ошибка 1
make[1]: выход из каталога «/home/ilya/Рабочий стол/eltex/Sob_eltex/json-c/CMakeFiles/CMakeTmp»
make: *** [Makefile:121: cmTC_c56ba/fast] Ошибка 2


File /home/ilya/Рабочий стол/eltex/Sob_eltex/json-c/CMakeFiles/CMakeTmp/CheckSymbolExists.c:
/* */
#include <float.h>

int main(int argc, char** argv)
{
  (void)argv;
#ifndef _finite
  return ((int*)(&_finite))[argc];
#else
  (void)argc;
  return 0;
#endif
}
Determining if the _doprnt exist failed with the following output:
Change Dir: /home/ilya/Рабочий стол/eltex/Sob_eltex/json-c/CMakeFiles/CMakeTmp

Run Build Command(s):/usr/bin/make cmTC_c9ede/fast && /usr/bin/make -f CMakeFiles/cmTC_c9ede.dir/build.make CMakeFiles/cmTC_c9ede.dir/build
make[1]: вход в каталог «/home/ilya/Рабочий стол/eltex/Sob_eltex/json-c/CMakeFiles/CMakeTmp»
Building C object CMakeFiles/cmTC_c9ede.dir/CheckSymbolExists.c.o
/usr/bin/cc -D_GNU_SOURCE  -fPIE   -o CMakeFiles/cmTC_c9ede.dir/CheckSymbolExists.c.o   -c "/home/ilya/Рабочий стол/eltex/Sob_eltex/json-c/CMakeFiles/CMakeTmp/CheckSymbolExists.c"
/home/ilya/Рабочий стол/eltex/Sob_eltex/json-c/CMakeFiles/CMakeTmp/CheckSymbolExists.c: In function ‘main’:
/home/ilya/Рабочий стол/eltex/Sob_eltex/json-c/CMakeFiles/CMakeTmp/CheckSymbolExists.c:8:19: error: ‘_doprnt’ undeclared (first use in this function)
    8 |   return ((int*)(&_doprnt))[argc];
      |                   ^~~~~~~
/home/ilya/Рабочий стол/eltex/Sob_eltex/json-c/CMakeFiles/CMakeTmp/CheckSymbolExists.c:8:19: note: each undeclared identifier is reported only once for each function it appears in
make[1]: *** [CMakeFiles/cmTC_c9ede.dir/build.make:66: CMakeFiles/cmTC_c9ede.dir/CheckSymbolExists.c.o] Ошибка 1
make[1]: выход из каталога «/home/ilya/Рабочий стол/eltex/Sob_eltex/json-c/CMakeFiles/CMakeTmp»
make: *** [Makefile:121: cmTC_c9ede/fast] Ошибка 2


File /home/ilya/Рабочий стол/eltex/Sob_eltex/json-c/CMakeFiles/CMakeTmp/CheckSymbolExists.c:
/* */
#include <stdio.h>

int main(int argc, char** argv)
{
  (void)argv;
#ifndef _doprnt
  return ((int*)(&_doprnt))[argc];
#else
  (void)argc;
  return 0;
#endif
}
Determining if the arc4random exist failed with the following output:
Change Dir: /home/ilya/Рабочий стол/eltex/Sob_eltex/json-c/CMakeFiles/CMakeTmp

Run Build Command(s):/usr/bin/make cmTC_b966e/fast && /usr/bin/make -f CMakeFiles/cmTC_b966e.dir/build.make CMakeFiles/cmTC_b966e.dir/build
make[1]: вход в каталог «/home/ilya/Рабочий стол/eltex/Sob_eltex/json-c/CMakeFiles/CMakeTmp»
Building C object CMakeFiles/cmTC_b966e.dir/CheckSymbolExists.c.o
/usr/bin/cc -D_GNU_SOURCE  -fPIE   -o CMakeFiles/cmTC_b966e.dir/CheckSymbolExists.c.o   -c "/home/ilya/Рабочий стол/eltex/Sob_eltex/json-c/CMakeFiles/CMakeTmp/CheckSymbolExists.c"
/home/ilya/Рабочий стол/eltex/Sob_eltex/json-c/CMakeFiles/CMakeTmp/CheckSymbolExists.c: In function ‘main’:
/home/ilya/Рабочий стол/eltex/Sob_eltex/json-c/CMakeFiles/CMakeTmp/CheckSymbolExists.c:8:19: error: ‘arc4random’ undeclared (first use in this function); did you mean ‘srandom’?
    8 |   return ((int*)(&arc4random))[argc];
      |                   ^~~~~~~~~~
      |                   srandom
/home/ilya/Рабочий стол/eltex/Sob_eltex/json-c/CMakeFiles/CMakeTmp/CheckSymbolExists.c:8:19: note: each undeclared identifier is reported only once for each function it appears in
make[1]: *** [CMakeFiles/cmTC_b966e.dir/build.make:66: CMakeFiles/cmTC_b966e.dir/CheckSymbolExists.c.o] Ошибка 1
make[1]: выход из каталога «/home/ilya/Рабочий стол/eltex/Sob_eltex/json-c/CMakeFiles/CMakeTmp»
make: *** [Makefile:121: cmTC_b966e/fast] Ошибка 2


File /home/ilya/Рабочий стол/eltex/Sob_eltex/json-c/CMakeFiles/CMakeTmp/CheckSymbolExists.c:
/* */
#include <stdlib.h>

int main(int argc, char** argv)
{
  (void)argv;
#ifndef arc4random
  return ((int*)(&arc4random))[argc];
#else
  (void)argc;
  return 0;
#endif
}
Determining if the include file bsd/stdlib.h exists failed with the following output:
Change Dir: /home/ilya/Рабочий стол/eltex/Sob_eltex/json-c/CMakeFiles/CMakeTmp

Run Build Command(s):/usr/bin/make cmTC_5db8a/fast && /usr/bin/make -f CMakeFiles/cmTC_5db8a.dir/build.make CMakeFiles/cmTC_5db8a.dir/build
make[1]: вход в каталог «/home/ilya/Рабочий стол/eltex/Sob_eltex/json-c/CMakeFiles/CMakeTmp»
Building C object CMakeFiles/cmTC_5db8a.dir/CheckIncludeFile.c.o
/usr/bin/cc -D_GNU_SOURCE  -fPIE   -o CMakeFiles/cmTC_5db8a.dir/CheckIncludeFile.c.o   -c "/home/ilya/Рабочий стол/eltex/Sob_eltex/json-c/CMakeFiles/CMakeTmp/CheckIncludeFile.c"
/home/ilya/Рабочий стол/eltex/Sob_eltex/json-c/CMakeFiles/CMakeTmp/CheckIncludeFile.c:1:10: fatal error: bsd/stdlib.h: Нет такого файла или каталога
    1 | #include <bsd/stdlib.h>
      |          ^~~~~~~~~~~~~~
compilation terminated.
make[1]: *** [CMakeFiles/cmTC_5db8a.dir/build.make:66: CMakeFiles/cmTC_5db8a.dir/CheckIncludeFile.c.o] Ошибка 1
make[1]: выход из каталога «/home/ilya/Рабочий стол/eltex/Sob_eltex/json-c/CMakeFiles/CMakeTmp»
make: *** [Makefile:121: cmTC_5db8a/fast] Ошибка 2



Performing C SOURCE FILE Test HAS_GNU_WARNING_LONG failed with the following output:
Change Dir: /home/ilya/Рабочий стол/eltex/Sob_eltex/json-c/CMakeFiles/CMakeTmp

Run Build Command(s):/usr/bin/make cmTC_2a856/fast && /usr/bin/make -f CMakeFiles/cmTC_2a856.dir/build.make CMakeFiles/cmTC_2a856.dir/build
make[1]: вход в каталог «/home/ilya/Рабочий стол/eltex/Sob_eltex/json-c/CMakeFiles/CMakeTmp»
Building C object CMakeFiles/cmTC_2a856.dir/src.c.o
/usr/bin/cc -D_GNU_SOURCE  -DHAS_GNU_WARNING_LONG -fPIE   -o CMakeFiles/cmTC_2a856.dir/src.c.o   -c "/home/ilya/Рабочий стол/eltex/Sob_eltex/json-c/CMakeFiles/CMakeTmp/src.c"
/home/ilya/Рабочий стол/eltex/Sob_eltex/json-c/CMakeFiles/CMakeTmp/src.c:3:9: warning: missing terminating " character
    3 | __asm__(".section .gnu.json_object_get
      |         ^
/home/ilya/Рабочий стол/eltex/Sob_eltex/json-c/CMakeFiles/CMakeTmp/src.c:3:9: error: missing terminating " character
    3 | __asm__(".section .gnu.json_object_get
      |         ^~~~~~~~~~~~~~~~~~~~~~~~~~~~~~
/home/ilya/Рабочий стол/eltex/Sob_eltex/json-c/CMakeFiles/CMakeTmp/src.c:4:2: error: expected string literal before ‘.’ token
    4 |  .ascii "Please link against libjson-c instead of libjson"
      |  ^
/home/ilya/Рабочий стол/eltex/Sob_eltex/json-c/CMakeFiles/CMakeTmp/src.c:5:7: warning: missing terminating " character
    5 |  .text");
      |       ^
/home/ilya/Рабочий стол/eltex/Sob_eltex/json-c/CMakeFiles/CMakeTmp/src.c:5:7: error: missing terminating " character
    5 |  .text");
      |       ^~~
make[1]: *** [CMakeFiles/cmTC_2a856.dir/build.make:66: CMakeFiles/cmTC_2a856.dir/src.c.o] Ошибка 1
make[1]: выход из каталога «/home/ilya/Рабочий стол/eltex/Sob_eltex/json-c/CMakeFiles/CMakeTmp»
make: *** [Makefile:121: cmTC_2a856/fast] Ошибка 2


Source file was:

extern void json_object_get();
__asm__(".section .gnu.json_object_get
	.ascii "Please link against libjson-c instead of libjson"
	.text");
int main(int c, char *v) { return 0;}

Performing C SOURCE FILE Test VERSION_SCRIPT_WORKS failed with the following output:
Change Dir: /home/ilya/Рабочий стол/eltex/Sob_eltex/json-c/CMakeFiles/CMakeTmp

Run Build Command(s):/usr/bin/make cmTC_a2cb5/fast && /usr/bin/make -f CMakeFiles/cmTC_a2cb5.dir/build.make CMakeFiles/cmTC_a2cb5.dir/build
make[1]: вход в каталог «/home/ilya/Рабочий стол/eltex/Sob_eltex/json-c/CMakeFiles/CMakeTmp»
Building C object CMakeFiles/cmTC_a2cb5.dir/src.c.o
/usr/bin/cc -D_GNU_SOURCE  -ffunction-sections -fdata-sections -Werror -Wall -Wcast-qual -Wno-error=deprecated-declarations -Wextra -Wwrite-strings -Wno-unused-parameter -Wstrict-prototypes -DVERSION_SCRIPT_WORKS -fPIE   -o CMakeFiles/cmTC_a2cb5.dir/src.c.o   -c "/home/ilya/Рабочий стол/eltex/Sob_eltex/json-c/CMakeFiles/CMakeTmp/src.c"
Linking C executable cmTC_a2cb5
/usr/bin/cmake -E cmake_link_script CMakeFiles/cmTC_a2cb5.dir/link.txt --verbose=1
/usr/bin/cc  -ffunction-sections -fdata-sections -Werror -Wall -Wcast-qual -Wno-error=deprecated-declarations -Wextra -Wwrite-strings -Wno-unused-parameter -Wstrict-prototypes -DVERSION_SCRIPT_WORKS    -rdynamic CMakeFiles/cmTC_a2cb5.dir/src.c.o  -o cmTC_a2cb5  -lm -Wl,--version-script,/home/ilya/Рабочий стол/eltex/Sob_eltex/json-c/check-version-script.sym 
cc: error: стол/eltex/Sob_eltex/json-c/check-version-script.sym: Нет такого файла или каталога
make[1]: *** [CMakeFiles/cmTC_a2cb5.dir/build.make:87: cmTC_a2cb5] Ошибка 1
make[1]: выход из каталога «/home/ilya/Рабочий стол/eltex/Sob_eltex/json-c/CMakeFiles/CMakeTmp»
make: *** [Makefile:121: cmTC_a2cb5/fast] Ошибка 2


Source file was:

	int main (void)
	{
	  return 0;
	}
	
