The system is: Linux - 5.8.0-41-generic - x86_64
Compiling the C compiler identification source file "CMakeCCompilerId.c" succeeded.
Compiler: /usr/bin/cc 
Build flags: 
Id flags:  

The output was:
0


Compilation of the C compiler identification source "CMakeCCompilerId.c" produced "a.out"

The C compiler identification is GNU, found in "/home/ilya/Рабочий стол/eltex/json-c/CMakeFiles/3.16.3/CompilerIdC/a.out"

Determining if the C compiler works passed with the following output:
Change Dir: /home/ilya/Рабочий стол/eltex/json-c/CMakeFiles/CMakeTmp

Run Build Command(s):/usr/bin/make cmTC_f7ed0/fast && /usr/bin/make -f CMakeFiles/cmTC_f7ed0.dir/build.make CMakeFiles/cmTC_f7ed0.dir/build
make[1]: вход в каталог «/home/ilya/Рабочий стол/eltex/json-c/CMakeFiles/CMakeTmp»
Building C object CMakeFiles/cmTC_f7ed0.dir/testCCompiler.c.o
/usr/bin/cc    -o CMakeFiles/cmTC_f7ed0.dir/testCCompiler.c.o   -c "/home/ilya/Рабочий стол/eltex/json-c/CMakeFiles/CMakeTmp/testCCompiler.c"
Linking C executable cmTC_f7ed0
/usr/bin/cmake -E cmake_link_script CMakeFiles/cmTC_f7ed0.dir/link.txt --verbose=1
/usr/bin/cc      -rdynamic CMakeFiles/cmTC_f7ed0.dir/testCCompiler.c.o  -o cmTC_f7ed0 
make[1]: выход из каталога «/home/ilya/Рабочий стол/eltex/json-c/CMakeFiles/CMakeTmp»



Detecting C compiler ABI info compiled with the following output:
Change Dir: /home/ilya/Рабочий стол/eltex/json-c/CMakeFiles/CMakeTmp

Run Build Command(s):/usr/bin/make cmTC_b9c09/fast && /usr/bin/make -f CMakeFiles/cmTC_b9c09.dir/build.make CMakeFiles/cmTC_b9c09.dir/build
make[1]: Entering directory '/home/ilya/Рабочий стол/eltex/json-c/CMakeFiles/CMakeTmp'
Building C object CMakeFiles/cmTC_b9c09.dir/CMakeCCompilerABI.c.o
/usr/bin/cc   -v -o CMakeFiles/cmTC_b9c09.dir/CMakeCCompilerABI.c.o   -c /usr/share/cmake-3.16/Modules/CMakeCCompilerABI.c
Using built-in specs.
COLLECT_GCC=/usr/bin/cc
OFFLOAD_TARGET_NAMES=nvptx-none:hsa
OFFLOAD_TARGET_DEFAULT=1
Target: x86_64-linux-gnu
Configured with: ../src/configure -v --with-pkgversion='Ubuntu 9.3.0-17ubuntu1~20.04' --with-bugurl=file:///usr/share/doc/gcc-9/README.Bugs --enable-languages=c,ada,c++,go,brig,d,fortran,objc,obj-c++,gm2 --prefix=/usr --with-gcc-major-version-only --program-suffix=-9 --program-prefix=x86_64-linux-gnu- --enable-shared --enable-linker-build-id --libexecdir=/usr/lib --without-included-gettext --enable-threads=posix --libdir=/usr/lib --enable-nls --enable-clocale=gnu --enable-libstdcxx-debug --enable-libstdcxx-time=yes --with-default-libstdcxx-abi=new --enable-gnu-unique-object --disable-vtable-verify --enable-plugin --enable-default-pie --with-system-zlib --with-target-system-zlib=auto --enable-objc-gc=auto --enable-multiarch --disable-werror --with-arch-32=i686 --with-abi=m64 --with-multilib-list=m32,m64,mx32 --enable-multilib --with-tune=generic --enable-offload-targets=nvptx-none=/build/gcc-9-HskZEa/gcc-9-9.3.0/debian/tmp-nvptx/usr,hsa --without-cuda-driver --enable-checking=release --build=x86_64-linux-gnu --host=x86_64-linux-gnu --target=x86_64-linux-gnu
Thread model: posix
gcc version 9.3.0 (Ubuntu 9.3.0-17ubuntu1~20.04) 
COLLECT_GCC_OPTIONS='-v' '-o' 'CMakeFiles/cmTC_b9c09.dir/CMakeCCompilerABI.c.o' '-c' '-mtune=generic' '-march=x86-64'
 /usr/lib/gcc/x86_64-linux-gnu/9/cc1 -quiet -v -imultiarch x86_64-linux-gnu /usr/share/cmake-3.16/Modules/CMakeCCompilerABI.c -quiet -dumpbase CMakeCCompilerABI.c -mtune=generic -march=x86-64 -auxbase-strip CMakeFiles/cmTC_b9c09.dir/CMakeCCompilerABI.c.o -version -fasynchronous-unwind-tables -fstack-protector-strong -Wformat -Wformat-security -fstack-clash-protection -fcf-protection -o /tmp/ccCHdlrn.s
GNU C17 (Ubuntu 9.3.0-17ubuntu1~20.04) version 9.3.0 (x86_64-linux-gnu)
	compiled by GNU C version 9.3.0, GMP version 6.2.0, MPFR version 4.0.2, MPC version 1.1.0, isl version isl-0.22.1-GMP

GGC heuristics: --param ggc-min-expand=100 --param ggc-min-heapsize=131072
ignoring nonexistent directory "/usr/local/include/x86_64-linux-gnu"
ignoring nonexistent directory "/usr/lib/gcc/x86_64-linux-gnu/9/include-fixed"
ignoring nonexistent directory "/usr/lib/gcc/x86_64-linux-gnu/9/../../../../x86_64-linux-gnu/include"
#include "..." search starts here:
#include <...> search starts here:
 /usr/lib/gcc/x86_64-linux-gnu/9/include
 /usr/local/include
 /usr/include/x86_64-linux-gnu
 /usr/include
End of search list.
GNU C17 (Ubuntu 9.3.0-17ubuntu1~20.04) version 9.3.0 (x86_64-linux-gnu)
	compiled by GNU C version 9.3.0, GMP version 6.2.0, MPFR version 4.0.2, MPC version 1.1.0, isl version isl-0.22.1-GMP

GGC heuristics: --param ggc-min-expand=100 --param ggc-min-heapsize=131072
Compiler executable checksum: bbf13931d8de1abe14040c9909cb6969
COLLECT_GCC_OPTIONS='-v' '-o' 'CMakeFiles/cmTC_b9c09.dir/CMakeCCompilerABI.c.o' '-c' '-mtune=generic' '-march=x86-64'
 as -v --64 -o CMakeFiles/cmTC_b9c09.dir/CMakeCCompilerABI.c.o /tmp/ccCHdlrn.s
GNU assembler version 2.34 (x86_64-linux-gnu) using BFD version (GNU Binutils for Ubuntu) 2.34
COMPILER_PATH=/usr/lib/gcc/x86_64-linux-gnu/9/:/usr/lib/gcc/x86_64-linux-gnu/9/:/usr/lib/gcc/x86_64-linux-gnu/:/usr/lib/gcc/x86_64-linux-gnu/9/:/usr/lib/gcc/x86_64-linux-gnu/
LIBRARY_PATH=/usr/lib/gcc/x86_64-linux-gnu/9/:/usr/lib/gcc/x86_64-linux-gnu/9/../../../x86_64-linux-gnu/:/usr/lib/gcc/x86_64-linux-gnu/9/../../../../lib/:/lib/x86_64-linux-gnu/:/lib/../lib/:/usr/lib/x86_64-linux-gnu/:/usr/lib/../lib/:/usr/lib/gcc/x86_64-linux-gnu/9/../../../:/lib/:/usr/lib/
COLLECT_GCC_OPTIONS='-v' '-o' 'CMakeFiles/cmTC_b9c09.dir/CMakeCCompilerABI.c.o' '-c' '-mtune=generic' '-march=x86-64'
Linking C executable cmTC_b9c09
/usr/bin/cmake -E cmake_link_script CMakeFiles/cmTC_b9c09.dir/link.txt --verbose=1
/usr/bin/cc     -v -rdynamic CMakeFiles/cmTC_b9c09.dir/CMakeCCompilerABI.c.o  -o cmTC_b9c09 
Using built-in specs.
COLLECT_GCC=/usr/bin/cc
COLLECT_LTO_WRAPPER=/usr/lib/gcc/x86_64-linux-gnu/9/lto-wrapper
OFFLOAD_TARGET_NAMES=nvptx-none:hsa
OFFLOAD_TARGET_DEFAULT=1
Target: x86_64-linux-gnu
Configured with: ../src/configure -v --with-pkgversion='Ubuntu 9.3.0-17ubuntu1~20.04' --with-bugurl=file:///usr/share/doc/gcc-9/README.Bugs --enable-languages=c,ada,c++,go,brig,d,fortran,objc,obj-c++,gm2 --prefix=/usr --with-gcc-major-version-only --program-suffix=-9 --program-prefix=x86_64-linux-gnu- --enable-shared --enable-linker-build-id --libexecdir=/usr/lib --without-included-gettext --enable-threads=posix --libdir=/usr/lib --enable-nls --enable-clocale=gnu --enable-libstdcxx-debug --enable-libstdcxx-time=yes --with-default-libstdcxx-abi=new --enable-gnu-unique-object --disable-vtable-verify --enable-plugin --enable-default-pie --with-system-zlib --with-target-system-zlib=auto --enable-objc-gc=auto --enable-multiarch --disable-werror --with-arch-32=i686 --with-abi=m64 --with-multilib-list=m32,m64,mx32 --enable-multilib --with-tune=generic --enable-offload-targets=nvptx-none=/build/gcc-9-HskZEa/gcc-9-9.3.0/debian/tmp-nvptx/usr,hsa --without-cuda-driver --enable-checking=release --build=x86_64-linux-gnu --host=x86_64-linux-gnu --target=x86_64-linux-gnu
Thread model: posix
gcc version 9.3.0 (Ubuntu 9.3.0-17ubuntu1~20.04) 
COMPILER_PATH=/usr/lib/gcc/x86_64-linux-gnu/9/:/usr/lib/gcc/x86_64-linux-gnu/9/:/usr/lib/gcc/x86_64-linux-gnu/:/usr/lib/gcc/x86_64-linux-gnu/9/:/usr/lib/gcc/x86_64-linux-gnu/
LIBRARY_PATH=/usr/lib/gcc/x86_64-linux-gnu/9/:/usr/lib/gcc/x86_64-linux-gnu/9/../../../x86_64-linux-gnu/:/usr/lib/gcc/x86_64-linux-gnu/9/../../../../lib/:/lib/x86_64-linux-gnu/:/lib/../lib/:/usr/lib/x86_64-linux-gnu/:/usr/lib/../lib/:/usr/lib/gcc/x86_64-linux-gnu/9/../../../:/lib/:/usr/lib/
COLLECT_GCC_OPTIONS='-v' '-rdynamic' '-o' 'cmTC_b9c09' '-mtune=generic' '-march=x86-64'
 /usr/lib/gcc/x86_64-linux-gnu/9/collect2 -plugin /usr/lib/gcc/x86_64-linux-gnu/9/liblto_plugin.so -plugin-opt=/usr/lib/gcc/x86_64-linux-gnu/9/lto-wrapper -plugin-opt=-fresolution=/tmp/cc1WYTEP.res -plugin-opt=-pass-through=-lgcc -plugin-opt=-pass-through=-lgcc_s -plugin-opt=-pass-through=-lc -plugin-opt=-pass-through=-lgcc -plugin-opt=-pass-through=-lgcc_s --build-id --eh-frame-hdr -m elf_x86_64 --hash-style=gnu --as-needed -export-dynamic -dynamic-linker /lib64/ld-linux-x86-64.so.2 -pie -z now -z relro -o cmTC_b9c09 /usr/lib/gcc/x86_64-linux-gnu/9/../../../x86_64-linux-gnu/Scrt1.o /usr/lib/gcc/x86_64-linux-gnu/9/../../../x86_64-linux-gnu/crti.o /usr/lib/gcc/x86_64-linux-gnu/9/crtbeginS.o -L/usr/lib/gcc/x86_64-linux-gnu/9 -L/usr/lib/gcc/x86_64-linux-gnu/9/../../../x86_64-linux-gnu -L/usr/lib/gcc/x86_64-linux-gnu/9/../../../../lib -L/lib/x86_64-linux-gnu -L/lib/../lib -L/usr/lib/x86_64-linux-gnu -L/usr/lib/../lib -L/usr/lib/gcc/x86_64-linux-gnu/9/../../.. CMakeFiles/cmTC_b9c09.dir/CMakeCCompilerABI.c.o -lgcc --push-state --as-needed -lgcc_s --pop-state -lc -lgcc --push-state --as-needed -lgcc_s --pop-state /usr/lib/gcc/x86_64-linux-gnu/9/crtendS.o /usr/lib/gcc/x86_64-linux-gnu/9/../../../x86_64-linux-gnu/crtn.o
COLLECT_GCC_OPTIONS='-v' '-rdynamic' '-o' 'cmTC_b9c09' '-mtune=generic' '-march=x86-64'
make[1]: Leaving directory '/home/ilya/Рабочий стол/eltex/json-c/CMakeFiles/CMakeTmp'



Parsed C implicit include dir info from above output: rv=done
  found start of include info
  found start of implicit include info
    add: [/usr/lib/gcc/x86_64-linux-gnu/9/include]
    add: [/usr/local/include]
    add: [/usr/include/x86_64-linux-gnu]
    add: [/usr/include]
  end of search list found
  collapse include dir [/usr/lib/gcc/x86_64-linux-gnu/9/include] ==> [/usr/lib/gcc/x86_64-linux-gnu/9/include]
  collapse include dir [/usr/local/include] ==> [/usr/local/include]
  collapse include dir [/usr/include/x86_64-linux-gnu] ==> [/usr/include/x86_64-linux-gnu]
  collapse include dir [/usr/include] ==> [/usr/include]
  implicit include dirs: [/usr/lib/gcc/x86_64-linux-gnu/9/include;/usr/local/include;/usr/include/x86_64-linux-gnu;/usr/include]


Parsed C implicit link information from above output:
  link line regex: [^( *|.*[/\])(ld|CMAKE_LINK_STARTFILE-NOTFOUND|([^/\]+-)?ld|collect2)[^/\]*( |$)]
  ignore line: [Change Dir: /home/ilya/Рабочий стол/eltex/json-c/CMakeFiles/CMakeTmp]
  ignore line: []
  ignore line: [Run Build Command(s):/usr/bin/make cmTC_b9c09/fast && /usr/bin/make -f CMakeFiles/cmTC_b9c09.dir/build.make CMakeFiles/cmTC_b9c09.dir/build]
  ignore line: [make[1]: Entering directory '/home/ilya/Рабочий стол/eltex/json-c/CMakeFiles/CMakeTmp']
  ignore line: [Building C object CMakeFiles/cmTC_b9c09.dir/CMakeCCompilerABI.c.o]
  ignore line: [/usr/bin/cc   -v -o CMakeFiles/cmTC_b9c09.dir/CMakeCCompilerABI.c.o   -c /usr/share/cmake-3.16/Modules/CMakeCCompilerABI.c]
  ignore line: [Using built-in specs.]
  ignore line: [COLLECT_GCC=/usr/bin/cc]
  ignore line: [OFFLOAD_TARGET_NAMES=nvptx-none:hsa]
  ignore line: [OFFLOAD_TARGET_DEFAULT=1]
  ignore line: [Target: x86_64-linux-gnu]
  ignore line: [Configured with: ../src/configure -v --with-pkgversion='Ubuntu 9.3.0-17ubuntu1~20.04' --with-bugurl=file:///usr/share/doc/gcc-9/README.Bugs --enable-languages=c ada c++ go brig d fortran objc obj-c++ gm2 --prefix=/usr --with-gcc-major-version-only --program-suffix=-9 --program-prefix=x86_64-linux-gnu- --enable-shared --enable-linker-build-id --libexecdir=/usr/lib --without-included-gettext --enable-threads=posix --libdir=/usr/lib --enable-nls --enable-clocale=gnu --enable-libstdcxx-debug --enable-libstdcxx-time=yes --with-default-libstdcxx-abi=new --enable-gnu-unique-object --disable-vtable-verify --enable-plugin --enable-default-pie --with-system-zlib --with-target-system-zlib=auto --enable-objc-gc=auto --enable-multiarch --disable-werror --with-arch-32=i686 --with-abi=m64 --with-multilib-list=m32 m64 mx32 --enable-multilib --with-tune=generic --enable-offload-targets=nvptx-none=/build/gcc-9-HskZEa/gcc-9-9.3.0/debian/tmp-nvptx/usr hsa --without-cuda-driver --enable-checking=release --build=x86_64-linux-gnu --host=x86_64-linux-gnu --target=x86_64-linux-gnu]
  ignore line: [Thread model: posix]
  ignore line: [gcc version 9.3.0 (Ubuntu 9.3.0-17ubuntu1~20.04) ]
  ignore line: [COLLECT_GCC_OPTIONS='-v' '-o' 'CMakeFiles/cmTC_b9c09.dir/CMakeCCompilerABI.c.o' '-c' '-mtune=generic' '-march=x86-64']
  ignore line: [ /usr/lib/gcc/x86_64-linux-gnu/9/cc1 -quiet -v -imultiarch x86_64-linux-gnu /usr/share/cmake-3.16/Modules/CMakeCCompilerABI.c -quiet -dumpbase CMakeCCompilerABI.c -mtune=generic -march=x86-64 -auxbase-strip CMakeFiles/cmTC_b9c09.dir/CMakeCCompilerABI.c.o -version -fasynchronous-unwind-tables -fstack-protector-strong -Wformat -Wformat-security -fstack-clash-protection -fcf-protection -o /tmp/ccCHdlrn.s]
  ignore line: [GNU C17 (Ubuntu 9.3.0-17ubuntu1~20.04) version 9.3.0 (x86_64-linux-gnu)]
  ignore line: [	compiled by GNU C version 9.3.0  GMP version 6.2.0  MPFR version 4.0.2  MPC version 1.1.0  isl version isl-0.22.1-GMP]
  ignore line: []
  ignore line: [GGC heuristics: --param ggc-min-expand=100 --param ggc-min-heapsize=131072]
  ignore line: [ignoring nonexistent directory "/usr/local/include/x86_64-linux-gnu"]
  ignore line: [ignoring nonexistent directory "/usr/lib/gcc/x86_64-linux-gnu/9/include-fixed"]
  ignore line: [ignoring nonexistent directory "/usr/lib/gcc/x86_64-linux-gnu/9/../../../../x86_64-linux-gnu/include"]
  ignore line: [#include "..." search starts here:]
  ignore line: [#include <...> search starts here:]
  ignore line: [ /usr/lib/gcc/x86_64-linux-gnu/9/include]
  ignore line: [ /usr/local/include]
  ignore line: [ /usr/include/x86_64-linux-gnu]
  ignore line: [ /usr/include]
  ignore line: [End of search list.]
  ignore line: [GNU C17 (Ubuntu 9.3.0-17ubuntu1~20.04) version 9.3.0 (x86_64-linux-gnu)]
  ignore line: [	compiled by GNU C version 9.3.0  GMP version 6.2.0  MPFR version 4.0.2  MPC version 1.1.0  isl version isl-0.22.1-GMP]
  ignore line: []
  ignore line: [GGC heuristics: --param ggc-min-expand=100 --param ggc-min-heapsize=131072]
  ignore line: [Compiler executable checksum: bbf13931d8de1abe14040c9909cb6969]
  ignore line: [COLLECT_GCC_OPTIONS='-v' '-o' 'CMakeFiles/cmTC_b9c09.dir/CMakeCCompilerABI.c.o' '-c' '-mtune=generic' '-march=x86-64']
  ignore line: [ as -v --64 -o CMakeFiles/cmTC_b9c09.dir/CMakeCCompilerABI.c.o /tmp/ccCHdlrn.s]
  ignore line: [GNU assembler version 2.34 (x86_64-linux-gnu) using BFD version (GNU Binutils for Ubuntu) 2.34]
  ignore line: [COMPILER_PATH=/usr/lib/gcc/x86_64-linux-gnu/9/:/usr/lib/gcc/x86_64-linux-gnu/9/:/usr/lib/gcc/x86_64-linux-gnu/:/usr/lib/gcc/x86_64-linux-gnu/9/:/usr/lib/gcc/x86_64-linux-gnu/]
  ignore line: [LIBRARY_PATH=/usr/lib/gcc/x86_64-linux-gnu/9/:/usr/lib/gcc/x86_64-linux-gnu/9/../../../x86_64-linux-gnu/:/usr/lib/gcc/x86_64-linux-gnu/9/../../../../lib/:/lib/x86_64-linux-gnu/:/lib/../lib/:/usr/lib/x86_64-linux-gnu/:/usr/lib/../lib/:/usr/lib/gcc/x86_64-linux-gnu/9/../../../:/lib/:/usr/lib/]
  ignore line: [COLLECT_GCC_OPTIONS='-v' '-o' 'CMakeFiles/cmTC_b9c09.dir/CMakeCCompilerABI.c.o' '-c' '-mtune=generic' '-march=x86-64']
  ignore line: [Linking C executable cmTC_b9c09]
  ignore line: [/usr/bin/cmake -E cmake_link_script CMakeFiles/cmTC_b9c09.dir/link.txt --verbose=1]
  ignore line: [/usr/bin/cc     -v -rdynamic CMakeFiles/cmTC_b9c09.dir/CMakeCCompilerABI.c.o  -o cmTC_b9c09 ]
  ignore line: [Using built-in specs.]
  ignore line: [COLLECT_GCC=/usr/bin/cc]
  ignore line: [COLLECT_LTO_WRAPPER=/usr/lib/gcc/x86_64-linux-gnu/9/lto-wrapper]
  ignore line: [OFFLOAD_TARGET_NAMES=nvptx-none:hsa]
  ignore line: [OFFLOAD_TARGET_DEFAULT=1]
  ignore line: [Target: x86_64-linux-gnu]
  ignore line: [Configured with: ../src/configure -v --with-pkgversion='Ubuntu 9.3.0-17ubuntu1~20.04' --with-bugurl=file:///usr/share/doc/gcc-9/README.Bugs --enable-languages=c ada c++ go brig d fortran objc obj-c++ gm2 --prefix=/usr --with-gcc-major-version-only --program-suffix=-9 --program-prefix=x86_64-linux-gnu- --enable-shared --enable-linker-build-id --libexecdir=/usr/lib --without-included-gettext --enable-threads=posix --libdir=/usr/lib --enable-nls --enable-clocale=gnu --enable-libstdcxx-debug --enable-libstdcxx-time=yes --with-default-libstdcxx-abi=new --enable-gnu-unique-object --disable-vtable-verify --enable-plugin --enable-default-pie --with-system-zlib --with-target-system-zlib=auto --enable-objc-gc=auto --enable-multiarch --disable-werror --with-arch-32=i686 --with-abi=m64 --with-multilib-list=m32 m64 mx32 --enable-multilib --with-tune=generic --enable-offload-targets=nvptx-none=/build/gcc-9-HskZEa/gcc-9-9.3.0/debian/tmp-nvptx/usr hsa --without-cuda-driver --enable-checking=release --build=x86_64-linux-gnu --host=x86_64-linux-gnu --target=x86_64-linux-gnu]
  ignore line: [Thread model: posix]
  ignore line: [gcc version 9.3.0 (Ubuntu 9.3.0-17ubuntu1~20.04) ]
  ignore line: [COMPILER_PATH=/usr/lib/gcc/x86_64-linux-gnu/9/:/usr/lib/gcc/x86_64-linux-gnu/9/:/usr/lib/gcc/x86_64-linux-gnu/:/usr/lib/gcc/x86_64-linux-gnu/9/:/usr/lib/gcc/x86_64-linux-gnu/]
  ignore line: [LIBRARY_PATH=/usr/lib/gcc/x86_64-linux-gnu/9/:/usr/lib/gcc/x86_64-linux-gnu/9/../../../x86_64-linux-gnu/:/usr/lib/gcc/x86_64-linux-gnu/9/../../../../lib/:/lib/x86_64-linux-gnu/:/lib/../lib/:/usr/lib/x86_64-linux-gnu/:/usr/lib/../lib/:/usr/lib/gcc/x86_64-linux-gnu/9/../../../:/lib/:/usr/lib/]
  ignore line: [COLLECT_GCC_OPTIONS='-v' '-rdynamic' '-o' 'cmTC_b9c09' '-mtune=generic' '-march=x86-64']
  link line: [ /usr/lib/gcc/x86_64-linux-gnu/9/collect2 -plugin /usr/lib/gcc/x86_64-linux-gnu/9/liblto_plugin.so -plugin-opt=/usr/lib/gcc/x86_64-linux-gnu/9/lto-wrapper -plugin-opt=-fresolution=/tmp/cc1WYTEP.res -plugin-opt=-pass-through=-lgcc -plugin-opt=-pass-through=-lgcc_s -plugin-opt=-pass-through=-lc -plugin-opt=-pass-through=-lgcc -plugin-opt=-pass-through=-lgcc_s --build-id --eh-frame-hdr -m elf_x86_64 --hash-style=gnu --as-needed -export-dynamic -dynamic-linker /lib64/ld-linux-x86-64.so.2 -pie -z now -z relro -o cmTC_b9c09 /usr/lib/gcc/x86_64-linux-gnu/9/../../../x86_64-linux-gnu/Scrt1.o /usr/lib/gcc/x86_64-linux-gnu/9/../../../x86_64-linux-gnu/crti.o /usr/lib/gcc/x86_64-linux-gnu/9/crtbeginS.o -L/usr/lib/gcc/x86_64-linux-gnu/9 -L/usr/lib/gcc/x86_64-linux-gnu/9/../../../x86_64-linux-gnu -L/usr/lib/gcc/x86_64-linux-gnu/9/../../../../lib -L/lib/x86_64-linux-gnu -L/lib/../lib -L/usr/lib/x86_64-linux-gnu -L/usr/lib/../lib -L/usr/lib/gcc/x86_64-linux-gnu/9/../../.. CMakeFiles/cmTC_b9c09.dir/CMakeCCompilerABI.c.o -lgcc --push-state --as-needed -lgcc_s --pop-state -lc -lgcc --push-state --as-needed -lgcc_s --pop-state /usr/lib/gcc/x86_64-linux-gnu/9/crtendS.o /usr/lib/gcc/x86_64-linux-gnu/9/../../../x86_64-linux-gnu/crtn.o]
    arg [/usr/lib/gcc/x86_64-linux-gnu/9/collect2] ==> ignore
    arg [-plugin] ==> ignore
    arg [/usr/lib/gcc/x86_64-linux-gnu/9/liblto_plugin.so] ==> ignore
    arg [-plugin-opt=/usr/lib/gcc/x86_64-linux-gnu/9/lto-wrapper] ==> ignore
    arg [-plugin-opt=-fresolution=/tmp/cc1WYTEP.res] ==> ignore
    arg [-plugin-opt=-pass-through=-lgcc] ==> ignore
    arg [-plugin-opt=-pass-through=-lgcc_s] ==> ignore
    arg [-plugin-opt=-pass-through=-lc] ==> ignore
    arg [-plugin-opt=-pass-through=-lgcc] ==> ignore
    arg [-plugin-opt=-pass-through=-lgcc_s] ==> ignore
    arg [--build-id] ==> ignore
    arg [--eh-frame-hdr] ==> ignore
    arg [-m] ==> ignore
    arg [elf_x86_64] ==> ignore
    arg [--hash-style=gnu] ==> ignore
    arg [--as-needed] ==> ignore
    arg [-export-dynamic] ==> ignore
    arg [-dynamic-linker] ==> ignore
    arg [/lib64/ld-linux-x86-64.so.2] ==> ignore
    arg [-pie] ==> ignore
    arg [-znow] ==> ignore
    arg [-zrelro] ==> ignore
    arg [-o] ==> ignore
    arg [cmTC_b9c09] ==> ignore
    arg [/usr/lib/gcc/x86_64-linux-gnu/9/../../../x86_64-linux-gnu/Scrt1.o] ==> ignore
    arg [/usr/lib/gcc/x86_64-linux-gnu/9/../../../x86_64-linux-gnu/crti.o] ==> ignore
    arg [/usr/lib/gcc/x86_64-linux-gnu/9/crtbeginS.o] ==> ignore
    arg [-L/usr/lib/gcc/x86_64-linux-gnu/9] ==> dir [/usr/lib/gcc/x86_64-linux-gnu/9]
    arg [-L/usr/lib/gcc/x86_64-linux-gnu/9/../../../x86_64-linux-gnu] ==> dir [/usr/lib/gcc/x86_64-linux-gnu/9/../../../x86_64-linux-gnu]
    arg [-L/usr/lib/gcc/x86_64-linux-gnu/9/../../../../lib] ==> dir [/usr/lib/gcc/x86_64-linux-gnu/9/../../../../lib]
    arg [-L/lib/x86_64-linux-gnu] ==> dir [/lib/x86_64-linux-gnu]
    arg [-L/lib/../lib] ==> dir [/lib/../lib]
    arg [-L/usr/lib/x86_64-linux-gnu] ==> dir [/usr/lib/x86_64-linux-gnu]
    arg [-L/usr/lib/../lib] ==> dir [/usr/lib/../lib]
    arg [-L/usr/lib/gcc/x86_64-linux-gnu/9/../../..] ==> dir [/usr/lib/gcc/x86_64-linux-gnu/9/../../..]
    arg [CMakeFiles/cmTC_b9c09.dir/CMakeCCompilerABI.c.o] ==> ignore
    arg [-lgcc] ==> lib [gcc]
    arg [--push-state] ==> ignore
    arg [--as-needed] ==> ignore
    arg [-lgcc_s] ==> lib [gcc_s]
    arg [--pop-state] ==> ignore
    arg [-lc] ==> lib [c]
    arg [-lgcc] ==> lib [gcc]
    arg [--push-state] ==> ignore
    arg [--as-needed] ==> ignore
    arg [-lgcc_s] ==> lib [gcc_s]
    arg [--pop-state] ==> ignore
    arg [/usr/lib/gcc/x86_64-linux-gnu/9/crtendS.o] ==> ignore
    arg [/usr/lib/gcc/x86_64-linux-gnu/9/../../../x86_64-linux-gnu/crtn.o] ==> ignore
  collapse library dir [/usr/lib/gcc/x86_64-linux-gnu/9] ==> [/usr/lib/gcc/x86_64-linux-gnu/9]
  collapse library dir [/usr/lib/gcc/x86_64-linux-gnu/9/../../../x86_64-linux-gnu] ==> [/usr/lib/x86_64-linux-gnu]
  collapse library dir [/usr/lib/gcc/x86_64-linux-gnu/9/../../../../lib] ==> [/usr/lib]
  collapse library dir [/lib/x86_64-linux-gnu] ==> [/lib/x86_64-linux-gnu]
  collapse library dir [/lib/../lib] ==> [/lib]
  collapse library dir [/usr/lib/x86_64-linux-gnu] ==> [/usr/lib/x86_64-linux-gnu]
  collapse library dir [/usr/lib/../lib] ==> [/usr/lib]
  collapse library dir [/usr/lib/gcc/x86_64-linux-gnu/9/../../..] ==> [/usr/lib]
  implicit libs: [gcc;gcc_s;c;gcc;gcc_s]
  implicit dirs: [/usr/lib/gcc/x86_64-linux-gnu/9;/usr/lib/x86_64-linux-gnu;/usr/lib;/lib/x86_64-linux-gnu;/lib]
  implicit fwks: []


Determining if the include file sys/resource.h exists passed with the following output:
Change Dir: /home/ilya/Рабочий стол/eltex/json-c/CMakeFiles/CMakeTmp

Run Build Command(s):/usr/bin/make cmTC_8d4bf/fast && /usr/bin/make -f CMakeFiles/cmTC_8d4bf.dir/build.make CMakeFiles/cmTC_8d4bf.dir/build
make[1]: вход в каталог «/home/ilya/Рабочий стол/eltex/json-c/CMakeFiles/CMakeTmp»
Building C object CMakeFiles/cmTC_8d4bf.dir/CheckIncludeFile.c.o
/usr/bin/cc    -o CMakeFiles/cmTC_8d4bf.dir/CheckIncludeFile.c.o   -c "/home/ilya/Рабочий стол/eltex/json-c/CMakeFiles/CMakeTmp/CheckIncludeFile.c"
Linking C executable cmTC_8d4bf
/usr/bin/cmake -E cmake_link_script CMakeFiles/cmTC_8d4bf.dir/link.txt --verbose=1
/usr/bin/cc      -rdynamic CMakeFiles/cmTC_8d4bf.dir/CheckIncludeFile.c.o  -o cmTC_8d4bf 
make[1]: выход из каталога «/home/ilya/Рабочий стол/eltex/json-c/CMakeFiles/CMakeTmp»



Determining if the getrusage exist passed with the following output:
Change Dir: /home/ilya/Рабочий стол/eltex/json-c/CMakeFiles/CMakeTmp

Run Build Command(s):/usr/bin/make cmTC_adb64/fast && /usr/bin/make -f CMakeFiles/cmTC_adb64.dir/build.make CMakeFiles/cmTC_adb64.dir/build
make[1]: вход в каталог «/home/ilya/Рабочий стол/eltex/json-c/CMakeFiles/CMakeTmp»
Building C object CMakeFiles/cmTC_adb64.dir/CheckSymbolExists.c.o
/usr/bin/cc    -o CMakeFiles/cmTC_adb64.dir/CheckSymbolExists.c.o   -c "/home/ilya/Рабочий стол/eltex/json-c/CMakeFiles/CMakeTmp/CheckSymbolExists.c"
Linking C executable cmTC_adb64
/usr/bin/cmake -E cmake_link_script CMakeFiles/cmTC_adb64.dir/link.txt --verbose=1
/usr/bin/cc      -rdynamic CMakeFiles/cmTC_adb64.dir/CheckSymbolExists.c.o  -o cmTC_adb64 
make[1]: выход из каталога «/home/ilya/Рабочий стол/eltex/json-c/CMakeFiles/CMakeTmp»


File /home/ilya/Рабочий стол/eltex/json-c/CMakeFiles/CMakeTmp/CheckSymbolExists.c:
/* */
#include <sys/resource.h>

int main(int argc, char** argv)
{
  (void)argv;
#ifndef getrusage
  return ((int*)(&getrusage))[argc];
#else
  (void)argc;
  return 0;
#endif
}
Determining if the include file fcntl.h exists passed with the following output:
Change Dir: /home/ilya/Рабочий стол/eltex/json-c/CMakeFiles/CMakeTmp

Run Build Command(s):/usr/bin/make cmTC_abc71/fast && /usr/bin/make -f CMakeFiles/cmTC_abc71.dir/build.make CMakeFiles/cmTC_abc71.dir/build
make[1]: вход в каталог «/home/ilya/Рабочий стол/eltex/json-c/CMakeFiles/CMakeTmp»
Building C object CMakeFiles/cmTC_abc71.dir/CheckIncludeFile.c.o
/usr/bin/cc -D_GNU_SOURCE  -fPIE   -o CMakeFiles/cmTC_abc71.dir/CheckIncludeFile.c.o   -c "/home/ilya/Рабочий стол/eltex/json-c/CMakeFiles/CMakeTmp/CheckIncludeFile.c"
Linking C executable cmTC_abc71
/usr/bin/cmake -E cmake_link_script CMakeFiles/cmTC_abc71.dir/link.txt --verbose=1
/usr/bin/cc      -rdynamic CMakeFiles/cmTC_abc71.dir/CheckIncludeFile.c.o  -o cmTC_abc71  -lm 
make[1]: выход из каталога «/home/ilya/Рабочий стол/eltex/json-c/CMakeFiles/CMakeTmp»



Determining if the include file inttypes.h exists passed with the following output:
Change Dir: /home/ilya/Рабочий стол/eltex/json-c/CMakeFiles/CMakeTmp

Run Build Command(s):/usr/bin/make cmTC_88ab9/fast && /usr/bin/make -f CMakeFiles/cmTC_88ab9.dir/build.make CMakeFiles/cmTC_88ab9.dir/build
make[1]: вход в каталог «/home/ilya/Рабочий стол/eltex/json-c/CMakeFiles/CMakeTmp»
Building C object CMakeFiles/cmTC_88ab9.dir/CheckIncludeFile.c.o
/usr/bin/cc -D_GNU_SOURCE  -fPIE   -o CMakeFiles/cmTC_88ab9.dir/CheckIncludeFile.c.o   -c "/home/ilya/Рабочий стол/eltex/json-c/CMakeFiles/CMakeTmp/CheckIncludeFile.c"
Linking C executable cmTC_88ab9
/usr/bin/cmake -E cmake_link_script CMakeFiles/cmTC_88ab9.dir/link.txt --verbose=1
/usr/bin/cc      -rdynamic CMakeFiles/cmTC_88ab9.dir/CheckIncludeFile.c.o  -o cmTC_88ab9  -lm 
make[1]: выход из каталога «/home/ilya/Рабочий стол/eltex/json-c/CMakeFiles/CMakeTmp»



Determining if the include file stdarg.h exists passed with the following output:
Change Dir: /home/ilya/Рабочий стол/eltex/json-c/CMakeFiles/CMakeTmp

Run Build Command(s):/usr/bin/make cmTC_b79f3/fast && /usr/bin/make -f CMakeFiles/cmTC_b79f3.dir/build.make CMakeFiles/cmTC_b79f3.dir/build
make[1]: вход в каталог «/home/ilya/Рабочий стол/eltex/json-c/CMakeFiles/CMakeTmp»
Building C object CMakeFiles/cmTC_b79f3.dir/CheckIncludeFile.c.o
/usr/bin/cc -D_GNU_SOURCE  -fPIE   -o CMakeFiles/cmTC_b79f3.dir/CheckIncludeFile.c.o   -c "/home/ilya/Рабочий стол/eltex/json-c/CMakeFiles/CMakeTmp/CheckIncludeFile.c"
Linking C executable cmTC_b79f3
/usr/bin/cmake -E cmake_link_script CMakeFiles/cmTC_b79f3.dir/link.txt --verbose=1
/usr/bin/cc      -rdynamic CMakeFiles/cmTC_b79f3.dir/CheckIncludeFile.c.o  -o cmTC_b79f3  -lm 
make[1]: выход из каталога «/home/ilya/Рабочий стол/eltex/json-c/CMakeFiles/CMakeTmp»



Determining if the include file strings.h exists passed with the following output:
Change Dir: /home/ilya/Рабочий стол/eltex/json-c/CMakeFiles/CMakeTmp

Run Build Command(s):/usr/bin/make cmTC_a2cfd/fast && /usr/bin/make -f CMakeFiles/cmTC_a2cfd.dir/build.make CMakeFiles/cmTC_a2cfd.dir/build
make[1]: вход в каталог «/home/ilya/Рабочий стол/eltex/json-c/CMakeFiles/CMakeTmp»
Building C object CMakeFiles/cmTC_a2cfd.dir/CheckIncludeFile.c.o
/usr/bin/cc -D_GNU_SOURCE  -fPIE   -o CMakeFiles/cmTC_a2cfd.dir/CheckIncludeFile.c.o   -c "/home/ilya/Рабочий стол/eltex/json-c/CMakeFiles/CMakeTmp/CheckIncludeFile.c"
Linking C executable cmTC_a2cfd
/usr/bin/cmake -E cmake_link_script CMakeFiles/cmTC_a2cfd.dir/link.txt --verbose=1
/usr/bin/cc      -rdynamic CMakeFiles/cmTC_a2cfd.dir/CheckIncludeFile.c.o  -o cmTC_a2cfd  -lm 
make[1]: выход из каталога «/home/ilya/Рабочий стол/eltex/json-c/CMakeFiles/CMakeTmp»



Determining if the include file string.h exists passed with the following output:
Change Dir: /home/ilya/Рабочий стол/eltex/json-c/CMakeFiles/CMakeTmp

Run Build Command(s):/usr/bin/make cmTC_e963d/fast && /usr/bin/make -f CMakeFiles/cmTC_e963d.dir/build.make CMakeFiles/cmTC_e963d.dir/build
make[1]: вход в каталог «/home/ilya/Рабочий стол/eltex/json-c/CMakeFiles/CMakeTmp»
Building C object CMakeFiles/cmTC_e963d.dir/CheckIncludeFile.c.o
/usr/bin/cc -D_GNU_SOURCE  -fPIE   -o CMakeFiles/cmTC_e963d.dir/CheckIncludeFile.c.o   -c "/home/ilya/Рабочий стол/eltex/json-c/CMakeFiles/CMakeTmp/CheckIncludeFile.c"
Linking C executable cmTC_e963d
/usr/bin/cmake -E cmake_link_script CMakeFiles/cmTC_e963d.dir/link.txt --verbose=1
/usr/bin/cc      -rdynamic CMakeFiles/cmTC_e963d.dir/CheckIncludeFile.c.o  -o cmTC_e963d  -lm 
make[1]: выход из каталога «/home/ilya/Рабочий стол/eltex/json-c/CMakeFiles/CMakeTmp»



Determining if the include file syslog.h exists passed with the following output:
Change Dir: /home/ilya/Рабочий стол/eltex/json-c/CMakeFiles/CMakeTmp

Run Build Command(s):/usr/bin/make cmTC_a72dd/fast && /usr/bin/make -f CMakeFiles/cmTC_a72dd.dir/build.make CMakeFiles/cmTC_a72dd.dir/build
make[1]: вход в каталог «/home/ilya/Рабочий стол/eltex/json-c/CMakeFiles/CMakeTmp»
Building C object CMakeFiles/cmTC_a72dd.dir/CheckIncludeFile.c.o
/usr/bin/cc -D_GNU_SOURCE  -fPIE   -o CMakeFiles/cmTC_a72dd.dir/CheckIncludeFile.c.o   -c "/home/ilya/Рабочий стол/eltex/json-c/CMakeFiles/CMakeTmp/CheckIncludeFile.c"
Linking C executable cmTC_a72dd
/usr/bin/cmake -E cmake_link_script CMakeFiles/cmTC_a72dd.dir/link.txt --verbose=1
/usr/bin/cc      -rdynamic CMakeFiles/cmTC_a72dd.dir/CheckIncludeFile.c.o  -o cmTC_a72dd  -lm 
make[1]: выход из каталога «/home/ilya/Рабочий стол/eltex/json-c/CMakeFiles/CMakeTmp»



Determining if files stdlib.h;stdarg.h;string.h;float.h exist passed with the following output:
Change Dir: /home/ilya/Рабочий стол/eltex/json-c/CMakeFiles/CMakeTmp

Run Build Command(s):/usr/bin/make cmTC_08437/fast && /usr/bin/make -f CMakeFiles/cmTC_08437.dir/build.make CMakeFiles/cmTC_08437.dir/build
make[1]: вход в каталог «/home/ilya/Рабочий стол/eltex/json-c/CMakeFiles/CMakeTmp»
Building C object CMakeFiles/cmTC_08437.dir/STDC_HEADERS.c.o
/usr/bin/cc -D_GNU_SOURCE  -fPIE   -o CMakeFiles/cmTC_08437.dir/STDC_HEADERS.c.o   -c "/home/ilya/Рабочий стол/eltex/json-c/CMakeFiles/CheckIncludeFiles/STDC_HEADERS.c"
Linking C executable cmTC_08437
/usr/bin/cmake -E cmake_link_script CMakeFiles/cmTC_08437.dir/link.txt --verbose=1
/usr/bin/cc      -rdynamic CMakeFiles/cmTC_08437.dir/STDC_HEADERS.c.o  -o cmTC_08437  -lm 
make[1]: выход из каталога «/home/ilya/Рабочий стол/eltex/json-c/CMakeFiles/CMakeTmp»



Determining if the include file unistd.h exists passed with the following output:
Change Dir: /home/ilya/Рабочий стол/eltex/json-c/CMakeFiles/CMakeTmp

Run Build Command(s):/usr/bin/make cmTC_d13d3/fast && /usr/bin/make -f CMakeFiles/cmTC_d13d3.dir/build.make CMakeFiles/cmTC_d13d3.dir/build
make[1]: вход в каталог «/home/ilya/Рабочий стол/eltex/json-c/CMakeFiles/CMakeTmp»
Building C object CMakeFiles/cmTC_d13d3.dir/CheckIncludeFile.c.o
/usr/bin/cc -D_GNU_SOURCE  -fPIE   -o CMakeFiles/cmTC_d13d3.dir/CheckIncludeFile.c.o   -c "/home/ilya/Рабочий стол/eltex/json-c/CMakeFiles/CMakeTmp/CheckIncludeFile.c"
Linking C executable cmTC_d13d3
/usr/bin/cmake -E cmake_link_script CMakeFiles/cmTC_d13d3.dir/link.txt --verbose=1
/usr/bin/cc      -rdynamic CMakeFiles/cmTC_d13d3.dir/CheckIncludeFile.c.o  -o cmTC_d13d3  -lm 
make[1]: выход из каталога «/home/ilya/Рабочий стол/eltex/json-c/CMakeFiles/CMakeTmp»



Determining if the include file sys/types.h exists passed with the following output:
Change Dir: /home/ilya/Рабочий стол/eltex/json-c/CMakeFiles/CMakeTmp

Run Build Command(s):/usr/bin/make cmTC_1f23a/fast && /usr/bin/make -f CMakeFiles/cmTC_1f23a.dir/build.make CMakeFiles/cmTC_1f23a.dir/build
make[1]: вход в каталог «/home/ilya/Рабочий стол/eltex/json-c/CMakeFiles/CMakeTmp»
Building C object CMakeFiles/cmTC_1f23a.dir/CheckIncludeFile.c.o
/usr/bin/cc -D_GNU_SOURCE  -fPIE   -o CMakeFiles/cmTC_1f23a.dir/CheckIncludeFile.c.o   -c "/home/ilya/Рабочий стол/eltex/json-c/CMakeFiles/CMakeTmp/CheckIncludeFile.c"
Linking C executable cmTC_1f23a
/usr/bin/cmake -E cmake_link_script CMakeFiles/cmTC_1f23a.dir/link.txt --verbose=1
/usr/bin/cc      -rdynamic CMakeFiles/cmTC_1f23a.dir/CheckIncludeFile.c.o  -o cmTC_1f23a  -lm 
make[1]: выход из каталога «/home/ilya/Рабочий стол/eltex/json-c/CMakeFiles/CMakeTmp»



Determining if the include file dlfcn.h exists passed with the following output:
Change Dir: /home/ilya/Рабочий стол/eltex/json-c/CMakeFiles/CMakeTmp

Run Build Command(s):/usr/bin/make cmTC_78125/fast && /usr/bin/make -f CMakeFiles/cmTC_78125.dir/build.make CMakeFiles/cmTC_78125.dir/build
make[1]: вход в каталог «/home/ilya/Рабочий стол/eltex/json-c/CMakeFiles/CMakeTmp»
Building C object CMakeFiles/cmTC_78125.dir/CheckIncludeFile.c.o
/usr/bin/cc -D_GNU_SOURCE  -fPIE   -o CMakeFiles/cmTC_78125.dir/CheckIncludeFile.c.o   -c "/home/ilya/Рабочий стол/eltex/json-c/CMakeFiles/CMakeTmp/CheckIncludeFile.c"
Linking C executable cmTC_78125
/usr/bin/cmake -E cmake_link_script CMakeFiles/cmTC_78125.dir/link.txt --verbose=1
/usr/bin/cc      -rdynamic CMakeFiles/cmTC_78125.dir/CheckIncludeFile.c.o  -o cmTC_78125  -lm 
make[1]: выход из каталога «/home/ilya/Рабочий стол/eltex/json-c/CMakeFiles/CMakeTmp»



Determining if the include file endian.h exists passed with the following output:
Change Dir: /home/ilya/Рабочий стол/eltex/json-c/CMakeFiles/CMakeTmp

Run Build Command(s):/usr/bin/make cmTC_af4a1/fast && /usr/bin/make -f CMakeFiles/cmTC_af4a1.dir/build.make CMakeFiles/cmTC_af4a1.dir/build
make[1]: вход в каталог «/home/ilya/Рабочий стол/eltex/json-c/CMakeFiles/CMakeTmp»
Building C object CMakeFiles/cmTC_af4a1.dir/CheckIncludeFile.c.o
/usr/bin/cc -D_GNU_SOURCE  -fPIE   -o CMakeFiles/cmTC_af4a1.dir/CheckIncludeFile.c.o   -c "/home/ilya/Рабочий стол/eltex/json-c/CMakeFiles/CMakeTmp/CheckIncludeFile.c"
Linking C executable cmTC_af4a1
/usr/bin/cmake -E cmake_link_script CMakeFiles/cmTC_af4a1.dir/link.txt --verbose=1
/usr/bin/cc      -rdynamic CMakeFiles/cmTC_af4a1.dir/CheckIncludeFile.c.o  -o cmTC_af4a1  -lm 
make[1]: выход из каталога «/home/ilya/Рабочий стол/eltex/json-c/CMakeFiles/CMakeTmp»



Determining if the include file limits.h exists passed with the following output:
Change Dir: /home/ilya/Рабочий стол/eltex/json-c/CMakeFiles/CMakeTmp

Run Build Command(s):/usr/bin/make cmTC_0a251/fast && /usr/bin/make -f CMakeFiles/cmTC_0a251.dir/build.make CMakeFiles/cmTC_0a251.dir/build
make[1]: вход в каталог «/home/ilya/Рабочий стол/eltex/json-c/CMakeFiles/CMakeTmp»
Building C object CMakeFiles/cmTC_0a251.dir/CheckIncludeFile.c.o
/usr/bin/cc -D_GNU_SOURCE  -fPIE   -o CMakeFiles/cmTC_0a251.dir/CheckIncludeFile.c.o   -c "/home/ilya/Рабочий стол/eltex/json-c/CMakeFiles/CMakeTmp/CheckIncludeFile.c"
Linking C executable cmTC_0a251
/usr/bin/cmake -E cmake_link_script CMakeFiles/cmTC_0a251.dir/link.txt --verbose=1
/usr/bin/cc      -rdynamic CMakeFiles/cmTC_0a251.dir/CheckIncludeFile.c.o  -o cmTC_0a251  -lm 
make[1]: выход из каталога «/home/ilya/Рабочий стол/eltex/json-c/CMakeFiles/CMakeTmp»



Determining if the include file locale.h exists passed with the following output:
Change Dir: /home/ilya/Рабочий стол/eltex/json-c/CMakeFiles/CMakeTmp

Run Build Command(s):/usr/bin/make cmTC_6eec3/fast && /usr/bin/make -f CMakeFiles/cmTC_6eec3.dir/build.make CMakeFiles/cmTC_6eec3.dir/build
make[1]: вход в каталог «/home/ilya/Рабочий стол/eltex/json-c/CMakeFiles/CMakeTmp»
Building C object CMakeFiles/cmTC_6eec3.dir/CheckIncludeFile.c.o
/usr/bin/cc -D_GNU_SOURCE  -fPIE   -o CMakeFiles/cmTC_6eec3.dir/CheckIncludeFile.c.o   -c "/home/ilya/Рабочий стол/eltex/json-c/CMakeFiles/CMakeTmp/CheckIncludeFile.c"
Linking C executable cmTC_6eec3
/usr/bin/cmake -E cmake_link_script CMakeFiles/cmTC_6eec3.dir/link.txt --verbose=1
/usr/bin/cc      -rdynamic CMakeFiles/cmTC_6eec3.dir/CheckIncludeFile.c.o  -o cmTC_6eec3  -lm 
make[1]: выход из каталога «/home/ilya/Рабочий стол/eltex/json-c/CMakeFiles/CMakeTmp»



Determining if the include file memory.h exists passed with the following output:
Change Dir: /home/ilya/Рабочий стол/eltex/json-c/CMakeFiles/CMakeTmp

Run Build Command(s):/usr/bin/make cmTC_d2e4a/fast && /usr/bin/make -f CMakeFiles/cmTC_d2e4a.dir/build.make CMakeFiles/cmTC_d2e4a.dir/build
make[1]: вход в каталог «/home/ilya/Рабочий стол/eltex/json-c/CMakeFiles/CMakeTmp»
Building C object CMakeFiles/cmTC_d2e4a.dir/CheckIncludeFile.c.o
/usr/bin/cc -D_GNU_SOURCE  -fPIE   -o CMakeFiles/cmTC_d2e4a.dir/CheckIncludeFile.c.o   -c "/home/ilya/Рабочий стол/eltex/json-c/CMakeFiles/CMakeTmp/CheckIncludeFile.c"
Linking C executable cmTC_d2e4a
/usr/bin/cmake -E cmake_link_script CMakeFiles/cmTC_d2e4a.dir/link.txt --verbose=1
/usr/bin/cc      -rdynamic CMakeFiles/cmTC_d2e4a.dir/CheckIncludeFile.c.o  -o cmTC_d2e4a  -lm 
make[1]: выход из каталога «/home/ilya/Рабочий стол/eltex/json-c/CMakeFiles/CMakeTmp»



Determining if the include file stdint.h exists passed with the following output:
Change Dir: /home/ilya/Рабочий стол/eltex/json-c/CMakeFiles/CMakeTmp

Run Build Command(s):/usr/bin/make cmTC_336f8/fast && /usr/bin/make -f CMakeFiles/cmTC_336f8.dir/build.make CMakeFiles/cmTC_336f8.dir/build
make[1]: вход в каталог «/home/ilya/Рабочий стол/eltex/json-c/CMakeFiles/CMakeTmp»
Building C object CMakeFiles/cmTC_336f8.dir/CheckIncludeFile.c.o
/usr/bin/cc -D_GNU_SOURCE  -fPIE   -o CMakeFiles/cmTC_336f8.dir/CheckIncludeFile.c.o   -c "/home/ilya/Рабочий стол/eltex/json-c/CMakeFiles/CMakeTmp/CheckIncludeFile.c"
Linking C executable cmTC_336f8
/usr/bin/cmake -E cmake_link_script CMakeFiles/cmTC_336f8.dir/link.txt --verbose=1
/usr/bin/cc      -rdynamic CMakeFiles/cmTC_336f8.dir/CheckIncludeFile.c.o  -o cmTC_336f8  -lm 
make[1]: выход из каталога «/home/ilya/Рабочий стол/eltex/json-c/CMakeFiles/CMakeTmp»



Determining if the include file stdlib.h exists passed with the following output:
Change Dir: /home/ilya/Рабочий стол/eltex/json-c/CMakeFiles/CMakeTmp

Run Build Command(s):/usr/bin/make cmTC_5e151/fast && /usr/bin/make -f CMakeFiles/cmTC_5e151.dir/build.make CMakeFiles/cmTC_5e151.dir/build
make[1]: вход в каталог «/home/ilya/Рабочий стол/eltex/json-c/CMakeFiles/CMakeTmp»
Building C object CMakeFiles/cmTC_5e151.dir/CheckIncludeFile.c.o
/usr/bin/cc -D_GNU_SOURCE  -fPIE   -o CMakeFiles/cmTC_5e151.dir/CheckIncludeFile.c.o   -c "/home/ilya/Рабочий стол/eltex/json-c/CMakeFiles/CMakeTmp/CheckIncludeFile.c"
Linking C executable cmTC_5e151
/usr/bin/cmake -E cmake_link_script CMakeFiles/cmTC_5e151.dir/link.txt --verbose=1
/usr/bin/cc      -rdynamic CMakeFiles/cmTC_5e151.dir/CheckIncludeFile.c.o  -o cmTC_5e151  -lm 
make[1]: выход из каталога «/home/ilya/Рабочий стол/eltex/json-c/CMakeFiles/CMakeTmp»



Determining if the include file sys/cdefs.h exists passed with the following output:
Change Dir: /home/ilya/Рабочий стол/eltex/json-c/CMakeFiles/CMakeTmp

Run Build Command(s):/usr/bin/make cmTC_72841/fast && /usr/bin/make -f CMakeFiles/cmTC_72841.dir/build.make CMakeFiles/cmTC_72841.dir/build
make[1]: вход в каталог «/home/ilya/Рабочий стол/eltex/json-c/CMakeFiles/CMakeTmp»
Building C object CMakeFiles/cmTC_72841.dir/CheckIncludeFile.c.o
/usr/bin/cc -D_GNU_SOURCE  -fPIE   -o CMakeFiles/cmTC_72841.dir/CheckIncludeFile.c.o   -c "/home/ilya/Рабочий стол/eltex/json-c/CMakeFiles/CMakeTmp/CheckIncludeFile.c"
Linking C executable cmTC_72841
/usr/bin/cmake -E cmake_link_script CMakeFiles/cmTC_72841.dir/link.txt --verbose=1
/usr/bin/cc      -rdynamic CMakeFiles/cmTC_72841.dir/CheckIncludeFile.c.o  -o cmTC_72841  -lm 
make[1]: выход из каталога «/home/ilya/Рабочий стол/eltex/json-c/CMakeFiles/CMakeTmp»



Determining if the include file sys/param.h exists passed with the following output:
Change Dir: /home/ilya/Рабочий стол/eltex/json-c/CMakeFiles/CMakeTmp

Run Build Command(s):/usr/bin/make cmTC_2b350/fast && /usr/bin/make -f CMakeFiles/cmTC_2b350.dir/build.make CMakeFiles/cmTC_2b350.dir/build
make[1]: вход в каталог «/home/ilya/Рабочий стол/eltex/json-c/CMakeFiles/CMakeTmp»
Building C object CMakeFiles/cmTC_2b350.dir/CheckIncludeFile.c.o
/usr/bin/cc -D_GNU_SOURCE  -fPIE   -o CMakeFiles/cmTC_2b350.dir/CheckIncludeFile.c.o   -c "/home/ilya/Рабочий стол/eltex/json-c/CMakeFiles/CMakeTmp/CheckIncludeFile.c"
Linking C executable cmTC_2b350
/usr/bin/cmake -E cmake_link_script CMakeFiles/cmTC_2b350.dir/link.txt --verbose=1
/usr/bin/cc      -rdynamic CMakeFiles/cmTC_2b350.dir/CheckIncludeFile.c.o  -o cmTC_2b350  -lm 
make[1]: выход из каталога «/home/ilya/Рабочий стол/eltex/json-c/CMakeFiles/CMakeTmp»



Determining if the include file sys/random.h exists passed with the following output:
Change Dir: /home/ilya/Рабочий стол/eltex/json-c/CMakeFiles/CMakeTmp

Run Build Command(s):/usr/bin/make cmTC_19333/fast && /usr/bin/make -f CMakeFiles/cmTC_19333.dir/build.make CMakeFiles/cmTC_19333.dir/build
make[1]: вход в каталог «/home/ilya/Рабочий стол/eltex/json-c/CMakeFiles/CMakeTmp»
Building C object CMakeFiles/cmTC_19333.dir/CheckIncludeFile.c.o
/usr/bin/cc -D_GNU_SOURCE  -fPIE   -o CMakeFiles/cmTC_19333.dir/CheckIncludeFile.c.o   -c "/home/ilya/Рабочий стол/eltex/json-c/CMakeFiles/CMakeTmp/CheckIncludeFile.c"
Linking C executable cmTC_19333
/usr/bin/cmake -E cmake_link_script CMakeFiles/cmTC_19333.dir/link.txt --verbose=1
/usr/bin/cc      -rdynamic CMakeFiles/cmTC_19333.dir/CheckIncludeFile.c.o  -o cmTC_19333  -lm 
make[1]: выход из каталога «/home/ilya/Рабочий стол/eltex/json-c/CMakeFiles/CMakeTmp»



Determining if the include file sys/stat.h exists passed with the following output:
Change Dir: /home/ilya/Рабочий стол/eltex/json-c/CMakeFiles/CMakeTmp

Run Build Command(s):/usr/bin/make cmTC_97b55/fast && /usr/bin/make -f CMakeFiles/cmTC_97b55.dir/build.make CMakeFiles/cmTC_97b55.dir/build
make[1]: вход в каталог «/home/ilya/Рабочий стол/eltex/json-c/CMakeFiles/CMakeTmp»
Building C object CMakeFiles/cmTC_97b55.dir/CheckIncludeFile.c.o
/usr/bin/cc -D_GNU_SOURCE  -fPIE   -o CMakeFiles/cmTC_97b55.dir/CheckIncludeFile.c.o   -c "/home/ilya/Рабочий стол/eltex/json-c/CMakeFiles/CMakeTmp/CheckIncludeFile.c"
Linking C executable cmTC_97b55
/usr/bin/cmake -E cmake_link_script CMakeFiles/cmTC_97b55.dir/link.txt --verbose=1
/usr/bin/cc      -rdynamic CMakeFiles/cmTC_97b55.dir/CheckIncludeFile.c.o  -o cmTC_97b55  -lm 
make[1]: выход из каталога «/home/ilya/Рабочий стол/eltex/json-c/CMakeFiles/CMakeTmp»



Determining if the INFINITY exist passed with the following output:
Change Dir: /home/ilya/Рабочий стол/eltex/json-c/CMakeFiles/CMakeTmp

Run Build Command(s):/usr/bin/make cmTC_558d1/fast && /usr/bin/make -f CMakeFiles/cmTC_558d1.dir/build.make CMakeFiles/cmTC_558d1.dir/build
make[1]: вход в каталог «/home/ilya/Рабочий стол/eltex/json-c/CMakeFiles/CMakeTmp»
Building C object CMakeFiles/cmTC_558d1.dir/CheckSymbolExists.c.o
/usr/bin/cc -D_GNU_SOURCE  -fPIE   -o CMakeFiles/cmTC_558d1.dir/CheckSymbolExists.c.o   -c "/home/ilya/Рабочий стол/eltex/json-c/CMakeFiles/CMakeTmp/CheckSymbolExists.c"
Linking C executable cmTC_558d1
/usr/bin/cmake -E cmake_link_script CMakeFiles/cmTC_558d1.dir/link.txt --verbose=1
/usr/bin/cc      -rdynamic CMakeFiles/cmTC_558d1.dir/CheckSymbolExists.c.o  -o cmTC_558d1  -lm 
make[1]: выход из каталога «/home/ilya/Рабочий стол/eltex/json-c/CMakeFiles/CMakeTmp»


File /home/ilya/Рабочий стол/eltex/json-c/CMakeFiles/CMakeTmp/CheckSymbolExists.c:
/* */
#include <math.h>

int main(int argc, char** argv)
{
  (void)argv;
#ifndef INFINITY
  return ((int*)(&INFINITY))[argc];
#else
  (void)argc;
  return 0;
#endif
}
Determining if the isinf exist passed with the following output:
Change Dir: /home/ilya/Рабочий стол/eltex/json-c/CMakeFiles/CMakeTmp

Run Build Command(s):/usr/bin/make cmTC_e3e2a/fast && /usr/bin/make -f CMakeFiles/cmTC_e3e2a.dir/build.make CMakeFiles/cmTC_e3e2a.dir/build
make[1]: вход в каталог «/home/ilya/Рабочий стол/eltex/json-c/CMakeFiles/CMakeTmp»
Building C object CMakeFiles/cmTC_e3e2a.dir/CheckSymbolExists.c.o
/usr/bin/cc -D_GNU_SOURCE  -fPIE   -o CMakeFiles/cmTC_e3e2a.dir/CheckSymbolExists.c.o   -c "/home/ilya/Рабочий стол/eltex/json-c/CMakeFiles/CMakeTmp/CheckSymbolExists.c"
Linking C executable cmTC_e3e2a
/usr/bin/cmake -E cmake_link_script CMakeFiles/cmTC_e3e2a.dir/link.txt --verbose=1
/usr/bin/cc      -rdynamic CMakeFiles/cmTC_e3e2a.dir/CheckSymbolExists.c.o  -o cmTC_e3e2a  -lm 
make[1]: выход из каталога «/home/ilya/Рабочий стол/eltex/json-c/CMakeFiles/CMakeTmp»


File /home/ilya/Рабочий стол/eltex/json-c/CMakeFiles/CMakeTmp/CheckSymbolExists.c:
/* */
#include <math.h>

int main(int argc, char** argv)
{
  (void)argv;
#ifndef isinf
  return ((int*)(&isinf))[argc];
#else
  (void)argc;
  return 0;
#endif
}
Determining if the isnan exist passed with the following output:
Change Dir: /home/ilya/Рабочий стол/eltex/json-c/CMakeFiles/CMakeTmp

Run Build Command(s):/usr/bin/make cmTC_5e997/fast && /usr/bin/make -f CMakeFiles/cmTC_5e997.dir/build.make CMakeFiles/cmTC_5e997.dir/build
make[1]: вход в каталог «/home/ilya/Рабочий стол/eltex/json-c/CMakeFiles/CMakeTmp»
Building C object CMakeFiles/cmTC_5e997.dir/CheckSymbolExists.c.o
/usr/bin/cc -D_GNU_SOURCE  -fPIE   -o CMakeFiles/cmTC_5e997.dir/CheckSymbolExists.c.o   -c "/home/ilya/Рабочий стол/eltex/json-c/CMakeFiles/CMakeTmp/CheckSymbolExists.c"
Linking C executable cmTC_5e997
/usr/bin/cmake -E cmake_link_script CMakeFiles/cmTC_5e997.dir/link.txt --verbose=1
/usr/bin/cc      -rdynamic CMakeFiles/cmTC_5e997.dir/CheckSymbolExists.c.o  -o cmTC_5e997  -lm 
make[1]: выход из каталога «/home/ilya/Рабочий стол/eltex/json-c/CMakeFiles/CMakeTmp»


File /home/ilya/Рабочий стол/eltex/json-c/CMakeFiles/CMakeTmp/CheckSymbolExists.c:
/* */
#include <math.h>

int main(int argc, char** argv)
{
  (void)argv;
#ifndef isnan
  return ((int*)(&isnan))[argc];
#else
  (void)argc;
  return 0;
#endif
}
Determining if the nan exist passed with the following output:
Change Dir: /home/ilya/Рабочий стол/eltex/json-c/CMakeFiles/CMakeTmp

Run Build Command(s):/usr/bin/make cmTC_243c0/fast && /usr/bin/make -f CMakeFiles/cmTC_243c0.dir/build.make CMakeFiles/cmTC_243c0.dir/build
make[1]: вход в каталог «/home/ilya/Рабочий стол/eltex/json-c/CMakeFiles/CMakeTmp»
Building C object CMakeFiles/cmTC_243c0.dir/CheckSymbolExists.c.o
/usr/bin/cc -D_GNU_SOURCE  -fPIE   -o CMakeFiles/cmTC_243c0.dir/CheckSymbolExists.c.o   -c "/home/ilya/Рабочий стол/eltex/json-c/CMakeFiles/CMakeTmp/CheckSymbolExists.c"
Linking C executable cmTC_243c0
/usr/bin/cmake -E cmake_link_script CMakeFiles/cmTC_243c0.dir/link.txt --verbose=1
/usr/bin/cc      -rdynamic CMakeFiles/cmTC_243c0.dir/CheckSymbolExists.c.o  -o cmTC_243c0  -lm 
make[1]: выход из каталога «/home/ilya/Рабочий стол/eltex/json-c/CMakeFiles/CMakeTmp»


File /home/ilya/Рабочий стол/eltex/json-c/CMakeFiles/CMakeTmp/CheckSymbolExists.c:
/* */
#include <math.h>

int main(int argc, char** argv)
{
  (void)argv;
#ifndef nan
  return ((int*)(&nan))[argc];
#else
  (void)argc;
  return 0;
#endif
}
Determining if the snprintf exist passed with the following output:
Change Dir: /home/ilya/Рабочий стол/eltex/json-c/CMakeFiles/CMakeTmp

Run Build Command(s):/usr/bin/make cmTC_823c2/fast && /usr/bin/make -f CMakeFiles/cmTC_823c2.dir/build.make CMakeFiles/cmTC_823c2.dir/build
make[1]: вход в каталог «/home/ilya/Рабочий стол/eltex/json-c/CMakeFiles/CMakeTmp»
Building C object CMakeFiles/cmTC_823c2.dir/CheckSymbolExists.c.o
/usr/bin/cc -D_GNU_SOURCE  -fPIE   -o CMakeFiles/cmTC_823c2.dir/CheckSymbolExists.c.o   -c "/home/ilya/Рабочий стол/eltex/json-c/CMakeFiles/CMakeTmp/CheckSymbolExists.c"
Linking C executable cmTC_823c2
/usr/bin/cmake -E cmake_link_script CMakeFiles/cmTC_823c2.dir/link.txt --verbose=1
/usr/bin/cc      -rdynamic CMakeFiles/cmTC_823c2.dir/CheckSymbolExists.c.o  -o cmTC_823c2  -lm 
make[1]: выход из каталога «/home/ilya/Рабочий стол/eltex/json-c/CMakeFiles/CMakeTmp»


File /home/ilya/Рабочий стол/eltex/json-c/CMakeFiles/CMakeTmp/CheckSymbolExists.c:
/* */
#include <stdio.h>

int main(int argc, char** argv)
{
  (void)argv;
#ifndef snprintf
  return ((int*)(&snprintf))[argc];
#else
  (void)argc;
  return 0;
#endif
}
Determining if the vasprintf exist passed with the following output:
Change Dir: /home/ilya/Рабочий стол/eltex/json-c/CMakeFiles/CMakeTmp

Run Build Command(s):/usr/bin/make cmTC_3a51d/fast && /usr/bin/make -f CMakeFiles/cmTC_3a51d.dir/build.make CMakeFiles/cmTC_3a51d.dir/build
make[1]: вход в каталог «/home/ilya/Рабочий стол/eltex/json-c/CMakeFiles/CMakeTmp»
Building C object CMakeFiles/cmTC_3a51d.dir/CheckSymbolExists.c.o
/usr/bin/cc -D_GNU_SOURCE  -fPIE   -o CMakeFiles/cmTC_3a51d.dir/CheckSymbolExists.c.o   -c "/home/ilya/Рабочий стол/eltex/json-c/CMakeFiles/CMakeTmp/CheckSymbolExists.c"
Linking C executable cmTC_3a51d
/usr/bin/cmake -E cmake_link_script CMakeFiles/cmTC_3a51d.dir/link.txt --verbose=1
/usr/bin/cc      -rdynamic CMakeFiles/cmTC_3a51d.dir/CheckSymbolExists.c.o  -o cmTC_3a51d  -lm 
make[1]: выход из каталога «/home/ilya/Рабочий стол/eltex/json-c/CMakeFiles/CMakeTmp»


File /home/ilya/Рабочий стол/eltex/json-c/CMakeFiles/CMakeTmp/CheckSymbolExists.c:
/* */
#include <stdio.h>

int main(int argc, char** argv)
{
  (void)argv;
#ifndef vasprintf
  return ((int*)(&vasprintf))[argc];
#else
  (void)argc;
  return 0;
#endif
}
Determining if the vsnprintf exist passed with the following output:
Change Dir: /home/ilya/Рабочий стол/eltex/json-c/CMakeFiles/CMakeTmp

Run Build Command(s):/usr/bin/make cmTC_93716/fast && /usr/bin/make -f CMakeFiles/cmTC_93716.dir/build.make CMakeFiles/cmTC_93716.dir/build
make[1]: вход в каталог «/home/ilya/Рабочий стол/eltex/json-c/CMakeFiles/CMakeTmp»
Building C object CMakeFiles/cmTC_93716.dir/CheckSymbolExists.c.o
/usr/bin/cc -D_GNU_SOURCE  -fPIE   -o CMakeFiles/cmTC_93716.dir/CheckSymbolExists.c.o   -c "/home/ilya/Рабочий стол/eltex/json-c/CMakeFiles/CMakeTmp/CheckSymbolExists.c"
Linking C executable cmTC_93716
/usr/bin/cmake -E cmake_link_script CMakeFiles/cmTC_93716.dir/link.txt --verbose=1
/usr/bin/cc      -rdynamic CMakeFiles/cmTC_93716.dir/CheckSymbolExists.c.o  -o cmTC_93716  -lm 
make[1]: выход из каталога «/home/ilya/Рабочий стол/eltex/json-c/CMakeFiles/CMakeTmp»


File /home/ilya/Рабочий стол/eltex/json-c/CMakeFiles/CMakeTmp/CheckSymbolExists.c:
/* */
#include <stdio.h>

int main(int argc, char** argv)
{
  (void)argv;
#ifndef vsnprintf
  return ((int*)(&vsnprintf))[argc];
#else
  (void)argc;
  return 0;
#endif
}
Determining if the vprintf exist passed with the following output:
Change Dir: /home/ilya/Рабочий стол/eltex/json-c/CMakeFiles/CMakeTmp

Run Build Command(s):/usr/bin/make cmTC_1d365/fast && /usr/bin/make -f CMakeFiles/cmTC_1d365.dir/build.make CMakeFiles/cmTC_1d365.dir/build
make[1]: вход в каталог «/home/ilya/Рабочий стол/eltex/json-c/CMakeFiles/CMakeTmp»
Building C object CMakeFiles/cmTC_1d365.dir/CheckSymbolExists.c.o
/usr/bin/cc -D_GNU_SOURCE  -fPIE   -o CMakeFiles/cmTC_1d365.dir/CheckSymbolExists.c.o   -c "/home/ilya/Рабочий стол/eltex/json-c/CMakeFiles/CMakeTmp/CheckSymbolExists.c"
Linking C executable cmTC_1d365
/usr/bin/cmake -E cmake_link_script CMakeFiles/cmTC_1d365.dir/link.txt --verbose=1
/usr/bin/cc      -rdynamic CMakeFiles/cmTC_1d365.dir/CheckSymbolExists.c.o  -o cmTC_1d365  -lm 
make[1]: выход из каталога «/home/ilya/Рабочий стол/eltex/json-c/CMakeFiles/CMakeTmp»


File /home/ilya/Рабочий стол/eltex/json-c/CMakeFiles/CMakeTmp/CheckSymbolExists.c:
/* */
#include <stdio.h>

int main(int argc, char** argv)
{
  (void)argv;
#ifndef vprintf
  return ((int*)(&vprintf))[argc];
#else
  (void)argc;
  return 0;
#endif
}
Determining if the open exist passed with the following output:
Change Dir: /home/ilya/Рабочий стол/eltex/json-c/CMakeFiles/CMakeTmp

Run Build Command(s):/usr/bin/make cmTC_3cf4a/fast && /usr/bin/make -f CMakeFiles/cmTC_3cf4a.dir/build.make CMakeFiles/cmTC_3cf4a.dir/build
make[1]: вход в каталог «/home/ilya/Рабочий стол/eltex/json-c/CMakeFiles/CMakeTmp»
Building C object CMakeFiles/cmTC_3cf4a.dir/CheckSymbolExists.c.o
/usr/bin/cc -D_GNU_SOURCE  -fPIE   -o CMakeFiles/cmTC_3cf4a.dir/CheckSymbolExists.c.o   -c "/home/ilya/Рабочий стол/eltex/json-c/CMakeFiles/CMakeTmp/CheckSymbolExists.c"
Linking C executable cmTC_3cf4a
/usr/bin/cmake -E cmake_link_script CMakeFiles/cmTC_3cf4a.dir/link.txt --verbose=1
/usr/bin/cc      -rdynamic CMakeFiles/cmTC_3cf4a.dir/CheckSymbolExists.c.o  -o cmTC_3cf4a  -lm 
make[1]: выход из каталога «/home/ilya/Рабочий стол/eltex/json-c/CMakeFiles/CMakeTmp»


File /home/ilya/Рабочий стол/eltex/json-c/CMakeFiles/CMakeTmp/CheckSymbolExists.c:
/* */
#include <fcntl.h>

int main(int argc, char** argv)
{
  (void)argv;
#ifndef open
  return ((int*)(&open))[argc];
#else
  (void)argc;
  return 0;
#endif
}
Determining if the realloc exist passed with the following output:
Change Dir: /home/ilya/Рабочий стол/eltex/json-c/CMakeFiles/CMakeTmp

Run Build Command(s):/usr/bin/make cmTC_dfd6e/fast && /usr/bin/make -f CMakeFiles/cmTC_dfd6e.dir/build.make CMakeFiles/cmTC_dfd6e.dir/build
make[1]: вход в каталог «/home/ilya/Рабочий стол/eltex/json-c/CMakeFiles/CMakeTmp»
Building C object CMakeFiles/cmTC_dfd6e.dir/CheckSymbolExists.c.o
/usr/bin/cc -D_GNU_SOURCE  -fPIE   -o CMakeFiles/cmTC_dfd6e.dir/CheckSymbolExists.c.o   -c "/home/ilya/Рабочий стол/eltex/json-c/CMakeFiles/CMakeTmp/CheckSymbolExists.c"
Linking C executable cmTC_dfd6e
/usr/bin/cmake -E cmake_link_script CMakeFiles/cmTC_dfd6e.dir/link.txt --verbose=1
/usr/bin/cc      -rdynamic CMakeFiles/cmTC_dfd6e.dir/CheckSymbolExists.c.o  -o cmTC_dfd6e  -lm 
make[1]: выход из каталога «/home/ilya/Рабочий стол/eltex/json-c/CMakeFiles/CMakeTmp»


File /home/ilya/Рабочий стол/eltex/json-c/CMakeFiles/CMakeTmp/CheckSymbolExists.c:
/* */
#include <stdlib.h>

int main(int argc, char** argv)
{
  (void)argv;
#ifndef realloc
  return ((int*)(&realloc))[argc];
#else
  (void)argc;
  return 0;
#endif
}
Determining if the setlocale exist passed with the following output:
Change Dir: /home/ilya/Рабочий стол/eltex/json-c/CMakeFiles/CMakeTmp

Run Build Command(s):/usr/bin/make cmTC_10b45/fast && /usr/bin/make -f CMakeFiles/cmTC_10b45.dir/build.make CMakeFiles/cmTC_10b45.dir/build
make[1]: вход в каталог «/home/ilya/Рабочий стол/eltex/json-c/CMakeFiles/CMakeTmp»
Building C object CMakeFiles/cmTC_10b45.dir/CheckSymbolExists.c.o
/usr/bin/cc -D_GNU_SOURCE  -fPIE   -o CMakeFiles/cmTC_10b45.dir/CheckSymbolExists.c.o   -c "/home/ilya/Рабочий стол/eltex/json-c/CMakeFiles/CMakeTmp/CheckSymbolExists.c"
Linking C executable cmTC_10b45
/usr/bin/cmake -E cmake_link_script CMakeFiles/cmTC_10b45.dir/link.txt --verbose=1
/usr/bin/cc      -rdynamic CMakeFiles/cmTC_10b45.dir/CheckSymbolExists.c.o  -o cmTC_10b45  -lm 
make[1]: выход из каталога «/home/ilya/Рабочий стол/eltex/json-c/CMakeFiles/CMakeTmp»


File /home/ilya/Рабочий стол/eltex/json-c/CMakeFiles/CMakeTmp/CheckSymbolExists.c:
/* */
#include <locale.h>

int main(int argc, char** argv)
{
  (void)argv;
#ifndef setlocale
  return ((int*)(&setlocale))[argc];
#else
  (void)argc;
  return 0;
#endif
}
Determining if the uselocale exist passed with the following output:
Change Dir: /home/ilya/Рабочий стол/eltex/json-c/CMakeFiles/CMakeTmp

Run Build Command(s):/usr/bin/make cmTC_fee58/fast && /usr/bin/make -f CMakeFiles/cmTC_fee58.dir/build.make CMakeFiles/cmTC_fee58.dir/build
make[1]: вход в каталог «/home/ilya/Рабочий стол/eltex/json-c/CMakeFiles/CMakeTmp»
Building C object CMakeFiles/cmTC_fee58.dir/CheckSymbolExists.c.o
/usr/bin/cc -D_GNU_SOURCE  -fPIE   -o CMakeFiles/cmTC_fee58.dir/CheckSymbolExists.c.o   -c "/home/ilya/Рабочий стол/eltex/json-c/CMakeFiles/CMakeTmp/CheckSymbolExists.c"
Linking C executable cmTC_fee58
/usr/bin/cmake -E cmake_link_script CMakeFiles/cmTC_fee58.dir/link.txt --verbose=1
/usr/bin/cc      -rdynamic CMakeFiles/cmTC_fee58.dir/CheckSymbolExists.c.o  -o cmTC_fee58  -lm 
make[1]: выход из каталога «/home/ilya/Рабочий стол/eltex/json-c/CMakeFiles/CMakeTmp»


File /home/ilya/Рабочий стол/eltex/json-c/CMakeFiles/CMakeTmp/CheckSymbolExists.c:
/* */
#include <locale.h>

int main(int argc, char** argv)
{
  (void)argv;
#ifndef uselocale
  return ((int*)(&uselocale))[argc];
#else
  (void)argc;
  return 0;
#endif
}
Determining if the strcasecmp exist passed with the following output:
Change Dir: /home/ilya/Рабочий стол/eltex/json-c/CMakeFiles/CMakeTmp

Run Build Command(s):/usr/bin/make cmTC_d3d65/fast && /usr/bin/make -f CMakeFiles/cmTC_d3d65.dir/build.make CMakeFiles/cmTC_d3d65.dir/build
make[1]: вход в каталог «/home/ilya/Рабочий стол/eltex/json-c/CMakeFiles/CMakeTmp»
Building C object CMakeFiles/cmTC_d3d65.dir/CheckSymbolExists.c.o
/usr/bin/cc -D_GNU_SOURCE  -fPIE   -o CMakeFiles/cmTC_d3d65.dir/CheckSymbolExists.c.o   -c "/home/ilya/Рабочий стол/eltex/json-c/CMakeFiles/CMakeTmp/CheckSymbolExists.c"
Linking C executable cmTC_d3d65
/usr/bin/cmake -E cmake_link_script CMakeFiles/cmTC_d3d65.dir/link.txt --verbose=1
/usr/bin/cc      -rdynamic CMakeFiles/cmTC_d3d65.dir/CheckSymbolExists.c.o  -o cmTC_d3d65  -lm 
make[1]: выход из каталога «/home/ilya/Рабочий стол/eltex/json-c/CMakeFiles/CMakeTmp»


File /home/ilya/Рабочий стол/eltex/json-c/CMakeFiles/CMakeTmp/CheckSymbolExists.c:
/* */
#include <strings.h>

int main(int argc, char** argv)
{
  (void)argv;
#ifndef strcasecmp
  return ((int*)(&strcasecmp))[argc];
#else
  (void)argc;
  return 0;
#endif
}
Determining if the strncasecmp exist passed with the following output:
Change Dir: /home/ilya/Рабочий стол/eltex/json-c/CMakeFiles/CMakeTmp

Run Build Command(s):/usr/bin/make cmTC_37c6e/fast && /usr/bin/make -f CMakeFiles/cmTC_37c6e.dir/build.make CMakeFiles/cmTC_37c6e.dir/build
make[1]: вход в каталог «/home/ilya/Рабочий стол/eltex/json-c/CMakeFiles/CMakeTmp»
Building C object CMakeFiles/cmTC_37c6e.dir/CheckSymbolExists.c.o
/usr/bin/cc -D_GNU_SOURCE  -fPIE   -o CMakeFiles/cmTC_37c6e.dir/CheckSymbolExists.c.o   -c "/home/ilya/Рабочий стол/eltex/json-c/CMakeFiles/CMakeTmp/CheckSymbolExists.c"
Linking C executable cmTC_37c6e
/usr/bin/cmake -E cmake_link_script CMakeFiles/cmTC_37c6e.dir/link.txt --verbose=1
/usr/bin/cc      -rdynamic CMakeFiles/cmTC_37c6e.dir/CheckSymbolExists.c.o  -o cmTC_37c6e  -lm 
make[1]: выход из каталога «/home/ilya/Рабочий стол/eltex/json-c/CMakeFiles/CMakeTmp»


File /home/ilya/Рабочий стол/eltex/json-c/CMakeFiles/CMakeTmp/CheckSymbolExists.c:
/* */
#include <strings.h>

int main(int argc, char** argv)
{
  (void)argv;
#ifndef strncasecmp
  return ((int*)(&strncasecmp))[argc];
#else
  (void)argc;
  return 0;
#endif
}
Determining if the strdup exist passed with the following output:
Change Dir: /home/ilya/Рабочий стол/eltex/json-c/CMakeFiles/CMakeTmp

Run Build Command(s):/usr/bin/make cmTC_0fd9f/fast && /usr/bin/make -f CMakeFiles/cmTC_0fd9f.dir/build.make CMakeFiles/cmTC_0fd9f.dir/build
make[1]: вход в каталог «/home/ilya/Рабочий стол/eltex/json-c/CMakeFiles/CMakeTmp»
Building C object CMakeFiles/cmTC_0fd9f.dir/CheckSymbolExists.c.o
/usr/bin/cc -D_GNU_SOURCE  -fPIE   -o CMakeFiles/cmTC_0fd9f.dir/CheckSymbolExists.c.o   -c "/home/ilya/Рабочий стол/eltex/json-c/CMakeFiles/CMakeTmp/CheckSymbolExists.c"
Linking C executable cmTC_0fd9f
/usr/bin/cmake -E cmake_link_script CMakeFiles/cmTC_0fd9f.dir/link.txt --verbose=1
/usr/bin/cc      -rdynamic CMakeFiles/cmTC_0fd9f.dir/CheckSymbolExists.c.o  -o cmTC_0fd9f  -lm 
make[1]: выход из каталога «/home/ilya/Рабочий стол/eltex/json-c/CMakeFiles/CMakeTmp»


File /home/ilya/Рабочий стол/eltex/json-c/CMakeFiles/CMakeTmp/CheckSymbolExists.c:
/* */
#include <string.h>

int main(int argc, char** argv)
{
  (void)argv;
#ifndef strdup
  return ((int*)(&strdup))[argc];
#else
  (void)argc;
  return 0;
#endif
}
Determining if the strerror exist passed with the following output:
Change Dir: /home/ilya/Рабочий стол/eltex/json-c/CMakeFiles/CMakeTmp

Run Build Command(s):/usr/bin/make cmTC_dfa0c/fast && /usr/bin/make -f CMakeFiles/cmTC_dfa0c.dir/build.make CMakeFiles/cmTC_dfa0c.dir/build
make[1]: вход в каталог «/home/ilya/Рабочий стол/eltex/json-c/CMakeFiles/CMakeTmp»
Building C object CMakeFiles/cmTC_dfa0c.dir/CheckSymbolExists.c.o
/usr/bin/cc -D_GNU_SOURCE  -fPIE   -o CMakeFiles/cmTC_dfa0c.dir/CheckSymbolExists.c.o   -c "/home/ilya/Рабочий стол/eltex/json-c/CMakeFiles/CMakeTmp/CheckSymbolExists.c"
Linking C executable cmTC_dfa0c
/usr/bin/cmake -E cmake_link_script CMakeFiles/cmTC_dfa0c.dir/link.txt --verbose=1
/usr/bin/cc      -rdynamic CMakeFiles/cmTC_dfa0c.dir/CheckSymbolExists.c.o  -o cmTC_dfa0c  -lm 
make[1]: выход из каталога «/home/ilya/Рабочий стол/eltex/json-c/CMakeFiles/CMakeTmp»


File /home/ilya/Рабочий стол/eltex/json-c/CMakeFiles/CMakeTmp/CheckSymbolExists.c:
/* */
#include <string.h>

int main(int argc, char** argv)
{
  (void)argv;
#ifndef strerror
  return ((int*)(&strerror))[argc];
#else
  (void)argc;
  return 0;
#endif
}
Determining if the vsyslog exist passed with the following output:
Change Dir: /home/ilya/Рабочий стол/eltex/json-c/CMakeFiles/CMakeTmp

Run Build Command(s):/usr/bin/make cmTC_aa612/fast && /usr/bin/make -f CMakeFiles/cmTC_aa612.dir/build.make CMakeFiles/cmTC_aa612.dir/build
make[1]: вход в каталог «/home/ilya/Рабочий стол/eltex/json-c/CMakeFiles/CMakeTmp»
Building C object CMakeFiles/cmTC_aa612.dir/CheckSymbolExists.c.o
/usr/bin/cc -D_GNU_SOURCE  -fPIE   -o CMakeFiles/cmTC_aa612.dir/CheckSymbolExists.c.o   -c "/home/ilya/Рабочий стол/eltex/json-c/CMakeFiles/CMakeTmp/CheckSymbolExists.c"
Linking C executable cmTC_aa612
/usr/bin/cmake -E cmake_link_script CMakeFiles/cmTC_aa612.dir/link.txt --verbose=1
/usr/bin/cc      -rdynamic CMakeFiles/cmTC_aa612.dir/CheckSymbolExists.c.o  -o cmTC_aa612  -lm 
make[1]: выход из каталога «/home/ilya/Рабочий стол/eltex/json-c/CMakeFiles/CMakeTmp»


File /home/ilya/Рабочий стол/eltex/json-c/CMakeFiles/CMakeTmp/CheckSymbolExists.c:
/* */
#include <syslog.h>

int main(int argc, char** argv)
{
  (void)argv;
#ifndef vsyslog
  return ((int*)(&vsyslog))[argc];
#else
  (void)argc;
  return 0;
#endif
}
Determining if the getrandom exist passed with the following output:
Change Dir: /home/ilya/Рабочий стол/eltex/json-c/CMakeFiles/CMakeTmp

Run Build Command(s):/usr/bin/make cmTC_35f8f/fast && /usr/bin/make -f CMakeFiles/cmTC_35f8f.dir/build.make CMakeFiles/cmTC_35f8f.dir/build
make[1]: вход в каталог «/home/ilya/Рабочий стол/eltex/json-c/CMakeFiles/CMakeTmp»
Building C object CMakeFiles/cmTC_35f8f.dir/CheckSymbolExists.c.o
/usr/bin/cc -D_GNU_SOURCE  -fPIE   -o CMakeFiles/cmTC_35f8f.dir/CheckSymbolExists.c.o   -c "/home/ilya/Рабочий стол/eltex/json-c/CMakeFiles/CMakeTmp/CheckSymbolExists.c"
Linking C executable cmTC_35f8f
/usr/bin/cmake -E cmake_link_script CMakeFiles/cmTC_35f8f.dir/link.txt --verbose=1
/usr/bin/cc      -rdynamic CMakeFiles/cmTC_35f8f.dir/CheckSymbolExists.c.o  -o cmTC_35f8f  -lm 
make[1]: выход из каталога «/home/ilya/Рабочий стол/eltex/json-c/CMakeFiles/CMakeTmp»


File /home/ilya/Рабочий стол/eltex/json-c/CMakeFiles/CMakeTmp/CheckSymbolExists.c:
/* */
#include <sys/random.h>

int main(int argc, char** argv)
{
  (void)argv;
#ifndef getrandom
  return ((int*)(&getrandom))[argc];
#else
  (void)argc;
  return 0;
#endif
}
Determining if the strtoll exist passed with the following output:
Change Dir: /home/ilya/Рабочий стол/eltex/json-c/CMakeFiles/CMakeTmp

Run Build Command(s):/usr/bin/make cmTC_770a7/fast && /usr/bin/make -f CMakeFiles/cmTC_770a7.dir/build.make CMakeFiles/cmTC_770a7.dir/build
make[1]: вход в каталог «/home/ilya/Рабочий стол/eltex/json-c/CMakeFiles/CMakeTmp»
Building C object CMakeFiles/cmTC_770a7.dir/CheckSymbolExists.c.o
/usr/bin/cc -D_GNU_SOURCE  -fPIE   -o CMakeFiles/cmTC_770a7.dir/CheckSymbolExists.c.o   -c "/home/ilya/Рабочий стол/eltex/json-c/CMakeFiles/CMakeTmp/CheckSymbolExists.c"
Linking C executable cmTC_770a7
/usr/bin/cmake -E cmake_link_script CMakeFiles/cmTC_770a7.dir/link.txt --verbose=1
/usr/bin/cc      -rdynamic CMakeFiles/cmTC_770a7.dir/CheckSymbolExists.c.o  -o cmTC_770a7  -lm 
make[1]: выход из каталога «/home/ilya/Рабочий стол/eltex/json-c/CMakeFiles/CMakeTmp»


File /home/ilya/Рабочий стол/eltex/json-c/CMakeFiles/CMakeTmp/CheckSymbolExists.c:
/* */
#include <stdlib.h>

int main(int argc, char** argv)
{
  (void)argv;
#ifndef strtoll
  return ((int*)(&strtoll))[argc];
#else
  (void)argc;
  return 0;
#endif
}
Determining if the strtoull exist passed with the following output:
Change Dir: /home/ilya/Рабочий стол/eltex/json-c/CMakeFiles/CMakeTmp

Run Build Command(s):/usr/bin/make cmTC_25fd3/fast && /usr/bin/make -f CMakeFiles/cmTC_25fd3.dir/build.make CMakeFiles/cmTC_25fd3.dir/build
make[1]: вход в каталог «/home/ilya/Рабочий стол/eltex/json-c/CMakeFiles/CMakeTmp»
Building C object CMakeFiles/cmTC_25fd3.dir/CheckSymbolExists.c.o
/usr/bin/cc -D_GNU_SOURCE  -fPIE   -o CMakeFiles/cmTC_25fd3.dir/CheckSymbolExists.c.o   -c "/home/ilya/Рабочий стол/eltex/json-c/CMakeFiles/CMakeTmp/CheckSymbolExists.c"
Linking C executable cmTC_25fd3
/usr/bin/cmake -E cmake_link_script CMakeFiles/cmTC_25fd3.dir/link.txt --verbose=1
/usr/bin/cc      -rdynamic CMakeFiles/cmTC_25fd3.dir/CheckSymbolExists.c.o  -o cmTC_25fd3  -lm 
make[1]: выход из каталога «/home/ilya/Рабочий стол/eltex/json-c/CMakeFiles/CMakeTmp»


File /home/ilya/Рабочий стол/eltex/json-c/CMakeFiles/CMakeTmp/CheckSymbolExists.c:
/* */
#include <stdlib.h>

int main(int argc, char** argv)
{
  (void)argv;
#ifndef strtoull
  return ((int*)(&strtoull))[argc];
#else
  (void)argc;
  return 0;
#endif
}
Determining if the include file stddef.h exists passed with the following output:
Change Dir: /home/ilya/Рабочий стол/eltex/json-c/CMakeFiles/CMakeTmp

Run Build Command(s):/usr/bin/make cmTC_abf81/fast && /usr/bin/make -f CMakeFiles/cmTC_abf81.dir/build.make CMakeFiles/cmTC_abf81.dir/build
make[1]: вход в каталог «/home/ilya/Рабочий стол/eltex/json-c/CMakeFiles/CMakeTmp»
Building C object CMakeFiles/cmTC_abf81.dir/CheckIncludeFile.c.o
/usr/bin/cc -D_GNU_SOURCE  -fPIE   -o CMakeFiles/cmTC_abf81.dir/CheckIncludeFile.c.o   -c "/home/ilya/Рабочий стол/eltex/json-c/CMakeFiles/CMakeTmp/CheckIncludeFile.c"
Linking C executable cmTC_abf81
/usr/bin/cmake -E cmake_link_script CMakeFiles/cmTC_abf81.dir/link.txt --verbose=1
/usr/bin/cc      -rdynamic CMakeFiles/cmTC_abf81.dir/CheckIncludeFile.c.o  -o cmTC_abf81  -lm 
make[1]: выход из каталога «/home/ilya/Рабочий стол/eltex/json-c/CMakeFiles/CMakeTmp»



Determining size of int passed with the following output:
Change Dir: /home/ilya/Рабочий стол/eltex/json-c/CMakeFiles/CMakeTmp

Run Build Command(s):/usr/bin/make cmTC_eec58/fast && /usr/bin/make -f CMakeFiles/cmTC_eec58.dir/build.make CMakeFiles/cmTC_eec58.dir/build
make[1]: вход в каталог «/home/ilya/Рабочий стол/eltex/json-c/CMakeFiles/CMakeTmp»
Building C object CMakeFiles/cmTC_eec58.dir/SIZEOF_INT.c.o
/usr/bin/cc -D_GNU_SOURCE  -fPIE   -o CMakeFiles/cmTC_eec58.dir/SIZEOF_INT.c.o   -c "/home/ilya/Рабочий стол/eltex/json-c/CMakeFiles/CheckTypeSize/SIZEOF_INT.c"
Linking C executable cmTC_eec58
/usr/bin/cmake -E cmake_link_script CMakeFiles/cmTC_eec58.dir/link.txt --verbose=1
/usr/bin/cc      -rdynamic CMakeFiles/cmTC_eec58.dir/SIZEOF_INT.c.o  -o cmTC_eec58  -lm 
make[1]: выход из каталога «/home/ilya/Рабочий стол/eltex/json-c/CMakeFiles/CMakeTmp»



Determining size of int64_t passed with the following output:
Change Dir: /home/ilya/Рабочий стол/eltex/json-c/CMakeFiles/CMakeTmp

Run Build Command(s):/usr/bin/make cmTC_f9915/fast && /usr/bin/make -f CMakeFiles/cmTC_f9915.dir/build.make CMakeFiles/cmTC_f9915.dir/build
make[1]: вход в каталог «/home/ilya/Рабочий стол/eltex/json-c/CMakeFiles/CMakeTmp»
Building C object CMakeFiles/cmTC_f9915.dir/SIZEOF_INT64_T.c.o
/usr/bin/cc -D_GNU_SOURCE  -fPIE   -o CMakeFiles/cmTC_f9915.dir/SIZEOF_INT64_T.c.o   -c "/home/ilya/Рабочий стол/eltex/json-c/CMakeFiles/CheckTypeSize/SIZEOF_INT64_T.c"
Linking C executable cmTC_f9915
/usr/bin/cmake -E cmake_link_script CMakeFiles/cmTC_f9915.dir/link.txt --verbose=1
/usr/bin/cc      -rdynamic CMakeFiles/cmTC_f9915.dir/SIZEOF_INT64_T.c.o  -o cmTC_f9915  -lm 
make[1]: выход из каталога «/home/ilya/Рабочий стол/eltex/json-c/CMakeFiles/CMakeTmp»



Determining size of long passed with the following output:
Change Dir: /home/ilya/Рабочий стол/eltex/json-c/CMakeFiles/CMakeTmp

Run Build Command(s):/usr/bin/make cmTC_f634d/fast && /usr/bin/make -f CMakeFiles/cmTC_f634d.dir/build.make CMakeFiles/cmTC_f634d.dir/build
make[1]: вход в каталог «/home/ilya/Рабочий стол/eltex/json-c/CMakeFiles/CMakeTmp»
Building C object CMakeFiles/cmTC_f634d.dir/SIZEOF_LONG.c.o
/usr/bin/cc -D_GNU_SOURCE  -fPIE   -o CMakeFiles/cmTC_f634d.dir/SIZEOF_LONG.c.o   -c "/home/ilya/Рабочий стол/eltex/json-c/CMakeFiles/CheckTypeSize/SIZEOF_LONG.c"
Linking C executable cmTC_f634d
/usr/bin/cmake -E cmake_link_script CMakeFiles/cmTC_f634d.dir/link.txt --verbose=1
/usr/bin/cc      -rdynamic CMakeFiles/cmTC_f634d.dir/SIZEOF_LONG.c.o  -o cmTC_f634d  -lm 
make[1]: выход из каталога «/home/ilya/Рабочий стол/eltex/json-c/CMakeFiles/CMakeTmp»



Determining size of long long passed with the following output:
Change Dir: /home/ilya/Рабочий стол/eltex/json-c/CMakeFiles/CMakeTmp

Run Build Command(s):/usr/bin/make cmTC_b5673/fast && /usr/bin/make -f CMakeFiles/cmTC_b5673.dir/build.make CMakeFiles/cmTC_b5673.dir/build
make[1]: вход в каталог «/home/ilya/Рабочий стол/eltex/json-c/CMakeFiles/CMakeTmp»
Building C object CMakeFiles/cmTC_b5673.dir/SIZEOF_LONG_LONG.c.o
/usr/bin/cc -D_GNU_SOURCE  -fPIE   -o CMakeFiles/cmTC_b5673.dir/SIZEOF_LONG_LONG.c.o   -c "/home/ilya/Рабочий стол/eltex/json-c/CMakeFiles/CheckTypeSize/SIZEOF_LONG_LONG.c"
Linking C executable cmTC_b5673
/usr/bin/cmake -E cmake_link_script CMakeFiles/cmTC_b5673.dir/link.txt --verbose=1
/usr/bin/cc      -rdynamic CMakeFiles/cmTC_b5673.dir/SIZEOF_LONG_LONG.c.o  -o cmTC_b5673  -lm 
make[1]: выход из каталога «/home/ilya/Рабочий стол/eltex/json-c/CMakeFiles/CMakeTmp»



Determining size of size_t passed with the following output:
Change Dir: /home/ilya/Рабочий стол/eltex/json-c/CMakeFiles/CMakeTmp

Run Build Command(s):/usr/bin/make cmTC_bb0de/fast && /usr/bin/make -f CMakeFiles/cmTC_bb0de.dir/build.make CMakeFiles/cmTC_bb0de.dir/build
make[1]: вход в каталог «/home/ilya/Рабочий стол/eltex/json-c/CMakeFiles/CMakeTmp»
Building C object CMakeFiles/cmTC_bb0de.dir/SIZEOF_SIZE_T.c.o
/usr/bin/cc -D_GNU_SOURCE  -fPIE   -o CMakeFiles/cmTC_bb0de.dir/SIZEOF_SIZE_T.c.o   -c "/home/ilya/Рабочий стол/eltex/json-c/CMakeFiles/CheckTypeSize/SIZEOF_SIZE_T.c"
Linking C executable cmTC_bb0de
/usr/bin/cmake -E cmake_link_script CMakeFiles/cmTC_bb0de.dir/link.txt --verbose=1
/usr/bin/cc      -rdynamic CMakeFiles/cmTC_bb0de.dir/SIZEOF_SIZE_T.c.o  -o cmTC_bb0de  -lm 
make[1]: выход из каталога «/home/ilya/Рабочий стол/eltex/json-c/CMakeFiles/CMakeTmp»



Determining size of ssize_t passed with the following output:
Change Dir: /home/ilya/Рабочий стол/eltex/json-c/CMakeFiles/CMakeTmp

Run Build Command(s):/usr/bin/make cmTC_031bd/fast && /usr/bin/make -f CMakeFiles/cmTC_031bd.dir/build.make CMakeFiles/cmTC_031bd.dir/build
make[1]: вход в каталог «/home/ilya/Рабочий стол/eltex/json-c/CMakeFiles/CMakeTmp»
Building C object CMakeFiles/cmTC_031bd.dir/SIZEOF_SSIZE_T.c.o
/usr/bin/cc -D_GNU_SOURCE  -fPIE   -o CMakeFiles/cmTC_031bd.dir/SIZEOF_SSIZE_T.c.o   -c "/home/ilya/Рабочий стол/eltex/json-c/CMakeFiles/CheckTypeSize/SIZEOF_SSIZE_T.c"
Linking C executable cmTC_031bd
/usr/bin/cmake -E cmake_link_script CMakeFiles/cmTC_031bd.dir/link.txt --verbose=1
/usr/bin/cc      -rdynamic CMakeFiles/cmTC_031bd.dir/SIZEOF_SSIZE_T.c.o  -o cmTC_031bd  -lm 
make[1]: выход из каталога «/home/ilya/Рабочий стол/eltex/json-c/CMakeFiles/CMakeTmp»



Performing C SOURCE FILE Test HAVE_ATOMIC_BUILTINS succeeded with the following output:
Change Dir: /home/ilya/Рабочий стол/eltex/json-c/CMakeFiles/CMakeTmp

Run Build Command(s):/usr/bin/make cmTC_23608/fast && /usr/bin/make -f CMakeFiles/cmTC_23608.dir/build.make CMakeFiles/cmTC_23608.dir/build
make[1]: вход в каталог «/home/ilya/Рабочий стол/eltex/json-c/CMakeFiles/CMakeTmp»
Building C object CMakeFiles/cmTC_23608.dir/src.c.o
/usr/bin/cc -D_GNU_SOURCE  -DHAVE_ATOMIC_BUILTINS -fPIE   -o CMakeFiles/cmTC_23608.dir/src.c.o   -c "/home/ilya/Рабочий стол/eltex/json-c/CMakeFiles/CMakeTmp/src.c"
Linking C executable cmTC_23608
/usr/bin/cmake -E cmake_link_script CMakeFiles/cmTC_23608.dir/link.txt --verbose=1
/usr/bin/cc  -DHAVE_ATOMIC_BUILTINS    -rdynamic CMakeFiles/cmTC_23608.dir/src.c.o  -o cmTC_23608  -lm 
make[1]: выход из каталога «/home/ilya/Рабочий стол/eltex/json-c/CMakeFiles/CMakeTmp»


Source file was:
int main() { int i, x = 0; i = __sync_add_and_fetch(&x,1); return x; }
Performing C SOURCE FILE Test HAVE___THREAD succeeded with the following output:
Change Dir: /home/ilya/Рабочий стол/eltex/json-c/CMakeFiles/CMakeTmp

Run Build Command(s):/usr/bin/make cmTC_3dc27/fast && /usr/bin/make -f CMakeFiles/cmTC_3dc27.dir/build.make CMakeFiles/cmTC_3dc27.dir/build
make[1]: вход в каталог «/home/ilya/Рабочий стол/eltex/json-c/CMakeFiles/CMakeTmp»
Building C object CMakeFiles/cmTC_3dc27.dir/src.c.o
/usr/bin/cc -D_GNU_SOURCE  -DHAVE___THREAD -fPIE   -o CMakeFiles/cmTC_3dc27.dir/src.c.o   -c "/home/ilya/Рабочий стол/eltex/json-c/CMakeFiles/CMakeTmp/src.c"
Linking C executable cmTC_3dc27
/usr/bin/cmake -E cmake_link_script CMakeFiles/cmTC_3dc27.dir/link.txt --verbose=1
/usr/bin/cc  -DHAVE___THREAD    -rdynamic CMakeFiles/cmTC_3dc27.dir/src.c.o  -o cmTC_3dc27  -lm 
make[1]: выход из каталога «/home/ilya/Рабочий стол/eltex/json-c/CMakeFiles/CMakeTmp»


Source file was:
__thread int x = 0; int main() { return 0; }
Performing C SOURCE FILE Test REENTRANT_WORKS succeeded with the following output:
Change Dir: /home/ilya/Рабочий стол/eltex/json-c/CMakeFiles/CMakeTmp

Run Build Command(s):/usr/bin/make cmTC_658bc/fast && /usr/bin/make -f CMakeFiles/cmTC_658bc.dir/build.make CMakeFiles/cmTC_658bc.dir/build
make[1]: вход в каталог «/home/ilya/Рабочий стол/eltex/json-c/CMakeFiles/CMakeTmp»
Building C object CMakeFiles/cmTC_658bc.dir/src.c.o
/usr/bin/cc -D_GNU_SOURCE  -ffunction-sections -fdata-sections -Werror -Wall -Wcast-qual -Wno-error=deprecated-declarations -Wextra -Wwrite-strings -Wno-unused-parameter -Wstrict-prototypes -DREENTRANT_WORKS -fPIE   -o CMakeFiles/cmTC_658bc.dir/src.c.o   -c "/home/ilya/Рабочий стол/eltex/json-c/CMakeFiles/CMakeTmp/src.c"
Linking C executable cmTC_658bc
/usr/bin/cmake -E cmake_link_script CMakeFiles/cmTC_658bc.dir/link.txt --verbose=1
/usr/bin/cc  -ffunction-sections -fdata-sections -Werror -Wall -Wcast-qual -Wno-error=deprecated-declarations -Wextra -Wwrite-strings -Wno-unused-parameter -Wstrict-prototypes -DREENTRANT_WORKS    -rdynamic CMakeFiles/cmTC_658bc.dir/src.c.o  -o cmTC_658bc  -lm 
make[1]: выход из каталога «/home/ilya/Рабочий стол/eltex/json-c/CMakeFiles/CMakeTmp»


Source file was:

	/* uClibc toolchains without threading barf when _REENTRANT is defined */
	#define _REENTRANT 1
	#include <sys/types.h>
	int main (void)
	{
	  return 0;
	}
	
Performing C SOURCE FILE Test BSYMBOLIC_WORKS succeeded with the following output:
Change Dir: /home/ilya/Рабочий стол/eltex/json-c/CMakeFiles/CMakeTmp

Run Build Command(s):/usr/bin/make cmTC_dc597/fast && /usr/bin/make -f CMakeFiles/cmTC_dc597.dir/build.make CMakeFiles/cmTC_dc597.dir/build
make[1]: вход в каталог «/home/ilya/Рабочий стол/eltex/json-c/CMakeFiles/CMakeTmp»
Building C object CMakeFiles/cmTC_dc597.dir/src.c.o
/usr/bin/cc -D_GNU_SOURCE  -ffunction-sections -fdata-sections -Werror -Wall -Wcast-qual -Wno-error=deprecated-declarations -Wextra -Wwrite-strings -Wno-unused-parameter -Wstrict-prototypes -DBSYMBOLIC_WORKS -fPIE   -o CMakeFiles/cmTC_dc597.dir/src.c.o   -c "/home/ilya/Рабочий стол/eltex/json-c/CMakeFiles/CMakeTmp/src.c"
Linking C executable cmTC_dc597
/usr/bin/cmake -E cmake_link_script CMakeFiles/cmTC_dc597.dir/link.txt --verbose=1
/usr/bin/cc  -ffunction-sections -fdata-sections -Werror -Wall -Wcast-qual -Wno-error=deprecated-declarations -Wextra -Wwrite-strings -Wno-unused-parameter -Wstrict-prototypes -DBSYMBOLIC_WORKS    -rdynamic CMakeFiles/cmTC_dc597.dir/src.c.o  -o cmTC_dc597  -lm -Wl,-Bsymbolic-functions 
make[1]: выход из каталога «/home/ilya/Рабочий стол/eltex/json-c/CMakeFiles/CMakeTmp»


Source file was:

	int main (void)
	{
	  return 0;
	}
	
